{"D:\\_a_globalbusan_xyz_investment_page\\src\\App.jsx": {"path":"D:\\_a_globalbusan_xyz_investment_page\\src\\App.jsx","statementMap":{"0":{"start":{"line":9,"column":13},"end":{"line":9,"column":47}},"1":{"start":{"line":9,"column":24},"end":{"line":9,"column":46}},"2":{"start":{"line":10,"column":15},"end":{"line":10,"column":51}},"3":{"start":{"line":10,"column":26},"end":{"line":10,"column":50}},"4":{"start":{"line":11,"column":17},"end":{"line":11,"column":55}},"5":{"start":{"line":11,"column":28},"end":{"line":11,"column":54}},"6":{"start":{"line":12,"column":22},"end":{"line":12,"column":65}},"7":{"start":{"line":12,"column":33},"end":{"line":12,"column":64}},"8":{"start":{"line":13,"column":19},"end":{"line":13,"column":59}},"9":{"start":{"line":13,"column":30},"end":{"line":13,"column":58}},"10":{"start":{"line":14,"column":14},"end":{"line":14,"column":49}},"11":{"start":{"line":14,"column":25},"end":{"line":14,"column":48}},"12":{"start":{"line":15,"column":27},"end":{"line":15,"column":75}},"13":{"start":{"line":15,"column":38},"end":{"line":15,"column":74}},"14":{"start":{"line":16,"column":17},"end":{"line":16,"column":55}},"15":{"start":{"line":16,"column":28},"end":{"line":16,"column":54}},"16":{"start":{"line":17,"column":20},"end":{"line":17,"column":61}},"17":{"start":{"line":17,"column":31},"end":{"line":17,"column":60}},"18":{"start":{"line":18,"column":16},"end":{"line":18,"column":53}},"19":{"start":{"line":18,"column":27},"end":{"line":18,"column":52}},"20":{"start":{"line":19,"column":15},"end":{"line":19,"column":51}},"21":{"start":{"line":19,"column":26},"end":{"line":19,"column":50}},"22":{"start":{"line":22,"column":19},"end":{"line":29,"column":1}},"23":{"start":{"line":23,"column":2},"end":{"line":28,"column":8}},"24":{"start":{"line":32,"column":25},"end":{"line":32,"column":140}},"25":{"start":{"line":35,"column":2},"end":{"line":58,"column":3}}},"fnMap":{"0":{"name":"(anonymous_0)","decl":{"start":{"line":9,"column":18},"end":{"line":9,"column":19}},"loc":{"start":{"line":9,"column":24},"end":{"line":9,"column":46}},"line":9},"1":{"name":"(anonymous_1)","decl":{"start":{"line":10,"column":20},"end":{"line":10,"column":21}},"loc":{"start":{"line":10,"column":26},"end":{"line":10,"column":50}},"line":10},"2":{"name":"(anonymous_2)","decl":{"start":{"line":11,"column":22},"end":{"line":11,"column":23}},"loc":{"start":{"line":11,"column":28},"end":{"line":11,"column":54}},"line":11},"3":{"name":"(anonymous_3)","decl":{"start":{"line":12,"column":27},"end":{"line":12,"column":28}},"loc":{"start":{"line":12,"column":33},"end":{"line":12,"column":64}},"line":12},"4":{"name":"(anonymous_4)","decl":{"start":{"line":13,"column":24},"end":{"line":13,"column":25}},"loc":{"start":{"line":13,"column":30},"end":{"line":13,"column":58}},"line":13},"5":{"name":"(anonymous_5)","decl":{"start":{"line":14,"column":19},"end":{"line":14,"column":20}},"loc":{"start":{"line":14,"column":25},"end":{"line":14,"column":48}},"line":14},"6":{"name":"(anonymous_6)","decl":{"start":{"line":15,"column":32},"end":{"line":15,"column":33}},"loc":{"start":{"line":15,"column":38},"end":{"line":15,"column":74}},"line":15},"7":{"name":"(anonymous_7)","decl":{"start":{"line":16,"column":22},"end":{"line":16,"column":23}},"loc":{"start":{"line":16,"column":28},"end":{"line":16,"column":54}},"line":16},"8":{"name":"(anonymous_8)","decl":{"start":{"line":17,"column":25},"end":{"line":17,"column":26}},"loc":{"start":{"line":17,"column":31},"end":{"line":17,"column":60}},"line":17},"9":{"name":"(anonymous_9)","decl":{"start":{"line":18,"column":21},"end":{"line":18,"column":22}},"loc":{"start":{"line":18,"column":27},"end":{"line":18,"column":52}},"line":18},"10":{"name":"(anonymous_10)","decl":{"start":{"line":19,"column":20},"end":{"line":19,"column":21}},"loc":{"start":{"line":19,"column":26},"end":{"line":19,"column":50}},"line":19},"11":{"name":"(anonymous_11)","decl":{"start":{"line":22,"column":19},"end":{"line":22,"column":20}},"loc":{"start":{"line":23,"column":2},"end":{"line":28,"column":8}},"line":23},"12":{"name":"App","decl":{"start":{"line":34,"column":9},"end":{"line":34,"column":12}},"loc":{"start":{"line":34,"column":15},"end":{"line":59,"column":1}},"line":34}},"branchMap":{"0":{"loc":{"start":{"line":32,"column":25},"end":{"line":32,"column":140}},"type":"binary-expr","locations":[{"start":{"line":32,"column":25},"end":{"line":32,"column":62}},{"start":{"line":32,"column":66},"end":{"line":32,"column":140}}],"line":32}},"s":{"0":0,"1":0,"2":0,"3":0,"4":0,"5":0,"6":0,"7":0,"8":0,"9":0,"10":0,"11":0,"12":0,"13":0,"14":0,"15":0,"16":0,"17":0,"18":0,"19":0,"20":0,"21":0,"22":0,"23":0,"24":0,"25":0},"f":{"0":0,"1":0,"2":0,"3":0,"4":0,"5":0,"6":0,"7":0,"8":0,"9":0,"10":0,"11":0,"12":0},"b":{"0":[0,0]}}
,"D:\\_a_globalbusan_xyz_investment_page\\src\\components\\About.jsx": {"path":"D:\\_a_globalbusan_xyz_investment_page\\src\\components\\About.jsx","statementMap":{"0":{"start":{"line":7,"column":0},"end":{"line":7,"column":35}},"1":{"start":{"line":9,"column":14},"end":{"line":61,"column":1}},"2":{"start":{"line":10,"column":2},"end":{"line":27,"column":5}},"3":{"start":{"line":11,"column":26},"end":{"line":20,"column":6}},"4":{"start":{"line":22,"column":4},"end":{"line":26,"column":7}},"5":{"start":{"line":29,"column":2},"end":{"line":60,"column":4}}},"fnMap":{"0":{"name":"(anonymous_0)","decl":{"start":{"line":9,"column":14},"end":{"line":9,"column":15}},"loc":{"start":{"line":9,"column":20},"end":{"line":61,"column":1}},"line":9},"1":{"name":"(anonymous_1)","decl":{"start":{"line":10,"column":10},"end":{"line":10,"column":11}},"loc":{"start":{"line":10,"column":16},"end":{"line":27,"column":3}},"line":10}},"branchMap":{},"s":{"0":0,"1":0,"2":0,"3":0,"4":0,"5":0},"f":{"0":0,"1":0},"b":{}}
,"D:\\_a_globalbusan_xyz_investment_page\\src\\components\\AccessibleButton.jsx": {"path":"D:\\_a_globalbusan_xyz_investment_page\\src\\components\\AccessibleButton.jsx","statementMap":{"0":{"start":{"line":18,"column":20},"end":{"line":18,"column":32}},"1":{"start":{"line":21,"column":24},"end":{"line":34,"column":3}},"2":{"start":{"line":23,"column":4},"end":{"line":28,"column":5}},"3":{"start":{"line":24,"column":6},"end":{"line":24,"column":24}},"4":{"start":{"line":25,"column":6},"end":{"line":27,"column":7}},"5":{"start":{"line":26,"column":8},"end":{"line":26,"column":18}},"6":{"start":{"line":31,"column":4},"end":{"line":33,"column":5}},"7":{"start":{"line":32,"column":6},"end":{"line":32,"column":18}},"8":{"start":{"line":37,"column":2},"end":{"line":41,"column":23}},"9":{"start":{"line":38,"column":4},"end":{"line":40,"column":5}},"10":{"start":{"line":39,"column":6},"end":{"line":39,"column":31}},"11":{"start":{"line":43,"column":2},"end":{"line":59,"column":3}}},"fnMap":{"0":{"name":"AccessibleButton","decl":{"start":{"line":7,"column":9},"end":{"line":7,"column":25}},"loc":{"start":{"line":17,"column":3},"end":{"line":60,"column":1}},"line":17},"1":{"name":"(anonymous_1)","decl":{"start":{"line":21,"column":24},"end":{"line":21,"column":25}},"loc":{"start":{"line":21,"column":31},"end":{"line":34,"column":3}},"line":21},"2":{"name":"(anonymous_2)","decl":{"start":{"line":37,"column":12},"end":{"line":37,"column":13}},"loc":{"start":{"line":37,"column":18},"end":{"line":41,"column":3}},"line":37}},"branchMap":{"0":{"loc":{"start":{"line":11,"column":2},"end":{"line":11,"column":16}},"type":"default-arg","locations":[{"start":{"line":11,"column":14},"end":{"line":11,"column":16}}],"line":11},"1":{"loc":{"start":{"line":14,"column":2},"end":{"line":14,"column":18}},"type":"default-arg","locations":[{"start":{"line":14,"column":13},"end":{"line":14,"column":18}}],"line":14},"2":{"loc":{"start":{"line":15,"column":2},"end":{"line":15,"column":17}},"type":"default-arg","locations":[{"start":{"line":15,"column":9},"end":{"line":15,"column":17}}],"line":15},"3":{"loc":{"start":{"line":23,"column":4},"end":{"line":28,"column":5}},"type":"if","locations":[{"start":{"line":23,"column":4},"end":{"line":28,"column":5}},{"start":{},"end":{}}],"line":23},"4":{"loc":{"start":{"line":23,"column":8},"end":{"line":23,"column":42}},"type":"binary-expr","locations":[{"start":{"line":23,"column":8},"end":{"line":23,"column":25}},{"start":{"line":23,"column":29},"end":{"line":23,"column":42}}],"line":23},"5":{"loc":{"start":{"line":25,"column":6},"end":{"line":27,"column":7}},"type":"if","locations":[{"start":{"line":25,"column":6},"end":{"line":27,"column":7}},{"start":{},"end":{}}],"line":25},"6":{"loc":{"start":{"line":25,"column":10},"end":{"line":25,"column":30}},"type":"binary-expr","locations":[{"start":{"line":25,"column":10},"end":{"line":25,"column":19}},{"start":{"line":25,"column":23},"end":{"line":25,"column":30}}],"line":25},"7":{"loc":{"start":{"line":31,"column":4},"end":{"line":33,"column":5}},"type":"if","locations":[{"start":{"line":31,"column":4},"end":{"line":33,"column":5}},{"start":{},"end":{}}],"line":31},"8":{"loc":{"start":{"line":38,"column":4},"end":{"line":40,"column":5}},"type":"if","locations":[{"start":{"line":38,"column":4},"end":{"line":40,"column":5}},{"start":{},"end":{}}],"line":38},"9":{"loc":{"start":{"line":38,"column":8},"end":{"line":38,"column":44}},"type":"binary-expr","locations":[{"start":{"line":38,"column":8},"end":{"line":38,"column":25}},{"start":{"line":38,"column":29},"end":{"line":38,"column":44}}],"line":38},"10":{"loc":{"start":{"line":54,"column":16},"end":{"line":54,"column":33}},"type":"cond-expr","locations":[{"start":{"line":54,"column":27},"end":{"line":54,"column":29}},{"start":{"line":54,"column":32},"end":{"line":54,"column":33}}],"line":54}},"s":{"0":0,"1":0,"2":0,"3":0,"4":0,"5":0,"6":0,"7":0,"8":0,"9":0,"10":0,"11":0},"f":{"0":0,"1":0,"2":0},"b":{"0":[0],"1":[0],"2":[0],"3":[0,0],"4":[0,0],"5":[0,0],"6":[0,0],"7":[0,0],"8":[0,0],"9":[0,0],"10":[0,0]}}
,"D:\\_a_globalbusan_xyz_investment_page\\src\\components\\AdminNavbar.jsx": {"path":"D:\\_a_globalbusan_xyz_investment_page\\src\\components\\AdminNavbar.jsx","statementMap":{"0":{"start":{"line":5,"column":20},"end":{"line":103,"column":1}},"1":{"start":{"line":6,"column":50},"end":{"line":6,"column":65}},"2":{"start":{"line":7,"column":19},"end":{"line":7,"column":32}},"3":{"start":{"line":9,"column":27},"end":{"line":11,"column":3}},"4":{"start":{"line":10,"column":4},"end":{"line":10,"column":43}},"5":{"start":{"line":13,"column":24},"end":{"line":18,"column":3}},"6":{"start":{"line":20,"column":19},"end":{"line":22,"column":3}},"7":{"start":{"line":21,"column":4},"end":{"line":21,"column":38}},"8":{"start":{"line":24,"column":2},"end":{"line":102,"column":4}},"9":{"start":{"line":40,"column":29},"end":{"line":40,"column":38}},"10":{"start":{"line":41,"column":16},"end":{"line":54,"column":18}},"11":{"start":{"line":80,"column":29},"end":{"line":80,"column":38}},"12":{"start":{"line":81,"column":16},"end":{"line":95,"column":18}},"13":{"start":{"line":90,"column":35},"end":{"line":90,"column":61}}},"fnMap":{"0":{"name":"(anonymous_0)","decl":{"start":{"line":5,"column":20},"end":{"line":5,"column":21}},"loc":{"start":{"line":5,"column":26},"end":{"line":103,"column":1}},"line":5},"1":{"name":"(anonymous_1)","decl":{"start":{"line":9,"column":27},"end":{"line":9,"column":28}},"loc":{"start":{"line":9,"column":33},"end":{"line":11,"column":3}},"line":9},"2":{"name":"(anonymous_2)","decl":{"start":{"line":20,"column":19},"end":{"line":20,"column":20}},"loc":{"start":{"line":20,"column":29},"end":{"line":22,"column":3}},"line":20},"3":{"name":"(anonymous_3)","decl":{"start":{"line":39,"column":33},"end":{"line":39,"column":34}},"loc":{"start":{"line":39,"column":50},"end":{"line":55,"column":15}},"line":39},"4":{"name":"(anonymous_4)","decl":{"start":{"line":79,"column":33},"end":{"line":79,"column":34}},"loc":{"start":{"line":79,"column":50},"end":{"line":96,"column":15}},"line":79},"5":{"name":"(anonymous_5)","decl":{"start":{"line":90,"column":29},"end":{"line":90,"column":30}},"loc":{"start":{"line":90,"column":35},"end":{"line":90,"column":61}},"line":90}},"branchMap":{"0":{"loc":{"start":{"line":46,"column":22},"end":{"line":48,"column":76}},"type":"cond-expr","locations":[{"start":{"line":47,"column":26},"end":{"line":47,"column":52}},{"start":{"line":48,"column":26},"end":{"line":48,"column":76}}],"line":46},"1":{"loc":{"start":{"line":66,"column":15},"end":{"line":70,"column":15}},"type":"cond-expr","locations":[{"start":{"line":67,"column":16},"end":{"line":67,"column":48}},{"start":{"line":69,"column":16},"end":{"line":69,"column":47}}],"line":66},"2":{"loc":{"start":{"line":76,"column":9},"end":{"line":99,"column":9}},"type":"binary-expr","locations":[{"start":{"line":76,"column":9},"end":{"line":76,"column":25}},{"start":{"line":77,"column":10},"end":{"line":98,"column":16}}],"line":76},"3":{"loc":{"start":{"line":86,"column":22},"end":{"line":88,"column":76}},"type":"cond-expr","locations":[{"start":{"line":87,"column":26},"end":{"line":87,"column":52}},{"start":{"line":88,"column":26},"end":{"line":88,"column":76}}],"line":86}},"s":{"0":0,"1":0,"2":0,"3":0,"4":0,"5":0,"6":0,"7":0,"8":0,"9":0,"10":0,"11":0,"12":0,"13":0},"f":{"0":0,"1":0,"2":0,"3":0,"4":0,"5":0},"b":{"0":[0,0],"1":[0,0],"2":[0,0],"3":[0,0]}}
,"D:\\_a_globalbusan_xyz_investment_page\\src\\components\\AnimatedTitle.jsx": {"path":"D:\\_a_globalbusan_xyz_investment_page\\src\\components\\AnimatedTitle.jsx","statementMap":{"0":{"start":{"line":6,"column":0},"end":{"line":6,"column":35}},"1":{"start":{"line":8,"column":22},"end":{"line":55,"column":1}},"2":{"start":{"line":9,"column":23},"end":{"line":9,"column":35}},"3":{"start":{"line":11,"column":2},"end":{"line":35,"column":9}},"4":{"start":{"line":12,"column":16},"end":{"line":32,"column":20}},"5":{"start":{"line":13,"column":29},"end":{"line":20,"column":8}},"6":{"start":{"line":22,"column":6},"end":{"line":31,"column":8}},"7":{"start":{"line":34,"column":4},"end":{"line":34,"column":30}},"8":{"start":{"line":34,"column":17},"end":{"line":34,"column":29}},"9":{"start":{"line":37,"column":2},"end":{"line":54,"column":4}},"10":{"start":{"line":40,"column":8},"end":{"line":51,"column":14}},"11":{"start":{"line":45,"column":12},"end":{"line":49,"column":14}}},"fnMap":{"0":{"name":"(anonymous_0)","decl":{"start":{"line":8,"column":22},"end":{"line":8,"column":23}},"loc":{"start":{"line":8,"column":53},"end":{"line":55,"column":1}},"line":8},"1":{"name":"(anonymous_1)","decl":{"start":{"line":11,"column":12},"end":{"line":11,"column":13}},"loc":{"start":{"line":11,"column":18},"end":{"line":35,"column":3}},"line":11},"2":{"name":"(anonymous_2)","decl":{"start":{"line":12,"column":29},"end":{"line":12,"column":30}},"loc":{"start":{"line":12,"column":35},"end":{"line":32,"column":5}},"line":12},"3":{"name":"(anonymous_3)","decl":{"start":{"line":34,"column":11},"end":{"line":34,"column":12}},"loc":{"start":{"line":34,"column":17},"end":{"line":34,"column":29}},"line":34},"4":{"name":"(anonymous_4)","decl":{"start":{"line":39,"column":33},"end":{"line":39,"column":34}},"loc":{"start":{"line":40,"column":8},"end":{"line":51,"column":14}},"line":40},"5":{"name":"(anonymous_5)","decl":{"start":{"line":44,"column":31},"end":{"line":44,"column":32}},"loc":{"start":{"line":45,"column":12},"end":{"line":49,"column":14}},"line":45}},"branchMap":{},"s":{"0":0,"1":0,"2":0,"3":0,"4":0,"5":0,"6":0,"7":0,"8":0,"9":0,"10":0,"11":0},"f":{"0":0,"1":0,"2":0,"3":0,"4":0,"5":0},"b":{}}
,"D:\\_a_globalbusan_xyz_investment_page\\src\\components\\BottomNav.jsx": {"path":"D:\\_a_globalbusan_xyz_investment_page\\src\\components\\BottomNav.jsx","statementMap":{"0":{"start":{"line":5,"column":18},"end":{"line":48,"column":1}},"1":{"start":{"line":6,"column":21},"end":{"line":6,"column":34}},"2":{"start":{"line":7,"column":18},"end":{"line":7,"column":34}},"3":{"start":{"line":9,"column":21},"end":{"line":15,"column":5}},"4":{"start":{"line":17,"column":21},"end":{"line":17,"column":57}},"5":{"start":{"line":17,"column":31},"end":{"line":17,"column":57}},"6":{"start":{"line":19,"column":4},"end":{"line":47,"column":6}},"7":{"start":{"line":23,"column":33},"end":{"line":23,"column":42}},"8":{"start":{"line":24,"column":35},"end":{"line":24,"column":54}},"9":{"start":{"line":26,"column":20},"end":{"line":43,"column":22}}},"fnMap":{"0":{"name":"(anonymous_0)","decl":{"start":{"line":5,"column":18},"end":{"line":5,"column":19}},"loc":{"start":{"line":5,"column":24},"end":{"line":48,"column":1}},"line":5},"1":{"name":"(anonymous_1)","decl":{"start":{"line":17,"column":21},"end":{"line":17,"column":22}},"loc":{"start":{"line":17,"column":31},"end":{"line":17,"column":57}},"line":17},"2":{"name":"(anonymous_2)","decl":{"start":{"line":22,"column":30},"end":{"line":22,"column":31}},"loc":{"start":{"line":22,"column":40},"end":{"line":44,"column":17}},"line":22}},"branchMap":{"0":{"loc":{"start":{"line":30,"column":126},"end":{"line":32,"column":73}},"type":"cond-expr","locations":[{"start":{"line":31,"column":38},"end":{"line":31,"column":53}},{"start":{"line":32,"column":38},"end":{"line":32,"column":73}}],"line":30},"1":{"loc":{"start":{"line":35,"column":61},"end":{"line":35,"column":86}},"type":"cond-expr","locations":[{"start":{"line":35,"column":70},"end":{"line":35,"column":81}},{"start":{"line":35,"column":84},"end":{"line":35,"column":86}}],"line":35},"2":{"loc":{"start":{"line":36,"column":68},"end":{"line":36,"column":97}},"type":"cond-expr","locations":[{"start":{"line":36,"column":77},"end":{"line":36,"column":92}},{"start":{"line":36,"column":95},"end":{"line":36,"column":97}}],"line":36},"3":{"loc":{"start":{"line":39,"column":29},"end":{"line":41,"column":29}},"type":"binary-expr","locations":[{"start":{"line":39,"column":29},"end":{"line":39,"column":35}},{"start":{"line":40,"column":32},"end":{"line":40,"column":105}}],"line":39}},"s":{"0":0,"1":0,"2":0,"3":0,"4":0,"5":0,"6":0,"7":0,"8":0,"9":0},"f":{"0":0,"1":0,"2":0},"b":{"0":[0,0],"1":[0,0],"2":[0,0],"3":[0,0]}}
,"D:\\_a_globalbusan_xyz_investment_page\\src\\components\\Button.jsx": {"path":"D:\\_a_globalbusan_xyz_investment_page\\src\\components\\Button.jsx","statementMap":{"0":{"start":{"line":3,"column":15},"end":{"line":26,"column":1}},"1":{"start":{"line":4,"column":2},"end":{"line":25,"column":4}}},"fnMap":{"0":{"name":"(anonymous_0)","decl":{"start":{"line":3,"column":15},"end":{"line":3,"column":16}},"loc":{"start":{"line":3,"column":71},"end":{"line":26,"column":1}},"line":3}},"branchMap":{},"s":{"0":2,"1":9},"f":{"0":9},"b":{},"_coverageSchema":"1a1c01bbd47fc00a2c39e90264f33305004495a9","hash":"8394aaca9cccacf99f80867e3c26711ce22e183c"}
,"D:\\_a_globalbusan_xyz_investment_page\\src\\components\\ConnectionStatus.jsx": {"path":"D:\\_a_globalbusan_xyz_investment_page\\src\\components\\ConnectionStatus.jsx","statementMap":{"0":{"start":{"line":5,"column":25},"end":{"line":100,"column":1}},"1":{"start":{"line":6,"column":30},"end":{"line":6,"column":56}},"2":{"start":{"line":7,"column":36},"end":{"line":7,"column":51}},"3":{"start":{"line":9,"column":2},"end":{"line":16,"column":8}},"4":{"start":{"line":11,"column":21},"end":{"line":13,"column":12}},"5":{"start":{"line":12,"column":6},"end":{"line":12,"column":33}},"6":{"start":{"line":15,"column":4},"end":{"line":15,"column":40}},"7":{"start":{"line":15,"column":17},"end":{"line":15,"column":40}},"8":{"start":{"line":18,"column":22},"end":{"line":21,"column":3}},"9":{"start":{"line":19,"column":22},"end":{"line":19,"column":53}},"10":{"start":{"line":20,"column":4},"end":{"line":20,"column":56}},"11":{"start":{"line":23,"column":24},"end":{"line":31,"column":3}},"12":{"start":{"line":24,"column":4},"end":{"line":30,"column":5}},"13":{"start":{"line":25,"column":6},"end":{"line":25,"column":57}},"14":{"start":{"line":26,"column":11},"end":{"line":30,"column":5}},"15":{"start":{"line":27,"column":6},"end":{"line":27,"column":66}},"16":{"start":{"line":29,"column":6},"end":{"line":29,"column":49}},"17":{"start":{"line":33,"column":24},"end":{"line":41,"column":3}},"18":{"start":{"line":34,"column":4},"end":{"line":40,"column":5}},"19":{"start":{"line":35,"column":6},"end":{"line":35,"column":25}},"20":{"start":{"line":36,"column":11},"end":{"line":40,"column":5}},"21":{"start":{"line":37,"column":6},"end":{"line":37,"column":23}},"22":{"start":{"line":39,"column":6},"end":{"line":39,"column":22}},"23":{"start":{"line":43,"column":25},"end":{"line":51,"column":3}},"24":{"start":{"line":44,"column":4},"end":{"line":50,"column":5}},"25":{"start":{"line":45,"column":6},"end":{"line":45,"column":59}},"26":{"start":{"line":46,"column":11},"end":{"line":50,"column":5}},"27":{"start":{"line":47,"column":6},"end":{"line":47,"column":62}},"28":{"start":{"line":49,"column":6},"end":{"line":49,"column":53}},"29":{"start":{"line":54,"column":2},"end":{"line":56,"column":3}},"30":{"start":{"line":55,"column":4},"end":{"line":55,"column":15}},"31":{"start":{"line":58,"column":2},"end":{"line":99,"column":3}},"32":{"start":{"line":90,"column":29},"end":{"line":90,"column":48}}},"fnMap":{"0":{"name":"(anonymous_0)","decl":{"start":{"line":5,"column":25},"end":{"line":5,"column":26}},"loc":{"start":{"line":5,"column":31},"end":{"line":100,"column":1}},"line":5},"1":{"name":"(anonymous_1)","decl":{"start":{"line":9,"column":12},"end":{"line":9,"column":13}},"loc":{"start":{"line":9,"column":18},"end":{"line":16,"column":3}},"line":9},"2":{"name":"(anonymous_2)","decl":{"start":{"line":11,"column":33},"end":{"line":11,"column":34}},"loc":{"start":{"line":11,"column":39},"end":{"line":13,"column":5}},"line":11},"3":{"name":"(anonymous_3)","decl":{"start":{"line":15,"column":11},"end":{"line":15,"column":12}},"loc":{"start":{"line":15,"column":17},"end":{"line":15,"column":40}},"line":15},"4":{"name":"(anonymous_4)","decl":{"start":{"line":18,"column":22},"end":{"line":18,"column":23}},"loc":{"start":{"line":18,"column":34},"end":{"line":21,"column":3}},"line":18},"5":{"name":"(anonymous_5)","decl":{"start":{"line":23,"column":24},"end":{"line":23,"column":25}},"loc":{"start":{"line":23,"column":30},"end":{"line":31,"column":3}},"line":23},"6":{"name":"(anonymous_6)","decl":{"start":{"line":33,"column":24},"end":{"line":33,"column":25}},"loc":{"start":{"line":33,"column":30},"end":{"line":41,"column":3}},"line":33},"7":{"name":"(anonymous_7)","decl":{"start":{"line":43,"column":25},"end":{"line":43,"column":26}},"loc":{"start":{"line":43,"column":31},"end":{"line":51,"column":3}},"line":43},"8":{"name":"(anonymous_8)","decl":{"start":{"line":90,"column":23},"end":{"line":90,"column":24}},"loc":{"start":{"line":90,"column":29},"end":{"line":90,"column":48}},"line":90}},"branchMap":{"0":{"loc":{"start":{"line":24,"column":4},"end":{"line":30,"column":5}},"type":"if","locations":[{"start":{"line":24,"column":4},"end":{"line":30,"column":5}},{"start":{"line":26,"column":11},"end":{"line":30,"column":5}}],"line":24},"1":{"loc":{"start":{"line":26,"column":11},"end":{"line":30,"column":5}},"type":"if","locations":[{"start":{"line":26,"column":11},"end":{"line":30,"column":5}},{"start":{"line":28,"column":11},"end":{"line":30,"column":5}}],"line":26},"2":{"loc":{"start":{"line":34,"column":4},"end":{"line":40,"column":5}},"type":"if","locations":[{"start":{"line":34,"column":4},"end":{"line":40,"column":5}},{"start":{"line":36,"column":11},"end":{"line":40,"column":5}}],"line":34},"3":{"loc":{"start":{"line":36,"column":11},"end":{"line":40,"column":5}},"type":"if","locations":[{"start":{"line":36,"column":11},"end":{"line":40,"column":5}},{"start":{"line":38,"column":11},"end":{"line":40,"column":5}}],"line":36},"4":{"loc":{"start":{"line":44,"column":4},"end":{"line":50,"column":5}},"type":"if","locations":[{"start":{"line":44,"column":4},"end":{"line":50,"column":5}},{"start":{"line":46,"column":11},"end":{"line":50,"column":5}}],"line":44},"5":{"loc":{"start":{"line":46,"column":11},"end":{"line":50,"column":5}},"type":"if","locations":[{"start":{"line":46,"column":11},"end":{"line":50,"column":5}},{"start":{"line":48,"column":11},"end":{"line":50,"column":5}}],"line":46},"6":{"loc":{"start":{"line":54,"column":2},"end":{"line":56,"column":3}},"type":"if","locations":[{"start":{"line":54,"column":2},"end":{"line":56,"column":3}},{"start":{},"end":{}}],"line":54},"7":{"loc":{"start":{"line":54,"column":6},"end":{"line":54,"column":36}},"type":"binary-expr","locations":[{"start":{"line":54,"column":6},"end":{"line":54,"column":22}},{"start":{"line":54,"column":26},"end":{"line":54,"column":36}}],"line":54},"8":{"loc":{"start":{"line":60,"column":6},"end":{"line":60,"column":72}},"type":"cond-expr","locations":[{"start":{"line":60,"column":25},"end":{"line":60,"column":56}},{"start":{"line":60,"column":59},"end":{"line":60,"column":72}}],"line":60},"9":{"loc":{"start":{"line":68,"column":15},"end":{"line":74,"column":15}},"type":"binary-expr","locations":[{"start":{"line":68,"column":15},"end":{"line":68,"column":27}},{"start":{"line":69,"column":16},"end":{"line":73,"column":20}}],"line":68},"10":{"loc":{"start":{"line":70,"column":19},"end":{"line":72,"column":34}},"type":"cond-expr","locations":[{"start":{"line":71,"column":22},"end":{"line":71,"column":39}},{"start":{"line":72,"column":22},"end":{"line":72,"column":34}}],"line":70},"11":{"loc":{"start":{"line":75,"column":15},"end":{"line":79,"column":15}},"type":"binary-expr","locations":[{"start":{"line":75,"column":15},"end":{"line":75,"column":33}},{"start":{"line":76,"column":16},"end":{"line":78,"column":20}}],"line":75}},"s":{"0":0,"1":0,"2":0,"3":0,"4":0,"5":0,"6":0,"7":0,"8":0,"9":0,"10":0,"11":0,"12":0,"13":0,"14":0,"15":0,"16":0,"17":0,"18":0,"19":0,"20":0,"21":0,"22":0,"23":0,"24":0,"25":0,"26":0,"27":0,"28":0,"29":0,"30":0,"31":0,"32":0},"f":{"0":0,"1":0,"2":0,"3":0,"4":0,"5":0,"6":0,"7":0,"8":0},"b":{"0":[0,0],"1":[0,0],"2":[0,0],"3":[0,0],"4":[0,0],"5":[0,0],"6":[0,0],"7":[0,0],"8":[0,0],"9":[0,0],"10":[0,0],"11":[0,0]}}
,"D:\\_a_globalbusan_xyz_investment_page\\src\\components\\Contact.jsx": {"path":"D:\\_a_globalbusan_xyz_investment_page\\src\\components\\Contact.jsx","statementMap":{"0":{"start":{"line":4,"column":16},"end":{"line":100,"column":1}},"1":{"start":{"line":5,"column":2},"end":{"line":99,"column":4}}},"fnMap":{"0":{"name":"(anonymous_0)","decl":{"start":{"line":4,"column":16},"end":{"line":4,"column":17}},"loc":{"start":{"line":4,"column":22},"end":{"line":100,"column":1}},"line":4}},"branchMap":{},"s":{"0":1,"1":2},"f":{"0":2},"b":{},"_coverageSchema":"1a1c01bbd47fc00a2c39e90264f33305004495a9","hash":"d62f7132bf9437c48759f9b670a2f84f2e6a2e54"}
,"D:\\_a_globalbusan_xyz_investment_page\\src\\components\\Donors.jsx": {"path":"D:\\_a_globalbusan_xyz_investment_page\\src\\components\\Donors.jsx","statementMap":{"0":{"start":{"line":7,"column":15},"end":{"line":225,"column":1}},"1":{"start":{"line":8,"column":30},"end":{"line":8,"column":42}},"2":{"start":{"line":9,"column":36},"end":{"line":9,"column":48}},"3":{"start":{"line":10,"column":42},"end":{"line":10,"column":54}},"4":{"start":{"line":11,"column":32},"end":{"line":11,"column":46}},"5":{"start":{"line":13,"column":2},"end":{"line":15,"column":8}},"6":{"start":{"line":14,"column":4},"end":{"line":14,"column":16}},"7":{"start":{"line":17,"column":21},"end":{"line":75,"column":3}},"8":{"start":{"line":18,"column":4},"end":{"line":74,"column":5}},"9":{"start":{"line":19,"column":6},"end":{"line":19,"column":22}},"10":{"start":{"line":22,"column":47},"end":{"line":25,"column":8}},"11":{"start":{"line":28,"column":23},"end":{"line":28,"column":32}},"12":{"start":{"line":30,"column":6},"end":{"line":53,"column":8}},"13":{"start":{"line":31,"column":27},"end":{"line":31,"column":49}},"14":{"start":{"line":32,"column":25},"end":{"line":32,"column":74}},"15":{"start":{"line":32,"column":52},"end":{"line":32,"column":73}},"16":{"start":{"line":33,"column":26},"end":{"line":33,"column":74}},"17":{"start":{"line":35,"column":8},"end":{"line":44,"column":9}},"18":{"start":{"line":36,"column":10},"end":{"line":43,"column":12}},"19":{"start":{"line":46,"column":22},"end":{"line":46,"column":46}},"20":{"start":{"line":47,"column":8},"end":{"line":47,"column":63}},"21":{"start":{"line":48,"column":8},"end":{"line":48,"column":32}},"22":{"start":{"line":50,"column":8},"end":{"line":52,"column":9}},"23":{"start":{"line":51,"column":10},"end":{"line":51,"column":57}},"24":{"start":{"line":55,"column":25},"end":{"line":55,"column":54}},"25":{"start":{"line":56,"column":6},"end":{"line":56,"column":27}},"26":{"start":{"line":59,"column":29},"end":{"line":59,"column":90}},"27":{"start":{"line":59,"column":60},"end":{"line":59,"column":89}},"28":{"start":{"line":60,"column":6},"end":{"line":60,"column":47}},"29":{"start":{"line":63,"column":27},"end":{"line":65,"column":7}},"30":{"start":{"line":64,"column":8},"end":{"line":64,"column":59}},"31":{"start":{"line":66,"column":6},"end":{"line":66,"column":48}},"32":{"start":{"line":68,"column":6},"end":{"line":68,"column":44}},"33":{"start":{"line":69,"column":6},"end":{"line":69,"column":19}},"34":{"start":{"line":70,"column":6},"end":{"line":70,"column":22}},"35":{"start":{"line":71,"column":6},"end":{"line":71,"column":25}},"36":{"start":{"line":73,"column":6},"end":{"line":73,"column":23}},"37":{"start":{"line":77,"column":2},"end":{"line":88,"column":3}},"38":{"start":{"line":78,"column":4},"end":{"line":87,"column":5}},"39":{"start":{"line":90,"column":2},"end":{"line":224,"column":3}},"40":{"start":{"line":124,"column":16},"end":{"line":154,"column":22}},"41":{"start":{"line":174,"column":16},"end":{"line":206,"column":22}}},"fnMap":{"0":{"name":"(anonymous_0)","decl":{"start":{"line":7,"column":15},"end":{"line":7,"column":16}},"loc":{"start":{"line":7,"column":21},"end":{"line":225,"column":1}},"line":7},"1":{"name":"(anonymous_1)","decl":{"start":{"line":13,"column":12},"end":{"line":13,"column":13}},"loc":{"start":{"line":13,"column":18},"end":{"line":15,"column":3}},"line":13},"2":{"name":"(anonymous_2)","decl":{"start":{"line":17,"column":21},"end":{"line":17,"column":22}},"loc":{"start":{"line":17,"column":33},"end":{"line":75,"column":3}},"line":17},"3":{"name":"(anonymous_3)","decl":{"start":{"line":30,"column":31},"end":{"line":30,"column":32}},"loc":{"start":{"line":30,"column":45},"end":{"line":53,"column":7}},"line":30},"4":{"name":"(anonymous_4)","decl":{"start":{"line":32,"column":45},"end":{"line":32,"column":46}},"loc":{"start":{"line":32,"column":52},"end":{"line":32,"column":73}},"line":32},"5":{"name":"(anonymous_5)","decl":{"start":{"line":59,"column":50},"end":{"line":59,"column":51}},"loc":{"start":{"line":59,"column":60},"end":{"line":59,"column":89}},"line":59},"6":{"name":"(anonymous_6)","decl":{"start":{"line":63,"column":48},"end":{"line":63,"column":49}},"loc":{"start":{"line":64,"column":8},"end":{"line":64,"column":59}},"line":64},"7":{"name":"(anonymous_7)","decl":{"start":{"line":123,"column":29},"end":{"line":123,"column":30}},"loc":{"start":{"line":124,"column":16},"end":{"line":154,"column":22}},"line":124},"8":{"name":"(anonymous_8)","decl":{"start":{"line":173,"column":32},"end":{"line":173,"column":33}},"loc":{"start":{"line":174,"column":16},"end":{"line":206,"column":22}},"line":174}},"branchMap":{"0":{"loc":{"start":{"line":33,"column":26},"end":{"line":33,"column":74}},"type":"binary-expr","locations":[{"start":{"line":33,"column":26},"end":{"line":33,"column":40}},{"start":{"line":33,"column":44},"end":{"line":33,"column":59}},{"start":{"line":33,"column":63},"end":{"line":33,"column":74}}],"line":33},"1":{"loc":{"start":{"line":35,"column":8},"end":{"line":44,"column":9}},"type":"if","locations":[{"start":{"line":35,"column":8},"end":{"line":44,"column":9}},{"start":{},"end":{}}],"line":35},"2":{"loc":{"start":{"line":39,"column":19},"end":{"line":39,"column":40}},"type":"binary-expr","locations":[{"start":{"line":39,"column":19},"end":{"line":39,"column":34}},{"start":{"line":39,"column":38},"end":{"line":39,"column":40}}],"line":39},"3":{"loc":{"start":{"line":47,"column":40},"end":{"line":47,"column":62}},"type":"binary-expr","locations":[{"start":{"line":47,"column":40},"end":{"line":47,"column":57}},{"start":{"line":47,"column":61},"end":{"line":47,"column":62}}],"line":47},"4":{"loc":{"start":{"line":50,"column":8},"end":{"line":52,"column":9}},"type":"if","locations":[{"start":{"line":50,"column":8},"end":{"line":52,"column":9}},{"start":{},"end":{}}],"line":50},"5":{"loc":{"start":{"line":77,"column":2},"end":{"line":88,"column":3}},"type":"if","locations":[{"start":{"line":77,"column":2},"end":{"line":88,"column":3}},{"start":{},"end":{}}],"line":77},"6":{"loc":{"start":{"line":117,"column":11},"end":{"line":157,"column":11}},"type":"cond-expr","locations":[{"start":{"line":118,"column":12},"end":{"line":120,"column":18}},{"start":{"line":122,"column":12},"end":{"line":156,"column":18}}],"line":117},"7":{"loc":{"start":{"line":130,"column":22},"end":{"line":133,"column":35}},"type":"cond-expr","locations":[{"start":{"line":130,"column":36},"end":{"line":130,"column":51}},{"start":{"line":131,"column":22},"end":{"line":133,"column":35}}],"line":130},"8":{"loc":{"start":{"line":131,"column":22},"end":{"line":133,"column":35}},"type":"cond-expr","locations":[{"start":{"line":131,"column":36},"end":{"line":131,"column":49}},{"start":{"line":132,"column":22},"end":{"line":133,"column":35}}],"line":131},"9":{"loc":{"start":{"line":132,"column":22},"end":{"line":133,"column":35}},"type":"cond-expr","locations":[{"start":{"line":132,"column":36},"end":{"line":132,"column":51}},{"start":{"line":133,"column":22},"end":{"line":133,"column":35}}],"line":132},"10":{"loc":{"start":{"line":137,"column":21},"end":{"line":143,"column":21}},"type":"binary-expr","locations":[{"start":{"line":137,"column":21},"end":{"line":137,"column":30}},{"start":{"line":138,"column":22},"end":{"line":142,"column":28}}],"line":137},"11":{"loc":{"start":{"line":139,"column":24},"end":{"line":141,"column":41}},"type":"cond-expr","locations":[{"start":{"line":139,"column":38},"end":{"line":139,"column":55}},{"start":{"line":140,"column":24},"end":{"line":141,"column":41}}],"line":139},"12":{"loc":{"start":{"line":140,"column":24},"end":{"line":141,"column":41}},"type":"cond-expr","locations":[{"start":{"line":140,"column":38},"end":{"line":140,"column":53}},{"start":{"line":141,"column":24},"end":{"line":141,"column":41}}],"line":140},"13":{"loc":{"start":{"line":167,"column":11},"end":{"line":209,"column":11}},"type":"cond-expr","locations":[{"start":{"line":168,"column":12},"end":{"line":170,"column":18}},{"start":{"line":172,"column":12},"end":{"line":208,"column":18}}],"line":167},"14":{"loc":{"start":{"line":187,"column":25},"end":{"line":187,"column":44}},"type":"binary-expr","locations":[{"start":{"line":187,"column":25},"end":{"line":187,"column":36}},{"start":{"line":187,"column":40},"end":{"line":187,"column":44}}],"line":187}},"s":{"0":1,"1":4,"2":4,"3":4,"4":4,"5":4,"6":2,"7":4,"8":2,"9":2,"10":2,"11":0,"12":0,"13":0,"14":0,"15":0,"16":0,"17":0,"18":0,"19":0,"20":0,"21":0,"22":0,"23":0,"24":0,"25":0,"26":0,"27":0,"28":0,"29":0,"30":0,"31":0,"32":2,"33":2,"34":2,"35":2,"36":2,"37":4,"38":2,"39":2,"40":0,"41":0},"f":{"0":4,"1":2,"2":2,"3":0,"4":0,"5":0,"6":0,"7":0,"8":0},"b":{"0":[0,0,0],"1":[0,0],"2":[0,0],"3":[0,0],"4":[0,0],"5":[2,2],"6":[2,0],"7":[0,0],"8":[0,0],"9":[0,0],"10":[0,0],"11":[0,0],"12":[0,0],"13":[2,0],"14":[0,0]},"_coverageSchema":"1a1c01bbd47fc00a2c39e90264f33305004495a9","hash":"2faa41f9de534be4c5c9db1da9b90b8b641151e0"}
,"D:\\_a_globalbusan_xyz_investment_page\\src\\components\\EquityStructure.jsx": {"path":"D:\\_a_globalbusan_xyz_investment_page\\src\\components\\EquityStructure.jsx","statementMap":{"0":{"start":{"line":9,"column":0},"end":{"line":9,"column":35}},"1":{"start":{"line":11,"column":24},"end":{"line":330,"column":1}},"2":{"start":{"line":12,"column":44},"end":{"line":18,"column":6}},"3":{"start":{"line":19,"column":34},"end":{"line":19,"column":48}},"4":{"start":{"line":20,"column":38},"end":{"line":20,"column":53}},"5":{"start":{"line":22,"column":4},"end":{"line":24,"column":11}},"6":{"start":{"line":23,"column":8},"end":{"line":23,"column":27}},"7":{"start":{"line":26,"column":29},"end":{"line":96,"column":5}},"8":{"start":{"line":27,"column":8},"end":{"line":95,"column":9}},"9":{"start":{"line":28,"column":86},"end":{"line":33,"column":14}},"10":{"start":{"line":35,"column":32},"end":{"line":35,"column":63}},"11":{"start":{"line":36,"column":31},"end":{"line":36,"column":66}},"12":{"start":{"line":37,"column":36},"end":{"line":37,"column":81}},"13":{"start":{"line":40,"column":36},"end":{"line":45,"column":15}},"14":{"start":{"line":40,"column":93},"end":{"line":45,"column":13}},"15":{"start":{"line":48,"column":30},"end":{"line":67,"column":19}},"16":{"start":{"line":50,"column":37},"end":{"line":50,"column":114}},"17":{"start":{"line":50,"column":55},"end":{"line":50,"column":113}},"18":{"start":{"line":51,"column":20},"end":{"line":59,"column":21}},"19":{"start":{"line":52,"column":24},"end":{"line":52,"column":61}},"20":{"start":{"line":54,"column":24},"end":{"line":58,"column":27}},"21":{"start":{"line":60,"column":20},"end":{"line":60,"column":31}},"22":{"start":{"line":62,"column":32},"end":{"line":62,"column":51}},"23":{"start":{"line":64,"column":31},"end":{"line":67,"column":17}},"24":{"start":{"line":69,"column":12},"end":{"line":75,"column":15}},"25":{"start":{"line":77,"column":12},"end":{"line":77,"column":50}},"26":{"start":{"line":79,"column":12},"end":{"line":92,"column":15}},"27":{"start":{"line":94,"column":12},"end":{"line":94,"column":30}},"28":{"start":{"line":98,"column":4},"end":{"line":124,"column":32}},"29":{"start":{"line":100,"column":8},"end":{"line":102,"column":9}},"30":{"start":{"line":101,"column":12},"end":{"line":101,"column":19}},"31":{"start":{"line":105,"column":28},"end":{"line":105,"column":69}},"32":{"start":{"line":106,"column":8},"end":{"line":123,"column":9}},"33":{"start":{"line":107,"column":12},"end":{"line":122,"column":14}},"34":{"start":{"line":126,"column":24},"end":{"line":138,"column":5}},"35":{"start":{"line":127,"column":8},"end":{"line":137,"column":9}},"36":{"start":{"line":128,"column":12},"end":{"line":132,"column":15}},"37":{"start":{"line":135,"column":12},"end":{"line":135,"column":64}},"38":{"start":{"line":136,"column":12},"end":{"line":136,"column":47}},"39":{"start":{"line":140,"column":27},"end":{"line":148,"column":5}},"40":{"start":{"line":141,"column":8},"end":{"line":147,"column":9}},"41":{"start":{"line":142,"column":24},"end":{"line":142,"column":70}},"42":{"start":{"line":143,"column":12},"end":{"line":143,"column":69}},"43":{"start":{"line":145,"column":12},"end":{"line":145,"column":47}},"44":{"start":{"line":146,"column":12},"end":{"line":146,"column":55}},"45":{"start":{"line":150,"column":4},"end":{"line":329,"column":6}},"46":{"start":{"line":229,"column":36},"end":{"line":238,"column":42}},"47":{"start":{"line":260,"column":36},"end":{"line":269,"column":42}},"48":{"start":{"line":291,"column":40},"end":{"line":296,"column":41}},"49":{"start":{"line":292,"column":61},"end":{"line":292,"column":103}},"50":{"start":{"line":293,"column":44},"end":{"line":295,"column":45}},"51":{"start":{"line":294,"column":48},"end":{"line":294,"column":118}}},"fnMap":{"0":{"name":"(anonymous_0)","decl":{"start":{"line":11,"column":24},"end":{"line":11,"column":25}},"loc":{"start":{"line":11,"column":30},"end":{"line":330,"column":1}},"line":11},"1":{"name":"(anonymous_1)","decl":{"start":{"line":22,"column":14},"end":{"line":22,"column":15}},"loc":{"start":{"line":22,"column":20},"end":{"line":24,"column":5}},"line":22},"2":{"name":"(anonymous_2)","decl":{"start":{"line":26,"column":29},"end":{"line":26,"column":30}},"loc":{"start":{"line":26,"column":41},"end":{"line":96,"column":5}},"line":26},"3":{"name":"(anonymous_3)","decl":{"start":{"line":40,"column":78},"end":{"line":40,"column":79}},"loc":{"start":{"line":40,"column":93},"end":{"line":45,"column":13}},"line":40},"4":{"name":"(anonymous_4)","decl":{"start":{"line":49,"column":24},"end":{"line":49,"column":25}},"loc":{"start":{"line":49,"column":45},"end":{"line":61,"column":17}},"line":49},"5":{"name":"(anonymous_5)","decl":{"start":{"line":50,"column":46},"end":{"line":50,"column":47}},"loc":{"start":{"line":50,"column":55},"end":{"line":50,"column":113}},"line":50},"6":{"name":"(anonymous_6)","decl":{"start":{"line":62,"column":22},"end":{"line":62,"column":23}},"loc":{"start":{"line":62,"column":32},"end":{"line":62,"column":51}},"line":62},"7":{"name":"(anonymous_7)","decl":{"start":{"line":64,"column":21},"end":{"line":64,"column":22}},"loc":{"start":{"line":64,"column":31},"end":{"line":67,"column":17}},"line":64},"8":{"name":"(anonymous_8)","decl":{"start":{"line":98,"column":12},"end":{"line":98,"column":13}},"loc":{"start":{"line":98,"column":18},"end":{"line":124,"column":5}},"line":98},"9":{"name":"(anonymous_9)","decl":{"start":{"line":126,"column":24},"end":{"line":126,"column":25}},"loc":{"start":{"line":126,"column":30},"end":{"line":138,"column":5}},"line":126},"10":{"name":"(anonymous_10)","decl":{"start":{"line":140,"column":27},"end":{"line":140,"column":28}},"loc":{"start":{"line":140,"column":39},"end":{"line":148,"column":5}},"line":140},"11":{"name":"(anonymous_11)","decl":{"start":{"line":228,"column":59},"end":{"line":228,"column":60}},"loc":{"start":{"line":229,"column":36},"end":{"line":238,"column":42}},"line":229},"12":{"name":"(anonymous_12)","decl":{"start":{"line":259,"column":65},"end":{"line":259,"column":66}},"loc":{"start":{"line":260,"column":36},"end":{"line":269,"column":42}},"line":260},"13":{"name":"(anonymous_13)","decl":{"start":{"line":290,"column":45},"end":{"line":290,"column":46}},"loc":{"start":{"line":290,"column":51},"end":{"line":297,"column":37}},"line":290}},"branchMap":{"0":{"loc":{"start":{"line":35,"column":32},"end":{"line":35,"column":63}},"type":"binary-expr","locations":[{"start":{"line":35,"column":32},"end":{"line":35,"column":58}},{"start":{"line":35,"column":62},"end":{"line":35,"column":63}}],"line":35},"1":{"loc":{"start":{"line":36,"column":31},"end":{"line":36,"column":66}},"type":"binary-expr","locations":[{"start":{"line":36,"column":31},"end":{"line":36,"column":61}},{"start":{"line":36,"column":65},"end":{"line":36,"column":66}}],"line":36},"2":{"loc":{"start":{"line":37,"column":36},"end":{"line":37,"column":81}},"type":"cond-expr","locations":[{"start":{"line":37,"column":53},"end":{"line":37,"column":77}},{"start":{"line":37,"column":80},"end":{"line":37,"column":81}}],"line":37},"3":{"loc":{"start":{"line":40,"column":37},"end":{"line":40,"column":60}},"type":"binary-expr","locations":[{"start":{"line":40,"column":37},"end":{"line":40,"column":54}},{"start":{"line":40,"column":58},"end":{"line":40,"column":60}}],"line":40},"4":{"loc":{"start":{"line":41,"column":22},"end":{"line":41,"column":63}},"type":"binary-expr","locations":[{"start":{"line":41,"column":22},"end":{"line":41,"column":48}},{"start":{"line":41,"column":52},"end":{"line":41,"column":63}}],"line":41},"5":{"loc":{"start":{"line":44,"column":28},"end":{"line":44,"column":74}},"type":"binary-expr","locations":[{"start":{"line":44,"column":28},"end":{"line":44,"column":55}},{"start":{"line":44,"column":59},"end":{"line":44,"column":74}}],"line":44},"6":{"loc":{"start":{"line":48,"column":31},"end":{"line":48,"column":54}},"type":"binary-expr","locations":[{"start":{"line":48,"column":31},"end":{"line":48,"column":48}},{"start":{"line":48,"column":52},"end":{"line":48,"column":54}}],"line":48},"7":{"loc":{"start":{"line":50,"column":71},"end":{"line":50,"column":112}},"type":"binary-expr","locations":[{"start":{"line":50,"column":71},"end":{"line":50,"column":97}},{"start":{"line":50,"column":101},"end":{"line":50,"column":112}}],"line":50},"8":{"loc":{"start":{"line":51,"column":20},"end":{"line":59,"column":21}},"type":"if","locations":[{"start":{"line":51,"column":20},"end":{"line":59,"column":21}},{"start":{"line":53,"column":27},"end":{"line":59,"column":21}}],"line":51},"9":{"loc":{"start":{"line":55,"column":34},"end":{"line":55,"column":75}},"type":"binary-expr","locations":[{"start":{"line":55,"column":34},"end":{"line":55,"column":60}},{"start":{"line":55,"column":64},"end":{"line":55,"column":75}}],"line":55},"10":{"loc":{"start":{"line":66,"column":32},"end":{"line":66,"column":88}},"type":"cond-expr","locations":[{"start":{"line":66,"column":50},"end":{"line":66,"column":84}},{"start":{"line":66,"column":87},"end":{"line":66,"column":88}}],"line":66},"11":{"loc":{"start":{"line":100,"column":8},"end":{"line":102,"column":9}},"type":"if","locations":[{"start":{"line":100,"column":8},"end":{"line":102,"column":9}},{"start":{},"end":{}}],"line":100},"12":{"loc":{"start":{"line":100,"column":12},"end":{"line":100,"column":78}},"type":"binary-expr","locations":[{"start":{"line":100,"column":12},"end":{"line":100,"column":19}},{"start":{"line":100,"column":23},"end":{"line":100,"column":36}},{"start":{"line":100,"column":40},"end":{"line":100,"column":78}}],"line":100},"13":{"loc":{"start":{"line":106,"column":8},"end":{"line":123,"column":9}},"type":"if","locations":[{"start":{"line":106,"column":8},"end":{"line":123,"column":9}},{"start":{},"end":{}}],"line":106},"14":{"loc":{"start":{"line":127,"column":8},"end":{"line":137,"column":9}},"type":"if","locations":[{"start":{"line":127,"column":8},"end":{"line":137,"column":9}},{"start":{"line":133,"column":15},"end":{"line":137,"column":9}}],"line":127},"15":{"loc":{"start":{"line":174,"column":33},"end":{"line":178,"column":33}},"type":"cond-expr","locations":[{"start":{"line":175,"column":36},"end":{"line":175,"column":76}},{"start":{"line":177,"column":36},"end":{"line":177,"column":83}}],"line":174},"16":{"loc":{"start":{"line":192,"column":33},"end":{"line":196,"column":33}},"type":"cond-expr","locations":[{"start":{"line":193,"column":36},"end":{"line":193,"column":76}},{"start":{"line":195,"column":36},"end":{"line":195,"column":59}}],"line":192},"17":{"loc":{"start":{"line":210,"column":33},"end":{"line":214,"column":33}},"type":"cond-expr","locations":[{"start":{"line":211,"column":36},"end":{"line":211,"column":76}},{"start":{"line":213,"column":36},"end":{"line":213,"column":87}}],"line":210},"18":{"loc":{"start":{"line":227,"column":29},"end":{"line":244,"column":29}},"type":"cond-expr","locations":[{"start":{"line":228,"column":32},"end":{"line":239,"column":34}},{"start":{"line":241,"column":32},"end":{"line":243,"column":38}}],"line":227},"19":{"loc":{"start":{"line":227,"column":29},"end":{"line":227,"column":88}},"type":"binary-expr","locations":[{"start":{"line":227,"column":29},"end":{"line":227,"column":51}},{"start":{"line":227,"column":55},"end":{"line":227,"column":88}}],"line":227},"20":{"loc":{"start":{"line":242,"column":37},"end":{"line":242,"column":75}},"type":"cond-expr","locations":[{"start":{"line":242,"column":47},"end":{"line":242,"column":56}},{"start":{"line":242,"column":59},"end":{"line":242,"column":75}}],"line":242},"21":{"loc":{"start":{"line":258,"column":29},"end":{"line":275,"column":29}},"type":"cond-expr","locations":[{"start":{"line":259,"column":32},"end":{"line":270,"column":34}},{"start":{"line":272,"column":32},"end":{"line":274,"column":38}}],"line":258},"22":{"loc":{"start":{"line":258,"column":29},"end":{"line":258,"column":100}},"type":"binary-expr","locations":[{"start":{"line":258,"column":29},"end":{"line":258,"column":57}},{"start":{"line":258,"column":61},"end":{"line":258,"column":100}}],"line":258},"23":{"loc":{"start":{"line":273,"column":37},"end":{"line":273,"column":76}},"type":"cond-expr","locations":[{"start":{"line":273,"column":47},"end":{"line":273,"column":56}},{"start":{"line":273,"column":59},"end":{"line":273,"column":76}}],"line":273},"24":{"loc":{"start":{"line":291,"column":40},"end":{"line":296,"column":41}},"type":"if","locations":[{"start":{"line":291,"column":40},"end":{"line":296,"column":41}},{"start":{},"end":{}}],"line":291},"25":{"loc":{"start":{"line":291,"column":44},"end":{"line":291,"column":115}},"type":"binary-expr","locations":[{"start":{"line":291,"column":44},"end":{"line":291,"column":72}},{"start":{"line":291,"column":76},"end":{"line":291,"column":115}}],"line":291},"26":{"loc":{"start":{"line":293,"column":44},"end":{"line":295,"column":45}},"type":"if","locations":[{"start":{"line":293,"column":44},"end":{"line":295,"column":45}},{"start":{},"end":{}}],"line":293}},"s":{"0":0,"1":0,"2":0,"3":0,"4":0,"5":0,"6":0,"7":0,"8":0,"9":0,"10":0,"11":0,"12":0,"13":0,"14":0,"15":0,"16":0,"17":0,"18":0,"19":0,"20":0,"21":0,"22":0,"23":0,"24":0,"25":0,"26":0,"27":0,"28":0,"29":0,"30":0,"31":0,"32":0,"33":0,"34":0,"35":0,"36":0,"37":0,"38":0,"39":0,"40":0,"41":0,"42":0,"43":0,"44":0,"45":0,"46":0,"47":0,"48":0,"49":0,"50":0,"51":0},"f":{"0":0,"1":0,"2":0,"3":0,"4":0,"5":0,"6":0,"7":0,"8":0,"9":0,"10":0,"11":0,"12":0,"13":0},"b":{"0":[0,0],"1":[0,0],"2":[0,0],"3":[0,0],"4":[0,0],"5":[0,0],"6":[0,0],"7":[0,0],"8":[0,0],"9":[0,0],"10":[0,0],"11":[0,0],"12":[0,0,0],"13":[0,0],"14":[0,0],"15":[0,0],"16":[0,0],"17":[0,0],"18":[0,0],"19":[0,0],"20":[0,0],"21":[0,0],"22":[0,0],"23":[0,0],"24":[0,0],"25":[0,0],"26":[0,0]}}
,"D:\\_a_globalbusan_xyz_investment_page\\src\\components\\ErrorBoundary.jsx": {"path":"D:\\_a_globalbusan_xyz_investment_page\\src\\components\\ErrorBoundary.jsx","statementMap":{"0":{"start":{"line":10,"column":4},"end":{"line":10,"column":16}},"1":{"start":{"line":11,"column":4},"end":{"line":15,"column":5}},"2":{"start":{"line":20,"column":4},"end":{"line":20,"column":29}},"3":{"start":{"line":25,"column":4},"end":{"line":25,"column":69}},"4":{"start":{"line":27,"column":4},"end":{"line":30,"column":6}},"5":{"start":{"line":33,"column":4},"end":{"line":38,"column":5}},"6":{"start":{"line":34,"column":6},"end":{"line":37,"column":8}},"7":{"start":{"line":41,"column":16},"end":{"line":47,"column":3}},"8":{"start":{"line":42,"column":4},"end":{"line":46,"column":6}},"9":{"start":{"line":50,"column":4},"end":{"line":98,"column":5}},"10":{"start":{"line":52,"column":6},"end":{"line":97,"column":7}},"11":{"start":{"line":88,"column":31},"end":{"line":88,"column":57}},"12":{"start":{"line":100,"column":4},"end":{"line":100,"column":30}}},"fnMap":{"0":{"name":"(anonymous_0)","decl":{"start":{"line":9,"column":2},"end":{"line":9,"column":3}},"loc":{"start":{"line":9,"column":21},"end":{"line":16,"column":3}},"line":9},"1":{"name":"(anonymous_1)","decl":{"start":{"line":18,"column":2},"end":{"line":18,"column":3}},"loc":{"start":{"line":18,"column":41},"end":{"line":21,"column":3}},"line":18},"2":{"name":"(anonymous_2)","decl":{"start":{"line":23,"column":2},"end":{"line":23,"column":3}},"loc":{"start":{"line":23,"column":38},"end":{"line":39,"column":3}},"line":23},"3":{"name":"(anonymous_3)","decl":{"start":{"line":41,"column":16},"end":{"line":41,"column":17}},"loc":{"start":{"line":41,"column":22},"end":{"line":47,"column":3}},"line":41},"4":{"name":"(anonymous_4)","decl":{"start":{"line":49,"column":2},"end":{"line":49,"column":3}},"loc":{"start":{"line":49,"column":11},"end":{"line":101,"column":3}},"line":49},"5":{"name":"(anonymous_5)","decl":{"start":{"line":88,"column":25},"end":{"line":88,"column":26}},"loc":{"start":{"line":88,"column":31},"end":{"line":88,"column":57}},"line":88}},"branchMap":{"0":{"loc":{"start":{"line":33,"column":4},"end":{"line":38,"column":5}},"type":"if","locations":[{"start":{"line":33,"column":4},"end":{"line":38,"column":5}},{"start":{},"end":{}}],"line":33},"1":{"loc":{"start":{"line":50,"column":4},"end":{"line":98,"column":5}},"type":"if","locations":[{"start":{"line":50,"column":4},"end":{"line":98,"column":5}},{"start":{},"end":{}}],"line":50},"2":{"loc":{"start":{"line":63,"column":13},"end":{"line":77,"column":13}},"type":"binary-expr","locations":[{"start":{"line":63,"column":13},"end":{"line":63,"column":51}},{"start":{"line":63,"column":55},"end":{"line":63,"column":71}},{"start":{"line":64,"column":14},"end":{"line":76,"column":20}}],"line":63},"3":{"loc":{"start":{"line":68,"column":17},"end":{"line":75,"column":17}},"type":"binary-expr","locations":[{"start":{"line":68,"column":17},"end":{"line":68,"column":37}},{"start":{"line":69,"column":18},"end":{"line":74,"column":28}}],"line":68}},"s":{"0":6,"1":5,"2":4,"3":2,"4":2,"5":2,"6":0,"7":5,"8":0,"9":11,"10":6,"11":0,"12":5},"f":{"0":6,"1":4,"2":2,"3":0,"4":11,"5":0},"b":{"0":[0,2],"1":[6,5],"2":[6,0,0],"3":[0,0]},"_coverageSchema":"1a1c01bbd47fc00a2c39e90264f33305004495a9","hash":"1ef27a2315c4586c4abe3ddde709434fd0b07279"}
,"D:\\_a_globalbusan_xyz_investment_page\\src\\components\\Features.jsx": {"path":"D:\\_a_globalbusan_xyz_investment_page\\src\\components\\Features.jsx","statementMap":{"0":{"start":{"line":4,"column":25},"end":{"line":39,"column":1}},"1":{"start":{"line":5,"column":46},"end":{"line":5,"column":58}},"2":{"start":{"line":6,"column":18},"end":{"line":6,"column":30}},"3":{"start":{"line":8,"column":26},"end":{"line":22,"column":3}},"4":{"start":{"line":9,"column":4},"end":{"line":9,"column":33}},"5":{"start":{"line":9,"column":26},"end":{"line":9,"column":33}},"6":{"start":{"line":12,"column":6},"end":{"line":12,"column":45}},"7":{"start":{"line":14,"column":22},"end":{"line":14,"column":52}},"8":{"start":{"line":15,"column":22},"end":{"line":15,"column":52}},"9":{"start":{"line":17,"column":18},"end":{"line":17,"column":39}},"10":{"start":{"line":18,"column":18},"end":{"line":18,"column":40}},"11":{"start":{"line":20,"column":25},"end":{"line":20,"column":110}},"12":{"start":{"line":21,"column":4},"end":{"line":21,"column":36}},"13":{"start":{"line":24,"column":27},"end":{"line":26,"column":3}},"14":{"start":{"line":25,"column":4},"end":{"line":25,"column":26}},"15":{"start":{"line":28,"column":2},"end":{"line":38,"column":4}},"16":{"start":{"line":41,"column":25},"end":{"line":99,"column":1}},"17":{"start":{"line":42,"column":46},"end":{"line":42,"column":70}},"18":{"start":{"line":43,"column":42},"end":{"line":43,"column":53}},"19":{"start":{"line":44,"column":25},"end":{"line":44,"column":37}},"20":{"start":{"line":46,"column":26},"end":{"line":54,"column":3}},"21":{"start":{"line":47,"column":4},"end":{"line":47,"column":40}},"22":{"start":{"line":47,"column":33},"end":{"line":47,"column":40}},"23":{"start":{"line":48,"column":17},"end":{"line":48,"column":63}},"24":{"start":{"line":50,"column":4},"end":{"line":53,"column":7}},"25":{"start":{"line":56,"column":27},"end":{"line":56,"column":51}},"26":{"start":{"line":56,"column":33},"end":{"line":56,"column":51}},"27":{"start":{"line":57,"column":27},"end":{"line":57,"column":51}},"28":{"start":{"line":57,"column":33},"end":{"line":57,"column":51}},"29":{"start":{"line":59,"column":2},"end":{"line":98,"column":4}},"30":{"start":{"line":101,"column":17},"end":{"line":190,"column":1}},"31":{"start":{"line":102,"column":2},"end":{"line":189,"column":12}}},"fnMap":{"0":{"name":"(anonymous_0)","decl":{"start":{"line":4,"column":25},"end":{"line":4,"column":26}},"loc":{"start":{"line":4,"column":59},"end":{"line":39,"column":1}},"line":4},"1":{"name":"(anonymous_1)","decl":{"start":{"line":8,"column":26},"end":{"line":8,"column":27}},"loc":{"start":{"line":8,"column":37},"end":{"line":22,"column":3}},"line":8},"2":{"name":"(anonymous_2)","decl":{"start":{"line":24,"column":27},"end":{"line":24,"column":28}},"loc":{"start":{"line":24,"column":33},"end":{"line":26,"column":3}},"line":24},"3":{"name":"(anonymous_3)","decl":{"start":{"line":41,"column":25},"end":{"line":41,"column":26}},"loc":{"start":{"line":41,"column":72},"end":{"line":99,"column":1}},"line":41},"4":{"name":"(anonymous_4)","decl":{"start":{"line":46,"column":26},"end":{"line":46,"column":27}},"loc":{"start":{"line":46,"column":37},"end":{"line":54,"column":3}},"line":46},"5":{"name":"(anonymous_5)","decl":{"start":{"line":56,"column":27},"end":{"line":56,"column":28}},"loc":{"start":{"line":56,"column":33},"end":{"line":56,"column":51}},"line":56},"6":{"name":"(anonymous_6)","decl":{"start":{"line":57,"column":27},"end":{"line":57,"column":28}},"loc":{"start":{"line":57,"column":33},"end":{"line":57,"column":51}},"line":57},"7":{"name":"(anonymous_7)","decl":{"start":{"line":101,"column":17},"end":{"line":101,"column":18}},"loc":{"start":{"line":102,"column":2},"end":{"line":189,"column":12}},"line":102}},"branchMap":{"0":{"loc":{"start":{"line":4,"column":38},"end":{"line":4,"column":52}},"type":"default-arg","locations":[{"start":{"line":4,"column":50},"end":{"line":4,"column":52}}],"line":4},"1":{"loc":{"start":{"line":9,"column":4},"end":{"line":9,"column":33}},"type":"if","locations":[{"start":{"line":9,"column":4},"end":{"line":9,"column":33}},{"start":{},"end":{}}],"line":9},"2":{"loc":{"start":{"line":47,"column":4},"end":{"line":47,"column":40}},"type":"if","locations":[{"start":{"line":47,"column":4},"end":{"line":47,"column":40}},{"start":{},"end":{}}],"line":47},"3":{"loc":{"start":{"line":71,"column":11},"end":{"line":73,"column":11}},"type":"binary-expr","locations":[{"start":{"line":71,"column":11},"end":{"line":71,"column":22}},{"start":{"line":72,"column":12},"end":{"line":72,"column":79}}],"line":71},"4":{"loc":{"start":{"line":76,"column":9},"end":{"line":95,"column":9}},"type":"binary-expr","locations":[{"start":{"line":76,"column":9},"end":{"line":76,"column":21}},{"start":{"line":77,"column":10},"end":{"line":94,"column":16}}],"line":76}},"s":{"0":0,"1":0,"2":0,"3":0,"4":0,"5":0,"6":0,"7":0,"8":0,"9":0,"10":0,"11":0,"12":0,"13":0,"14":0,"15":0,"16":0,"17":0,"18":0,"19":0,"20":0,"21":0,"22":0,"23":0,"24":0,"25":0,"26":0,"27":0,"28":0,"29":0,"30":0,"31":0},"f":{"0":0,"1":0,"2":0,"3":0,"4":0,"5":0,"6":0,"7":0},"b":{"0":[0],"1":[0,0],"2":[0,0],"3":[0,0],"4":[0,0]}}
,"D:\\_a_globalbusan_xyz_investment_page\\src\\components\\FileUpload.jsx": {"path":"D:\\_a_globalbusan_xyz_investment_page\\src\\components\\FileUpload.jsx","statementMap":{"0":{"start":{"line":27,"column":16},"end":{"line":27,"column":32}},"1":{"start":{"line":28,"column":26},"end":{"line":28,"column":40}},"2":{"start":{"line":29,"column":32},"end":{"line":29,"column":46}},"3":{"start":{"line":30,"column":36},"end":{"line":30,"column":51}},"4":{"start":{"line":31,"column":28},"end":{"line":31,"column":42}},"5":{"start":{"line":32,"column":40},"end":{"line":32,"column":54}},"6":{"start":{"line":33,"column":23},"end":{"line":33,"column":35}},"7":{"start":{"line":35,"column":27},"end":{"line":68,"column":3}},"8":{"start":{"line":36,"column":25},"end":{"line":36,"column":42}},"9":{"start":{"line":37,"column":4},"end":{"line":37,"column":29}},"10":{"start":{"line":37,"column":23},"end":{"line":37,"column":29}},"11":{"start":{"line":40,"column":4},"end":{"line":43,"column":5}},"12":{"start":{"line":41,"column":6},"end":{"line":41,"column":100}},"13":{"start":{"line":42,"column":6},"end":{"line":42,"column":12}},"14":{"start":{"line":46,"column":4},"end":{"line":55,"column":5}},"15":{"start":{"line":47,"column":6},"end":{"line":50,"column":7}},"16":{"start":{"line":48,"column":25},"end":{"line":48,"column":43}},"17":{"start":{"line":49,"column":8},"end":{"line":49,"column":59}},"18":{"start":{"line":51,"column":6},"end":{"line":51,"column":39}},"19":{"start":{"line":53,"column":6},"end":{"line":53,"column":47}},"20":{"start":{"line":54,"column":6},"end":{"line":54,"column":12}},"21":{"start":{"line":57,"column":4},"end":{"line":57,"column":25}},"22":{"start":{"line":58,"column":4},"end":{"line":58,"column":18}},"23":{"start":{"line":61,"column":4},"end":{"line":67,"column":5}},"24":{"start":{"line":62,"column":21},"end":{"line":62,"column":37}},"25":{"start":{"line":63,"column":6},"end":{"line":65,"column":7}},"26":{"start":{"line":64,"column":8},"end":{"line":64,"column":35}},"27":{"start":{"line":66,"column":6},"end":{"line":66,"column":40}},"28":{"start":{"line":70,"column":23},"end":{"line":106,"column":3}},"29":{"start":{"line":71,"column":4},"end":{"line":74,"column":5}},"30":{"start":{"line":72,"column":6},"end":{"line":72,"column":43}},"31":{"start":{"line":73,"column":6},"end":{"line":73,"column":12}},"32":{"start":{"line":76,"column":4},"end":{"line":76,"column":22}},"33":{"start":{"line":77,"column":4},"end":{"line":77,"column":18}},"34":{"start":{"line":79,"column":4},"end":{"line":105,"column":5}},"35":{"start":{"line":80,"column":43},"end":{"line":84,"column":7}},"36":{"start":{"line":86,"column":6},"end":{"line":96,"column":7}},"37":{"start":{"line":87,"column":8},"end":{"line":87,"column":69}},"38":{"start":{"line":88,"column":8},"end":{"line":90,"column":9}},"39":{"start":{"line":89,"column":10},"end":{"line":89,"column":37}},"40":{"start":{"line":92,"column":8},"end":{"line":92,"column":38}},"41":{"start":{"line":93,"column":8},"end":{"line":95,"column":9}},"42":{"start":{"line":94,"column":10},"end":{"line":94,"column":40}},"43":{"start":{"line":98,"column":27},"end":{"line":98,"column":70}},"44":{"start":{"line":99,"column":6},"end":{"line":99,"column":28}},"45":{"start":{"line":100,"column":6},"end":{"line":102,"column":7}},"46":{"start":{"line":101,"column":8},"end":{"line":101,"column":27}},"47":{"start":{"line":104,"column":6},"end":{"line":104,"column":25}},"48":{"start":{"line":108,"column":23},"end":{"line":116,"column":3}},"49":{"start":{"line":109,"column":4},"end":{"line":109,"column":17}},"50":{"start":{"line":110,"column":4},"end":{"line":110,"column":20}},"51":{"start":{"line":111,"column":4},"end":{"line":111,"column":18}},"52":{"start":{"line":112,"column":4},"end":{"line":112,"column":24}},"53":{"start":{"line":113,"column":4},"end":{"line":115,"column":5}},"54":{"start":{"line":114,"column":6},"end":{"line":114,"column":37}},"55":{"start":{"line":118,"column":25},"end":{"line":121,"column":3}},"56":{"start":{"line":119,"column":4},"end":{"line":119,"column":22}},"57":{"start":{"line":120,"column":4},"end":{"line":120,"column":23}},"58":{"start":{"line":123,"column":21},"end":{"line":136,"column":3}},"59":{"start":{"line":124,"column":4},"end":{"line":124,"column":22}},"60":{"start":{"line":125,"column":4},"end":{"line":125,"column":23}},"61":{"start":{"line":127,"column":24},"end":{"line":127,"column":47}},"62":{"start":{"line":128,"column":4},"end":{"line":135,"column":5}},"63":{"start":{"line":129,"column":20},"end":{"line":133,"column":7}},"64":{"start":{"line":134,"column":6},"end":{"line":134,"column":29}},"65":{"start":{"line":138,"column":2},"end":{"line":258,"column":3}}},"fnMap":{"0":{"name":"FileUpload","decl":{"start":{"line":17,"column":9},"end":{"line":17,"column":19}},"loc":{"start":{"line":26,"column":3},"end":{"line":259,"column":1}},"line":26},"1":{"name":"(anonymous_1)","decl":{"start":{"line":35,"column":27},"end":{"line":35,"column":28}},"loc":{"start":{"line":35,"column":34},"end":{"line":68,"column":3}},"line":35},"2":{"name":"(anonymous_2)","decl":{"start":{"line":46,"column":42},"end":{"line":46,"column":43}},"loc":{"start":{"line":46,"column":50},"end":{"line":52,"column":5}},"line":46},"3":{"name":"(anonymous_3)","decl":{"start":{"line":63,"column":22},"end":{"line":63,"column":23}},"loc":{"start":{"line":63,"column":29},"end":{"line":65,"column":7}},"line":63},"4":{"name":"(anonymous_4)","decl":{"start":{"line":70,"column":23},"end":{"line":70,"column":24}},"loc":{"start":{"line":70,"column":35},"end":{"line":106,"column":3}},"line":70},"5":{"name":"(anonymous_5)","decl":{"start":{"line":108,"column":23},"end":{"line":108,"column":24}},"loc":{"start":{"line":108,"column":29},"end":{"line":116,"column":3}},"line":108},"6":{"name":"(anonymous_6)","decl":{"start":{"line":118,"column":25},"end":{"line":118,"column":26}},"loc":{"start":{"line":118,"column":32},"end":{"line":121,"column":3}},"line":118},"7":{"name":"(anonymous_7)","decl":{"start":{"line":123,"column":21},"end":{"line":123,"column":22}},"loc":{"start":{"line":123,"column":28},"end":{"line":136,"column":3}},"line":123}},"branchMap":{"0":{"loc":{"start":{"line":21,"column":2},"end":{"line":21,"column":22}},"type":"default-arg","locations":[{"start":{"line":21,"column":11},"end":{"line":21,"column":22}}],"line":21},"1":{"loc":{"start":{"line":22,"column":2},"end":{"line":22,"column":27}},"type":"default-arg","locations":[{"start":{"line":22,"column":12},"end":{"line":22,"column":27}}],"line":22},"2":{"loc":{"start":{"line":23,"column":2},"end":{"line":23,"column":20}},"type":"default-arg","locations":[{"start":{"line":23,"column":16},"end":{"line":23,"column":20}}],"line":23},"3":{"loc":{"start":{"line":25,"column":2},"end":{"line":25,"column":16}},"type":"default-arg","locations":[{"start":{"line":25,"column":14},"end":{"line":25,"column":16}}],"line":25},"4":{"loc":{"start":{"line":37,"column":4},"end":{"line":37,"column":29}},"type":"if","locations":[{"start":{"line":37,"column":4},"end":{"line":37,"column":29}},{"start":{},"end":{}}],"line":37},"5":{"loc":{"start":{"line":40,"column":4},"end":{"line":43,"column":5}},"type":"if","locations":[{"start":{"line":40,"column":4},"end":{"line":43,"column":5}},{"start":{},"end":{}}],"line":40},"6":{"loc":{"start":{"line":46,"column":4},"end":{"line":55,"column":5}},"type":"if","locations":[{"start":{"line":46,"column":4},"end":{"line":55,"column":5}},{"start":{},"end":{}}],"line":46},"7":{"loc":{"start":{"line":46,"column":8},"end":{"line":52,"column":6}},"type":"binary-expr","locations":[{"start":{"line":46,"column":8},"end":{"line":46,"column":25}},{"start":{"line":46,"column":29},"end":{"line":52,"column":6}}],"line":46},"8":{"loc":{"start":{"line":47,"column":6},"end":{"line":50,"column":7}},"type":"if","locations":[{"start":{"line":47,"column":6},"end":{"line":50,"column":7}},{"start":{},"end":{}}],"line":47},"9":{"loc":{"start":{"line":61,"column":4},"end":{"line":67,"column":5}},"type":"if","locations":[{"start":{"line":61,"column":4},"end":{"line":67,"column":5}},{"start":{},"end":{}}],"line":61},"10":{"loc":{"start":{"line":61,"column":8},"end":{"line":61,"column":61}},"type":"binary-expr","locations":[{"start":{"line":61,"column":8},"end":{"line":61,"column":19}},{"start":{"line":61,"column":23},"end":{"line":61,"column":61}}],"line":61},"11":{"loc":{"start":{"line":71,"column":4},"end":{"line":74,"column":5}},"type":"if","locations":[{"start":{"line":71,"column":4},"end":{"line":74,"column":5}},{"start":{},"end":{}}],"line":71},"12":{"loc":{"start":{"line":71,"column":8},"end":{"line":71,"column":33}},"type":"binary-expr","locations":[{"start":{"line":71,"column":8},"end":{"line":71,"column":13}},{"start":{"line":71,"column":17},"end":{"line":71,"column":24}},{"start":{"line":71,"column":28},"end":{"line":71,"column":33}}],"line":71},"13":{"loc":{"start":{"line":86,"column":6},"end":{"line":96,"column":7}},"type":"if","locations":[{"start":{"line":86,"column":6},"end":{"line":96,"column":7}},{"start":{"line":91,"column":13},"end":{"line":96,"column":7}}],"line":86},"14":{"loc":{"start":{"line":87,"column":17},"end":{"line":87,"column":68}},"type":"binary-expr","locations":[{"start":{"line":87,"column":17},"end":{"line":87,"column":36}},{"start":{"line":87,"column":40},"end":{"line":87,"column":68}}],"line":87},"15":{"loc":{"start":{"line":88,"column":8},"end":{"line":90,"column":9}},"type":"if","locations":[{"start":{"line":88,"column":8},"end":{"line":90,"column":9}},{"start":{},"end":{}}],"line":88},"16":{"loc":{"start":{"line":93,"column":8},"end":{"line":95,"column":9}},"type":"if","locations":[{"start":{"line":93,"column":8},"end":{"line":95,"column":9}},{"start":{},"end":{}}],"line":93},"17":{"loc":{"start":{"line":98,"column":27},"end":{"line":98,"column":70}},"type":"binary-expr","locations":[{"start":{"line":98,"column":27},"end":{"line":98,"column":38}},{"start":{"line":98,"column":42},"end":{"line":98,"column":70}}],"line":98},"18":{"loc":{"start":{"line":100,"column":6},"end":{"line":102,"column":7}},"type":"if","locations":[{"start":{"line":100,"column":6},"end":{"line":102,"column":7}},{"start":{},"end":{}}],"line":100},"19":{"loc":{"start":{"line":113,"column":4},"end":{"line":115,"column":5}},"type":"if","locations":[{"start":{"line":113,"column":4},"end":{"line":115,"column":5}},{"start":{},"end":{}}],"line":113},"20":{"loc":{"start":{"line":128,"column":4},"end":{"line":135,"column":5}},"type":"if","locations":[{"start":{"line":128,"column":4},"end":{"line":135,"column":5}},{"start":{},"end":{}}],"line":128},"21":{"loc":{"start":{"line":140,"column":7},"end":{"line":144,"column":7}},"type":"binary-expr","locations":[{"start":{"line":140,"column":7},"end":{"line":140,"column":12}},{"start":{"line":141,"column":8},"end":{"line":143,"column":16}}],"line":140},"22":{"loc":{"start":{"line":148,"column":10},"end":{"line":152,"column":81}},"type":"cond-expr","locations":[{"start":{"line":149,"column":14},"end":{"line":149,"column":40}},{"start":{"line":150,"column":14},"end":{"line":152,"column":81}}],"line":148},"23":{"loc":{"start":{"line":150,"column":14},"end":{"line":152,"column":81}},"type":"cond-expr","locations":[{"start":{"line":151,"column":14},"end":{"line":151,"column":44}},{"start":{"line":152,"column":14},"end":{"line":152,"column":81}}],"line":150},"24":{"loc":{"start":{"line":157,"column":9},"end":{"line":242,"column":9}},"type":"cond-expr","locations":[{"start":{"line":158,"column":10},"end":{"line":179,"column":13}},{"start":{"line":181,"column":10},"end":{"line":241,"column":16}}],"line":157},"25":{"loc":{"start":{"line":182,"column":13},"end":{"line":190,"column":13}},"type":"binary-expr","locations":[{"start":{"line":182,"column":13},"end":{"line":182,"column":24}},{"start":{"line":182,"column":28},"end":{"line":182,"column":35}},{"start":{"line":183,"column":14},"end":{"line":189,"column":20}}],"line":182},"26":{"loc":{"start":{"line":199,"column":13},"end":{"line":203,"column":13}},"type":"binary-expr","locations":[{"start":{"line":199,"column":13},"end":{"line":199,"column":18}},{"start":{"line":200,"column":14},"end":{"line":202,"column":20}}],"line":199},"27":{"loc":{"start":{"line":205,"column":13},"end":{"line":210,"column":13}},"type":"binary-expr","locations":[{"start":{"line":205,"column":13},"end":{"line":205,"column":24}},{"start":{"line":206,"column":14},"end":{"line":209,"column":20}}],"line":205},"28":{"loc":{"start":{"line":213,"column":15},"end":{"line":231,"column":15}},"type":"binary-expr","locations":[{"start":{"line":213,"column":15},"end":{"line":213,"column":27}},{"start":{"line":214,"column":16},"end":{"line":230,"column":25}}],"line":213},"29":{"loc":{"start":{"line":219,"column":19},"end":{"line":229,"column":19}},"type":"cond-expr","locations":[{"start":{"line":220,"column":20},"end":{"line":223,"column":23}},{"start":{"line":225,"column":20},"end":{"line":228,"column":23}}],"line":219},"30":{"loc":{"start":{"line":245,"column":7},"end":{"line":256,"column":7}},"type":"binary-expr","locations":[{"start":{"line":245,"column":7},"end":{"line":245,"column":18}},{"start":{"line":246,"column":8},"end":{"line":255,"column":14}}],"line":245}},"s":{"0":28,"1":28,"2":28,"3":28,"4":28,"5":28,"6":28,"7":28,"8":9,"9":9,"10":0,"11":9,"12":1,"13":1,"14":8,"15":8,"16":8,"17":8,"18":0,"19":1,"20":1,"21":7,"22":7,"23":7,"24":7,"25":7,"26":7,"27":7,"28":28,"29":3,"30":0,"31":0,"32":3,"33":3,"34":3,"35":3,"36":3,"37":1,"38":1,"39":1,"40":2,"41":2,"42":2,"43":0,"44":0,"45":0,"46":0,"47":3,"48":28,"49":1,"50":1,"51":1,"52":1,"53":1,"54":0,"55":28,"56":1,"57":1,"58":28,"59":1,"60":1,"61":1,"62":1,"63":1,"64":1,"65":28},"f":{"0":28,"1":9,"2":8,"3":7,"4":3,"5":1,"6":1,"7":1},"b":{"0":[0],"1":[0],"2":[0],"3":[28],"4":[0,9],"5":[1,8],"6":[1,7],"7":[8,8],"8":[8,0],"9":[7,0],"10":[7,7],"11":[0,3],"12":[3,3,3],"13":[1,2],"14":[1,0],"15":[1,0],"16":[2,0],"17":[0,0],"18":[0,0],"19":[0,1],"20":[1,0],"21":[28,0],"22":[4,24],"23":[3,21],"24":[13,15],"25":[15,15,6],"26":[15,2],"27":[15,3],"28":[15,12],"29":[3,9],"30":[28,3]},"_coverageSchema":"1a1c01bbd47fc00a2c39e90264f33305004495a9","hash":"c1f37ae445551921210ad2d1875db1e03dc4639a"}
,"D:\\_a_globalbusan_xyz_investment_page\\src\\components\\Footer.jsx": {"path":"D:\\_a_globalbusan_xyz_investment_page\\src\\components\\Footer.jsx","statementMap":{"0":{"start":{"line":3,"column":20},"end":{"line":8,"column":1}},"1":{"start":{"line":10,"column":15},"end":{"line":82,"column":1}},"2":{"start":{"line":11,"column":2},"end":{"line":81,"column":4}},"3":{"start":{"line":28,"column":16},"end":{"line":37,"column":20}}},"fnMap":{"0":{"name":"(anonymous_0)","decl":{"start":{"line":10,"column":15},"end":{"line":10,"column":16}},"loc":{"start":{"line":10,"column":21},"end":{"line":82,"column":1}},"line":10},"1":{"name":"(anonymous_1)","decl":{"start":{"line":27,"column":31},"end":{"line":27,"column":32}},"loc":{"start":{"line":28,"column":16},"end":{"line":37,"column":20}},"line":28}},"branchMap":{},"s":{"0":3,"1":3,"2":20,"3":80},"f":{"0":20,"1":80},"b":{},"_coverageSchema":"1a1c01bbd47fc00a2c39e90264f33305004495a9","hash":"43eb10449bc93706cae00708e19d8443559df789"}
,"D:\\_a_globalbusan_xyz_investment_page\\src\\components\\Hero.jsx": {"path":"D:\\_a_globalbusan_xyz_investment_page\\src\\components\\Hero.jsx","statementMap":{"0":{"start":{"line":11,"column":0},"end":{"line":11,"column":35}},"1":{"start":{"line":13,"column":13},"end":{"line":193,"column":1}},"2":{"start":{"line":14,"column":18},"end":{"line":14,"column":34}},"3":{"start":{"line":15,"column":48},"end":{"line":15,"column":59}},"4":{"start":{"line":16,"column":40},"end":{"line":16,"column":51}},"5":{"start":{"line":17,"column":44},"end":{"line":17,"column":55}},"6":{"start":{"line":18,"column":34},"end":{"line":18,"column":48}},"7":{"start":{"line":20,"column":20},"end":{"line":20,"column":32}},"8":{"start":{"line":22,"column":4},"end":{"line":24,"column":11}},"9":{"start":{"line":23,"column":8},"end":{"line":23,"column":20}},"10":{"start":{"line":26,"column":22},"end":{"line":46,"column":5}},"11":{"start":{"line":27,"column":8},"end":{"line":45,"column":9}},"12":{"start":{"line":28,"column":67},"end":{"line":32,"column":14}},"13":{"start":{"line":34,"column":12},"end":{"line":34,"column":63}},"14":{"start":{"line":35,"column":12},"end":{"line":35,"column":63}},"15":{"start":{"line":36,"column":12},"end":{"line":36,"column":63}},"16":{"start":{"line":38,"column":12},"end":{"line":38,"column":50}},"17":{"start":{"line":40,"column":12},"end":{"line":40,"column":39}},"18":{"start":{"line":41,"column":12},"end":{"line":41,"column":29}},"19":{"start":{"line":42,"column":12},"end":{"line":42,"column":31}},"20":{"start":{"line":44,"column":12},"end":{"line":44,"column":30}},"21":{"start":{"line":48,"column":4},"end":{"line":63,"column":11}},"22":{"start":{"line":49,"column":8},"end":{"line":62,"column":9}},"23":{"start":{"line":50,"column":12},"end":{"line":61,"column":14}},"24":{"start":{"line":65,"column":4},"end":{"line":81,"column":11}},"25":{"start":{"line":66,"column":8},"end":{"line":80,"column":10}},"26":{"start":{"line":83,"column":4},"end":{"line":192,"column":5}}},"fnMap":{"0":{"name":"(anonymous_0)","decl":{"start":{"line":13,"column":13},"end":{"line":13,"column":14}},"loc":{"start":{"line":13,"column":19},"end":{"line":193,"column":1}},"line":13},"1":{"name":"(anonymous_1)","decl":{"start":{"line":22,"column":14},"end":{"line":22,"column":15}},"loc":{"start":{"line":22,"column":20},"end":{"line":24,"column":5}},"line":22},"2":{"name":"(anonymous_2)","decl":{"start":{"line":26,"column":22},"end":{"line":26,"column":23}},"loc":{"start":{"line":26,"column":34},"end":{"line":46,"column":5}},"line":26},"3":{"name":"(anonymous_3)","decl":{"start":{"line":48,"column":12},"end":{"line":48,"column":13}},"loc":{"start":{"line":48,"column":18},"end":{"line":63,"column":5}},"line":48},"4":{"name":"(anonymous_4)","decl":{"start":{"line":65,"column":12},"end":{"line":65,"column":13}},"loc":{"start":{"line":65,"column":18},"end":{"line":81,"column":5}},"line":65}},"branchMap":{"0":{"loc":{"start":{"line":34,"column":30},"end":{"line":34,"column":61}},"type":"binary-expr","locations":[{"start":{"line":34,"column":30},"end":{"line":34,"column":56}},{"start":{"line":34,"column":60},"end":{"line":34,"column":61}}],"line":34},"1":{"loc":{"start":{"line":35,"column":26},"end":{"line":35,"column":61}},"type":"binary-expr","locations":[{"start":{"line":35,"column":26},"end":{"line":35,"column":56}},{"start":{"line":35,"column":60},"end":{"line":35,"column":61}}],"line":35},"2":{"loc":{"start":{"line":36,"column":28},"end":{"line":36,"column":61}},"type":"binary-expr","locations":[{"start":{"line":36,"column":28},"end":{"line":36,"column":56}},{"start":{"line":36,"column":60},"end":{"line":36,"column":61}}],"line":36},"3":{"loc":{"start":{"line":49,"column":8},"end":{"line":62,"column":9}},"type":"if","locations":[{"start":{"line":49,"column":8},"end":{"line":62,"column":9}},{"start":{},"end":{}}],"line":49},"4":{"loc":{"start":{"line":118,"column":33},"end":{"line":122,"column":33}},"type":"cond-expr","locations":[{"start":{"line":119,"column":36},"end":{"line":119,"column":76}},{"start":{"line":121,"column":36},"end":{"line":121,"column":73}}],"line":118},"5":{"loc":{"start":{"line":132,"column":33},"end":{"line":136,"column":33}},"type":"cond-expr","locations":[{"start":{"line":133,"column":36},"end":{"line":133,"column":76}},{"start":{"line":135,"column":36},"end":{"line":135,"column":52}}],"line":132},"6":{"loc":{"start":{"line":146,"column":33},"end":{"line":150,"column":33}},"type":"cond-expr","locations":[{"start":{"line":147,"column":36},"end":{"line":147,"column":76}},{"start":{"line":149,"column":36},"end":{"line":149,"column":48}}],"line":146}},"s":{"0":0,"1":0,"2":0,"3":0,"4":0,"5":0,"6":0,"7":0,"8":0,"9":0,"10":0,"11":0,"12":0,"13":0,"14":0,"15":0,"16":0,"17":0,"18":0,"19":0,"20":0,"21":0,"22":0,"23":0,"24":0,"25":0,"26":0},"f":{"0":0,"1":0,"2":0,"3":0,"4":0},"b":{"0":[0,0],"1":[0,0],"2":[0,0],"3":[0,0],"4":[0,0],"5":[0,0],"6":[0,0]}}
[...]
,"D:\\_a_globalbusan_xyz_investment_page\\src\\utils\\serviceWorker.js": {"path":"D:\\_a_globalbusan_xyz_investment_page\\src\\utils\\serviceWorker.js","statementMap":{"0":{"start":{"line":9,"column":37},"end":{"line":45,"column":1}},"1":{"start":{"line":10,"column":2},"end":{"line":44,"column":3}},"2":{"start":{"line":11,"column":4},"end":{"line":40,"column":5}},"3":{"start":{"line":12,"column":27},"end":{"line":14,"column":8}},"4":{"start":{"line":16,"column":6},"end":{"line":16,"column":69}},"5":{"start":{"line":19,"column":6},"end":{"line":29,"column":8}},"6":{"start":{"line":20,"column":26},"end":{"line":20,"column":49}},"7":{"start":{"line":22,"column":8},"end":{"line":28,"column":10}},"8":{"start":{"line":23,"column":10},"end":{"line":27,"column":11}},"9":{"start":{"line":25,"column":12},"end":{"line":25,"column":65}},"10":{"start":{"line":26,"column":12},"end":{"line":26,"column":36}},"11":{"start":{"line":32,"column":6},"end":{"line":34,"column":24}},"12":{"start":{"line":33,"column":8},"end":{"line":33,"column":29}},"13":{"start":{"line":36,"column":6},"end":{"line":36,"column":25}},"14":{"start":{"line":38,"column":6},"end":{"line":38,"column":67}},"15":{"start":{"line":39,"column":6},"end":{"line":39,"column":17}},"16":{"start":{"line":42,"column":4},"end":{"line":42,"column":50}},"17":{"start":{"line":43,"column":4},"end":{"line":43,"column":15}},"18":{"start":{"line":50,"column":31},"end":{"line":55,"column":1}},"19":{"start":{"line":52,"column":2},"end":{"line":54,"column":3}},"20":{"start":{"line":53,"column":4},"end":{"line":53,"column":28}},"21":{"start":{"line":60,"column":39},"end":{"line":70,"column":1}},"22":{"start":{"line":61,"column":2},"end":{"line":69,"column":3}},"23":{"start":{"line":62,"column":4},"end":{"line":68,"column":5}},"24":{"start":{"line":63,"column":27},"end":{"line":63,"column":62}},"25":{"start":{"line":64,"column":6},"end":{"line":64,"column":37}},"26":{"start":{"line":65,"column":6},"end":{"line":65,"column":50}},"27":{"start":{"line":67,"column":6},"end":{"line":67,"column":69}}},"fnMap":{"0":{"name":"(anonymous_0)","decl":{"start":{"line":9,"column":37},"end":{"line":9,"column":38}},"loc":{"start":{"line":9,"column":49},"end":{"line":45,"column":1}},"line":9},"1":{"name":"(anonymous_1)","decl":{"start":{"line":19,"column":51},"end":{"line":19,"column":52}},"loc":{"start":{"line":19,"column":57},"end":{"line":29,"column":7}},"line":19},"2":{"name":"(anonymous_2)","decl":{"start":{"line":22,"column":50},"end":{"line":22,"column":51}},"loc":{"start":{"line":22,"column":56},"end":{"line":28,"column":9}},"line":22},"3":{"name":"(anonymous_3)","decl":{"start":{"line":32,"column":18},"end":{"line":32,"column":19}},"loc":{"start":{"line":32,"column":24},"end":{"line":34,"column":7}},"line":32},"4":{"name":"(anonymous_4)","decl":{"start":{"line":50,"column":31},"end":{"line":50,"column":32}},"loc":{"start":{"line":50,"column":37},"end":{"line":55,"column":1}},"line":50},"5":{"name":"(anonymous_5)","decl":{"start":{"line":60,"column":39},"end":{"line":60,"column":40}},"loc":{"start":{"line":60,"column":51},"end":{"line":70,"column":1}},"line":60}},"branchMap":{"0":{"loc":{"start":{"line":10,"column":2},"end":{"line":44,"column":3}},"type":"if","locations":[{"start":{"line":10,"column":2},"end":{"line":44,"column":3}},{"start":{"line":41,"column":9},"end":{"line":44,"column":3}}],"line":10},"1":{"loc":{"start":{"line":23,"column":10},"end":{"line":27,"column":11}},"type":"if","locations":[{"start":{"line":23,"column":10},"end":{"line":27,"column":11}},{"start":{},"end":{}}],"line":23},"2":{"loc":{"start":{"line":23,"column":14},"end":{"line":23,"column":83}},"type":"binary-expr","locations":[{"start":{"line":23,"column":14},"end":{"line":23,"column":45}},{"start":{"line":23,"column":49},"end":{"line":23,"column":83}}],"line":23},"3":{"loc":{"start":{"line":52,"column":2},"end":{"line":54,"column":3}},"type":"if","locations":[{"start":{"line":52,"column":2},"end":{"line":54,"column":3}},{"start":{},"end":{}}],"line":52},"4":{"loc":{"start":{"line":61,"column":2},"end":{"line":69,"column":3}},"type":"if","locations":[{"start":{"line":61,"column":2},"end":{"line":69,"column":3}},{"start":{},"end":{}}],"line":61}},"s":{"0":0,"1":0,"2":0,"3":0,"4":0,"5":0,"6":0,"7":0,"8":0,"9":0,"10":0,"11":0,"12":0,"13":0,"14":0,"15":0,"16":0,"17":0,"18":0,"19":0,"20":0,"21":0,"22":0,"23":0,"24":0,"25":0,"26":0,"27":0},"f":{"0":0,"1":0,"2":0,"3":0,"4":0,"5":0},"b":{"0":[0,0],"1":[0,0],"2":[0,0],"3":[0,0],"4":[0,0]}}
,"D:\\_a_globalbusan_xyz_investment_page\\src\\utils\\webVitals.js": {"path":"D:\\_a_globalbusan_xyz_investment_page\\src\\utils\\webVitals.js","statementMap":{"0":{"start":{"line":9,"column":26},"end":{"line":15,"column":1}},"1":{"start":{"line":10,"column":2},"end":{"line":14,"column":3}},"2":{"start":{"line":11,"column":4},"end":{"line":13,"column":6}},"3":{"start":{"line":12,"column":6},"end":{"line":12,"column":24}},"4":{"start":{"line":20,"column":26},"end":{"line":26,"column":1}},"5":{"start":{"line":21,"column":2},"end":{"line":25,"column":3}},"6":{"start":{"line":22,"column":4},"end":{"line":24,"column":6}},"7":{"start":{"line":23,"column":6},"end":{"line":23,"column":24}},"8":{"start":{"line":31,"column":26},"end":{"line":37,"column":1}},"9":{"start":{"line":32,"column":2},"end":{"line":36,"column":3}},"10":{"start":{"line":33,"column":4},"end":{"line":35,"column":6}},"11":{"start":{"line":34,"column":6},"end":{"line":34,"column":24}},"12":{"start":{"line":42,"column":26},"end":{"line":48,"column":1}},"13":{"start":{"line":43,"column":2},"end":{"line":47,"column":3}},"14":{"start":{"line":44,"column":4},"end":{"line":46,"column":6}},"15":{"start":{"line":45,"column":6},"end":{"line":45,"column":24}},"16":{"start":{"line":53,"column":27},"end":{"line":59,"column":1}},"17":{"start":{"line":54,"column":2},"end":{"line":58,"column":3}},"18":{"start":{"line":55,"column":4},"end":{"line":57,"column":6}},"19":{"start":{"line":56,"column":6},"end":{"line":56,"column":25}},"20":{"start":{"line":64,"column":32},"end":{"line":98,"column":1}},"21":{"start":{"line":65,"column":26},"end":{"line":90,"column":3}},"22":{"start":{"line":67,"column":4},"end":{"line":69,"column":5}},"23":{"start":{"line":68,"column":6},"end":{"line":68,"column":25}},"24":{"start":{"line":72,"column":4},"end":{"line":79,"column":5}},"25":{"start":{"line":73,"column":6},"end":{"line":78,"column":8}},"26":{"start":{"line":82,"column":4},"end":{"line":89,"column":5}},"27":{"start":{"line":83,"column":6},"end":{"line":88,"column":8}},"28":{"start":{"line":93,"column":2},"end":{"line":93,"column":29}},"29":{"start":{"line":94,"column":2},"end":{"line":94,"column":29}},"30":{"start":{"line":95,"column":2},"end":{"line":95,"column":29}},"31":{"start":{"line":96,"column":2},"end":{"line":96,"column":29}},"32":{"start":{"line":97,"column":2},"end":{"line":97,"column":30}},"33":{"start":{"line":103,"column":41},"end":{"line":155,"column":1}},"34":{"start":{"line":104,"column":2},"end":{"line":106,"column":3}},"35":{"start":{"line":105,"column":4},"end":{"line":105,"column":15}},"36":{"start":{"line":108,"column":17},"end":{"line":108,"column":42}},"37":{"start":{"line":109,"column":21},"end":{"line":109,"column":50}},"38":{"start":{"line":111,"column":18},"end":{"line":138,"column":3}},"39":{"start":{"line":141,"column":2},"end":{"line":152,"column":3}},"40":{"start":{"line":142,"column":4},"end":{"line":151,"column":6}},"41":{"start":{"line":143,"column":6},"end":{"line":150,"column":7}},"42":{"start":{"line":144,"column":8},"end":{"line":149,"column":10}},"43":{"start":{"line":154,"column":2},"end":{"line":154,"column":16}},"44":{"start":{"line":160,"column":37},"end":{"line":174,"column":1}},"45":{"start":{"line":161,"column":2},"end":{"line":163,"column":3}},"46":{"start":{"line":162,"column":4},"end":{"line":162,"column":13}},"47":{"start":{"line":165,"column":20},"end":{"line":165,"column":67}},"48":{"start":{"line":167,"column":2},"end":{"line":173,"column":5}},"49":{"start":{"line":167,"column":38},"end":{"line":173,"column":3}},"50":{"start":{"line":179,"column":41},"end":{"line":203,"column":1}},"51":{"start":{"line":181,"column":2},"end":{"line":181,"column":20}},"52":{"start":{"line":184,"column":2},"end":{"line":192,"column":3}},"53":{"start":{"line":185,"column":4},"end":{"line":185,"column":31}},"54":{"start":{"line":187,"column":4},"end":{"line":191,"column":6}},"55":{"start":{"line":188,"column":6},"end":{"line":190,"column":11}},"56":{"start":{"line":189,"column":8},"end":{"line":189,"column":35}},"57":{"start":{"line":195,"column":2},"end":{"line":202,"column":3}},"58":{"start":{"line":196,"column":4},"end":{"line":201,"column":6}},"59":{"start":{"line":197,"column":6},"end":{"line":200,"column":11}},"60":{"start":{"line":198,"column":26},"end":{"line":198,"column":49}},"61":{"start":{"line":199,"column":8},"end":{"line":199,"column":50}}},"fnMap":{"0":{"name":"(anonymous_0)","decl":{"start":{"line":9,"column":26},"end":{"line":9,"column":27}},"loc":{"start":{"line":9,"column":43},"end":{"line":15,"column":1}},"line":9},"1":{"name":"(anonymous_1)","decl":{"start":{"line":11,"column":30},"end":{"line":11,"column":31}},"loc":{"start":{"line":11,"column":45},"end":{"line":13,"column":5}},"line":11},"2":{"name":"(anonymous_2)","decl":{"start":{"line":20,"column":26},"end":{"line":20,"column":27}},"loc":{"start":{"line":20,"column":43},"end":{"line":26,"column":1}},"line":20},"3":{"name":"(anonymous_3)","decl":{"start":{"line":22,"column":30},"end":{"line":22,"column":31}},"loc":{"start":{"line":22,"column":45},"end":{"line":24,"column":5}},"line":22},"4":{"name":"(anonymous_4)","decl":{"start":{"line":31,"column":26},"end":{"line":31,"column":27}},"loc":{"start":{"line":31,"column":43},"end":{"line":37,"column":1}},"line":31},"5":{"name":"(anonymous_5)","decl":{"start":{"line":33,"column":30},"end":{"line":33,"column":31}},"loc":{"start":{"line":33,"column":45},"end":{"line":35,"column":5}},"line":33},"6":{"name":"(anonymous_6)","decl":{"start":{"line":42,"column":26},"end":{"line":42,"column":27}},"loc":{"start":{"line":42,"column":43},"end":{"line":48,"column":1}},"line":42},"7":{"name":"(anonymous_7)","decl":{"start":{"line":44,"column":30},"end":{"line":44,"column":31}},"loc":{"start":{"line":44,"column":45},"end":{"line":46,"column":5}},"line":44},"8":{"name":"(anonymous_8)","decl":{"start":{"line":53,"column":27},"end":{"line":53,"column":28}},"loc":{"start":{"line":53,"column":44},"end":{"line":59,"column":1}},"line":53},"9":{"name":"(anonymous_9)","decl":{"start":{"line":55,"column":30},"end":{"line":55,"column":31}},"loc":{"start":{"line":55,"column":46},"end":{"line":57,"column":5}},"line":55},"10":{"name":"(anonymous_10)","decl":{"start":{"line":64,"column":32},"end":{"line":64,"column":33}},"loc":{"start":{"line":64,"column":38},"end":{"line":98,"column":1}},"line":64},"11":{"name":"(anonymous_11)","decl":{"start":{"line":65,"column":26},"end":{"line":65,"column":27}},"loc":{"start":{"line":65,"column":38},"end":{"line":90,"column":3}},"line":65},"12":{"name":"(anonymous_12)","decl":{"start":{"line":103,"column":41},"end":{"line":103,"column":42}},"loc":{"start":{"line":103,"column":47},"end":{"line":155,"column":1}},"line":103},"13":{"name":"(anonymous_13)","decl":{"start":{"line":142,"column":33},"end":{"line":142,"column":34}},"loc":{"start":{"line":142,"column":42},"end":{"line":151,"column":5}},"line":142},"14":{"name":"(anonymous_14)","decl":{"start":{"line":160,"column":37},"end":{"line":160,"column":38}},"loc":{"start":{"line":160,"column":43},"end":{"line":174,"column":1}},"line":160},"15":{"name":"(anonymous_15)","decl":{"start":{"line":167,"column":23},"end":{"line":167,"column":24}},"loc":{"start":{"line":167,"column":38},"end":{"line":173,"column":3}},"line":167},"16":{"name":"(anonymous_16)","decl":{"start":{"line":179,"column":41},"end":{"line":179,"column":42}},"loc":{"start":{"line":179,"column":47},"end":{"line":203,"column":1}},"line":179},"17":{"name":"(anonymous_17)","decl":{"start":{"line":187,"column":36},"end":{"line":187,"column":37}},"loc":{"start":{"line":187,"column":42},"end":{"line":191,"column":5}},"line":187},"18":{"name":"(anonymous_18)","decl":{"start":{"line":188,"column":17},"end":{"line":188,"column":18}},"loc":{"start":{"line":188,"column":23},"end":{"line":190,"column":7}},"line":188},"19":{"name":"(anonymous_19)","decl":{"start":{"line":196,"column":36},"end":{"line":196,"column":37}},"loc":{"start":{"line":196,"column":42},"end":{"line":201,"column":5}},"line":196},"20":{"name":"(anonymous_20)","decl":{"start":{"line":197,"column":17},"end":{"line":197,"column":18}},"loc":{"start":{"line":197,"column":23},"end":{"line":200,"column":7}},"line":197}},"branchMap":{"0":{"loc":{"start":{"line":10,"column":2},"end":{"line":14,"column":3}},"type":"if","locations":[{"start":{"line":10,"column":2},"end":{"line":14,"column":3}},{"start":{},"end":{}}],"line":10},"1":{"loc":{"start":{"line":10,"column":6},"end":{"line":10,"column":52}},"type":"binary-expr","locations":[{"start":{"line":10,"column":6},"end":{"line":10,"column":17}},{"start":{"line":10,"column":21},"end":{"line":10,"column":52}}],"line":10},"2":{"loc":{"start":{"line":21,"column":2},"end":{"line":25,"column":3}},"type":"if","locations":[{"start":{"line":21,"column":2},"end":{"line":25,"column":3}},{"start":{},"end":{}}],"line":21},"3":{"loc":{"start":{"line":21,"column":6},"end":{"line":21,"column":52}},"type":"binary-expr","locations":[{"start":{"line":21,"column":6},"end":{"line":21,"column":17}},{"start":{"line":21,"column":21},"end":{"line":21,"column":52}}],"line":21},"4":{"loc":{"start":{"line":32,"column":2},"end":{"line":36,"column":3}},"type":"if","locations":[{"start":{"line":32,"column":2},"end":{"line":36,"column":3}},{"start":{},"end":{}}],"line":32},"5":{"loc":{"start":{"line":32,"column":6},"end":{"line":32,"column":52}},"type":"binary-expr","locations":[{"start":{"line":32,"column":6},"end":{"line":32,"column":17}},{"start":{"line":32,"column":21},"end":{"line":32,"column":52}}],"line":32},"6":{"loc":{"start":{"line":43,"column":2},"end":{"line":47,"column":3}},"type":"if","locations":[{"start":{"line":43,"column":2},"end":{"line":47,"column":3}},{"start":{},"end":{}}],"line":43},"7":{"loc":{"start":{"line":43,"column":6},"end":{"line":43,"column":52}},"type":"binary-expr","locations":[{"start":{"line":43,"column":6},"end":{"line":43,"column":17}},{"start":{"line":43,"column":21},"end":{"line":43,"column":52}}],"line":43},"8":{"loc":{"start":{"line":54,"column":2},"end":{"line":58,"column":3}},"type":"if","locations":[{"start":{"line":54,"column":2},"end":{"line":58,"column":3}},{"start":{},"end":{}}],"line":54},"9":{"loc":{"start":{"line":54,"column":6},"end":{"line":54,"column":52}},"type":"binary-expr","locations":[{"start":{"line":54,"column":6},"end":{"line":54,"column":17}},{"start":{"line":54,"column":21},"end":{"line":54,"column":52}}],"line":54},"10":{"loc":{"start":{"line":67,"column":4},"end":{"line":69,"column":5}},"type":"if","locations":[{"start":{"line":67,"column":4},"end":{"line":69,"column":5}},{"start":{},"end":{}}],"line":67},"11":{"loc":{"start":{"line":72,"column":4},"end":{"line":79,"column":5}},"type":"if","locations":[{"start":{"line":72,"column":4},"end":{"line":79,"column":5}},{"start":{},"end":{}}],"line":72},"12":{"loc":{"start":{"line":74,"column":26},"end":{"line":74,"column":84}},"type":"cond-expr","locations":[{"start":{"line":74,"column":50},"end":{"line":74,"column":69}},{"start":{"line":74,"column":72},"end":{"line":74,"column":84}}],"line":74},"13":{"loc":{"start":{"line":82,"column":4},"end":{"line":89,"column":5}},"type":"if","locations":[{"start":{"line":82,"column":4},"end":{"line":89,"column":5}},{"start":{},"end":{}}],"line":82},"14":{"loc":{"start":{"line":82,"column":8},"end":{"line":82,"column":84}},"type":"binary-expr","locations":[{"start":{"line":82,"column":8},"end":{"line":82,"column":30}},{"start":{"line":82,"column":34},"end":{"line":82,"column":84}}],"line":82},"15":{"loc":{"start":{"line":104,"column":2},"end":{"line":106,"column":3}},"type":"if","locations":[{"start":{"line":104,"column":2},"end":{"line":106,"column":3}},{"start":{},"end":{}}],"line":104},"16":{"loc":{"start":{"line":104,"column":6},"end":{"line":104,"column":55}},"type":"binary-expr","locations":[{"start":{"line":104,"column":6},"end":{"line":104,"column":25}},{"start":{"line":104,"column":29},"end":{"line":104,"column":55}}],"line":104},"17":{"loc":{"start":{"line":141,"column":2},"end":{"line":152,"column":3}},"type":"if","locations":[{"start":{"line":141,"column":2},"end":{"line":152,"column":3}},{"start":{},"end":{}}],"line":141},"18":{"loc":{"start":{"line":143,"column":6},"end":{"line":150,"column":7}},"type":"if","locations":[{"start":{"line":143,"column":6},"end":{"line":150,"column":7}},{"start":{},"end":{}}],"line":143},"19":{"loc":{"start":{"line":161,"column":2},"end":{"line":163,"column":3}},"type":"if","locations":[{"start":{"line":161,"column":2},"end":{"line":163,"column":3}},{"start":{},"end":{}}],"line":161},"20":{"loc":{"start":{"line":161,"column":6},"end":{"line":161,"column":65}},"type":"binary-expr","locations":[{"start":{"line":161,"column":6},"end":{"line":161,"column":25}},{"start":{"line":161,"column":29},"end":{"line":161,"column":65}}],"line":161},"21":{"loc":{"start":{"line":184,"column":2},"end":{"line":192,"column":3}},"type":"if","locations":[{"start":{"line":184,"column":2},"end":{"line":192,"column":3}},{"start":{"line":186,"column":9},"end":{"line":192,"column":3}}],"line":184},"22":{"loc":{"start":{"line":195,"column":2},"end":{"line":202,"column":3}},"type":"if","locations":[{"start":{"line":195,"column":2},"end":{"line":202,"column":3}},{"start":{},"end":{}}],"line":195}},"s":{"0":1,"1":0,"2":0,"3":0,"4":1,"5":0,"6":0,"7":0,"8":1,"9":0,"10":0,"11":0,"12":1,"13":0,"14":0,"15":0,"16":1,"17":0,"18":0,"19":0,"20":1,"21":0,"22":0,"23":0,"24":0,"25":0,"26":0,"27":0,"28":0,"29":0,"30":0,"31":0,"32":0,"33":1,"34":0,"35":0,"36":0,"37":0,"38":0,"39":0,"40":0,"41":0,"42":0,"43":0,"44":1,"45":0,"46":0,"47":0,"48":0,"49":0,"50":1,"51":0,"52":0,"53":0,"54":0,"55":0,"56":0,"57":0,"58":0,"59":0,"60":0,"61":0},"f":{"0":0,"1":0,"2":0,"3":0,"4":0,"5":0,"6":0,"7":0,"8":0,"9":0,"10":0,"11":0,"12":0,"13":0,"14":0,"15":0,"16":0,"17":0,"18":0,"19":0,"20":0},"b":{"0":[0,0],"1":[0,0],"2":[0,0],"3":[0,0],"4":[0,0],"5":[0,0],"6":[0,0],"7":[0,0],"8":[0,0],"9":[0,0],"10":[0,0],"11":[0,0],"12":[0,0],"13":[0,0],"14":[0,0],"15":[0,0],"16":[0,0],"17":[0,0],"18":[0,0],"19":[0,0],"20":[0,0],"21":[0,0],"22":[0,0]},"_coverageSchema":"1a1c01bbd47fc00a2c39e90264f33305004495a9","hash":"980df7e55b69ee8774a10e446365fbb233119557"}
}
