TN:
SF:src\App.jsx
FN:20,App
FNF:1
FNH:0
FNDA:0,App
DA:18,0
DA:21,0
LF:2
LH:0
BRDA:18,0,0,0
BRDA:18,0,1,0
BRF:2
BRH:0
end_of_record
TN:
SF:src\components\About.jsx
FN:9,(anonymous_0)
FN:10,(anonymous_1)
FNF:2
FNH:0
FNDA:0,(anonymous_0)
FNDA:0,(anonymous_1)
DA:7,0
DA:9,0
DA:10,0
DA:11,0
DA:22,0
DA:29,0
LF:6
LH:0
BRF:0
BRH:0
end_of_record
TN:
SF:src\components\AdminNavbar.jsx
FN:5,(anonymous_0)
FN:9,(anonymous_1)
FN:20,(anonymous_2)
FN:39,(anonymous_3)
FN:79,(anonymous_4)
FN:90,(anonymous_5)
FNF:6
FNH:0
FNDA:0,(anonymous_0)
FNDA:0,(anonymous_1)
FNDA:0,(anonymous_2)
FNDA:0,(anonymous_3)
FNDA:0,(anonymous_4)
FNDA:0,(anonymous_5)
DA:5,0
DA:6,0
DA:7,0
DA:9,0
DA:10,0
DA:13,0
DA:20,0
DA:21,0
DA:24,0
DA:40,0
DA:41,0
DA:80,0
DA:81,0
DA:90,0
LF:14
LH:0
BRDA:46,0,0,0
BRDA:46,0,1,0
BRDA:66,1,0,0
BRDA:66,1,1,0
BRDA:76,2,0,0
BRDA:76,2,1,0
BRDA:86,3,0,0
BRDA:86,3,1,0
BRF:8
BRH:0
end_of_record
TN:
SF:src\components\AnimatedTitle.jsx
FN:8,(anonymous_0)
FN:11,(anonymous_1)
FN:12,(anonymous_2)
FN:34,(anonymous_3)
FN:39,(anonymous_4)
FN:44,(anonymous_5)
FNF:6
FNH:0
FNDA:0,(anonymous_0)
FNDA:0,(anonymous_1)
FNDA:0,(anonymous_2)
FNDA:0,(anonymous_3)
FNDA:0,(anonymous_4)
FNDA:0,(anonymous_5)
DA:6,0
DA:8,0
DA:9,0
DA:11,0
DA:12,0
DA:13,0
DA:22,0
DA:34,0
DA:37,0
DA:40,0
DA:45,0
LF:11
LH:0
BRF:0
BRH:0
end_of_record
TN:
SF:src\components\BottomNav.jsx
FN:5,(anonymous_0)
FN:17,(anonymous_1)
FN:22,(anonymous_2)
FNF:3
FNH:0
FNDA:0,(anonymous_0)
FNDA:0,(anonymous_1)
FNDA:0,(anonymous_2)
DA:5,0
DA:6,0
DA:7,0
DA:9,0
DA:17,0
DA:19,0
DA:23,0
DA:24,0
DA:26,0
LF:9
LH:0
BRDA:30,0,0,0
BRDA:30,0,1,0
BRDA:35,1,0,0
BRDA:35,1,1,0
BRDA:36,2,0,0
BRDA:36,2,1,0
BRDA:39,3,0,0
BRDA:39,3,1,0
BRF:8
BRH:0
end_of_record
TN:
SF:src\components\Button.jsx
FN:3,(anonymous_0)
FNF:1
FNH:0
FNDA:0,(anonymous_0)
DA:3,0
DA:4,0
LF:2
LH:0
BRF:0
BRH:0
end_of_record
TN:
SF:src\components\ConnectionStatus.jsx
FN:5,(anonymous_0)
FN:9,(anonymous_1)
FN:11,(anonymous_2)
FN:15,(anonymous_3)
FN:18,(anonymous_4)
FN:23,(anonymous_5)
FN:33,(anonymous_6)
FN:43,(anonymous_7)
FN:90,(anonymous_8)
FNF:9
FNH:0
FNDA:0,(anonymous_0)
FNDA:0,(anonymous_1)
FNDA:0,(anonymous_2)
FNDA:0,(anonymous_3)
FNDA:0,(anonymous_4)
FNDA:0,(anonymous_5)
FNDA:0,(anonymous_6)
FNDA:0,(anonymous_7)
FNDA:0,(anonymous_8)
DA:5,0
DA:6,0
DA:7,0
DA:9,0
DA:11,0
DA:12,0
DA:15,0
DA:18,0
DA:19,0
DA:20,0
DA:23,0
DA:24,0
DA:25,0
DA:26,0
DA:27,0
DA:29,0
DA:33,0
DA:34,0
DA:35,0
DA:36,0
DA:37,0
DA:39,0
DA:43,0
DA:44,0
DA:45,0
DA:46,0
DA:47,0
DA:49,0
DA:54,0
DA:55,0
DA:58,0
DA:90,0
LF:32
LH:0
BRDA:24,0,0,0
BRDA:24,0,1,0
BRDA:26,1,0,0
BRDA:26,1,1,0
BRDA:34,2,0,0
BRDA:34,2,1,0
BRDA:36,3,0,0
BRDA:36,3,1,0
BRDA:44,4,0,0
BRDA:44,4,1,0
BRDA:46,5,0,0
BRDA:46,5,1,0
BRDA:54,6,0,0
BRDA:54,6,1,0
BRDA:54,7,0,0
BRDA:54,7,1,0
BRDA:60,8,0,0
BRDA:60,8,1,0
BRDA:68,9,0,0
BRDA:68,9,1,0
BRDA:70,10,0,0
BRDA:70,10,1,0
BRDA:75,11,0,0
BRDA:75,11,1,0
BRF:24
BRH:0
end_of_record
TN:
SF:src\components\Contact.jsx
FN:4,(anonymous_0)
FNF:1
FNH:0
FNDA:0,(anonymous_0)
DA:4,0
DA:5,0
LF:2
LH:0
BRF:0
BRH:0
end_of_record
TN:
SF:src\components\Donors.jsx
FN:7,(anonymous_0)
FN:13,(anonymous_1)
FN:17,(anonymous_2)
FN:30,(anonymous_3)
FN:32,(anonymous_4)
FN:59,(anonymous_5)
FN:63,(anonymous_6)
FN:123,(anonymous_7)
FN:173,(anonymous_8)
FNF:9
FNH:0
FNDA:0,(anonymous_0)
FNDA:0,(anonymous_1)
FNDA:0,(anonymous_2)
FNDA:0,(anonymous_3)
FNDA:0,(anonymous_4)
FNDA:0,(anonymous_5)
FNDA:0,(anonymous_6)
FNDA:0,(anonymous_7)
FNDA:0,(anonymous_8)
DA:7,0
DA:8,0
DA:9,0
DA:10,0
DA:11,0
DA:13,0
DA:14,0
DA:17,0
DA:18,0
DA:19,0
DA:22,0
DA:28,0
DA:30,0
DA:31,0
DA:32,0
DA:33,0
DA:35,0
DA:36,0
DA:46,0
DA:47,0
DA:48,0
DA:50,0
DA:51,0
DA:55,0
DA:56,0
DA:59,0
DA:60,0
DA:63,0
DA:64,0
DA:66,0
DA:68,0
DA:69,0
DA:70,0
DA:71,0
DA:73,0
DA:77,0
DA:78,0
DA:90,0
DA:124,0
DA:174,0
LF:40
LH:0
BRDA:33,0,0,0
BRDA:33,0,1,0
BRDA:33,0,2,0
BRDA:35,1,0,0
BRDA:35,1,1,0
BRDA:39,2,0,0
BRDA:39,2,1,0
BRDA:47,3,0,0
BRDA:47,3,1,0
BRDA:50,4,0,0
BRDA:50,4,1,0
BRDA:77,5,0,0
BRDA:77,5,1,0
BRDA:117,6,0,0
BRDA:117,6,1,0
BRDA:130,7,0,0
BRDA:130,7,1,0
BRDA:131,8,0,0
BRDA:131,8,1,0
BRDA:132,9,0,0
BRDA:132,9,1,0
BRDA:137,10,0,0
BRDA:137,10,1,0
BRDA:139,11,0,0
BRDA:139,11,1,0
BRDA:140,12,0,0
BRDA:140,12,1,0
BRDA:167,13,0,0
BRDA:167,13,1,0
BRDA:187,14,0,0
BRDA:187,14,1,0
BRF:31
BRH:0
end_of_record
TN:
SF:src\components\EquityStructure.jsx
FN:11,(anonymous_0)
FN:22,(anonymous_1)
FN:26,(anonymous_2)
FN:40,(anonymous_3)
FN:49,(anonymous_4)
FN:50,(anonymous_5)
FN:62,(anonymous_6)
FN:64,(anonymous_7)
FN:98,(anonymous_8)
FN:126,(anonymous_9)
FN:140,(anonymous_10)
FN:228,(anonymous_11)
FN:259,(anonymous_12)
FN:290,(anonymous_13)
FNF:14
FNH:0
FNDA:0,(anonymous_0)
FNDA:0,(anonymous_1)
FNDA:0,(anonymous_2)
FNDA:0,(anonymous_3)
FNDA:0,(anonymous_4)
FNDA:0,(anonymous_5)
FNDA:0,(anonymous_6)
FNDA:0,(anonymous_7)
FNDA:0,(anonymous_8)
FNDA:0,(anonymous_9)
FNDA:0,(anonymous_10)
FNDA:0,(anonymous_11)
FNDA:0,(anonymous_12)
FNDA:0,(anonymous_13)
DA:9,0
DA:11,0
DA:12,0
DA:19,0
DA:20,0
DA:22,0
DA:23,0
DA:26,0
DA:27,0
DA:28,0
DA:35,0
DA:36,0
DA:37,0
DA:40,0
DA:48,0
DA:50,0
DA:51,0
DA:52,0
DA:54,0
DA:60,0
DA:62,0
DA:64,0
DA:69,0
DA:77,0
DA:79,0
DA:94,0
DA:98,0
DA:100,0
DA:101,0
DA:105,0
DA:106,0
DA:107,0
DA:126,0
DA:127,0
DA:128,0
DA:135,0
DA:136,0
DA:140,0
DA:141,0
DA:142,0
DA:143,0
DA:145,0
DA:146,0
DA:150,0
DA:229,0
DA:260,0
DA:291,0
DA:292,0
DA:293,0
DA:294,0
LF:50
LH:0
BRDA:35,0,0,0
BRDA:35,0,1,0
BRDA:36,1,0,0
BRDA:36,1,1,0
BRDA:37,2,0,0
BRDA:37,2,1,0
BRDA:40,3,0,0
BRDA:40,3,1,0
BRDA:41,4,0,0
BRDA:41,4,1,0
BRDA:44,5,0,0
BRDA:44,5,1,0
BRDA:48,6,0,0
BRDA:48,6,1,0
BRDA:50,7,0,0
BRDA:50,7,1,0
BRDA:51,8,0,0
BRDA:51,8,1,0
BRDA:55,9,0,0
BRDA:55,9,1,0
BRDA:66,10,0,0
BRDA:66,10,1,0
BRDA:100,11,0,0
BRDA:100,11,1,0
BRDA:100,12,0,0
BRDA:100,12,1,0
BRDA:100,12,2,0
BRDA:106,13,0,0
BRDA:106,13,1,0
BRDA:127,14,0,0
BRDA:127,14,1,0
BRDA:174,15,0,0
BRDA:174,15,1,0
BRDA:192,16,0,0
BRDA:192,16,1,0
BRDA:210,17,0,0
BRDA:210,17,1,0
BRDA:227,18,0,0
BRDA:227,18,1,0
BRDA:227,19,0,0
BRDA:227,19,1,0
BRDA:242,20,0,0
BRDA:242,20,1,0
BRDA:258,21,0,0
BRDA:258,21,1,0
BRDA:258,22,0,0
BRDA:258,22,1,0
BRDA:273,23,0,0
BRDA:273,23,1,0
BRDA:291,24,0,0
BRDA:291,24,1,0
BRDA:291,25,0,0
BRDA:291,25,1,0
BRDA:293,26,0,0
BRDA:293,26,1,0
BRF:55
BRH:0
end_of_record
TN:
SF:src\components\Features.jsx
FN:4,(anonymous_0)
FN:8,(anonymous_1)
FN:24,(anonymous_2)
FN:41,(anonymous_3)
FN:46,(anonymous_4)
FN:56,(anonymous_5)
FN:57,(anonymous_6)
FN:101,(anonymous_7)
FNF:8
FNH:0
FNDA:0,(anonymous_0)
FNDA:0,(anonymous_1)
FNDA:0,(anonymous_2)
FNDA:0,(anonymous_3)
FNDA:0,(anonymous_4)
FNDA:0,(anonymous_5)
FNDA:0,(anonymous_6)
FNDA:0,(anonymous_7)
DA:4,0
DA:5,0
DA:6,0
DA:8,0
DA:9,0
DA:12,0
DA:14,0
DA:15,0
DA:17,0
DA:18,0
DA:20,0
DA:21,0
DA:24,0
DA:25,0
DA:28,0
DA:41,0
DA:42,0
DA:43,0
DA:44,0
DA:46,0
DA:47,0
DA:48,0
DA:50,0
DA:56,0
DA:57,0
DA:59,0
DA:101,0
DA:102,0
LF:28
LH:0
BRDA:4,0,0,0
BRDA:9,1,0,0
BRDA:9,1,1,0
BRDA:47,2,0,0
BRDA:47,2,1,0
BRDA:71,3,0,0
BRDA:71,3,1,0
BRDA:76,4,0,0
BRDA:76,4,1,0
BRF:9
BRH:0
end_of_record
TN:
SF:src\components\Footer.jsx
FN:10,(anonymous_0)
FN:27,(anonymous_1)
FNF:2
FNH:2
FNDA:2,(anonymous_0)
FNDA:8,(anonymous_1)
DA:3,1
DA:10,1
DA:11,2
DA:28,8
LF:4
LH:4
BRF:0
BRH:0
end_of_record
TN:
SF:src\components\Hero.jsx
FN:13,(anonymous_0)
FN:22,(anonymous_1)
FN:26,(anonymous_2)
FN:48,(anonymous_3)
FN:65,(anonymous_4)
FNF:5
FNH:0
FNDA:0,(anonymous_0)
FNDA:0,(anonymous_1)
FNDA:0,(anonymous_2)
FNDA:0,(anonymous_3)
FNDA:0,(anonymous_4)
DA:11,0
DA:13,0
DA:14,0
DA:15,0
DA:16,0
DA:17,0
DA:18,0
DA:20,0
DA:22,0
DA:23,0
DA:26,0
DA:27,0
DA:28,0
DA:34,0
DA:35,0
DA:36,0
DA:38,0
DA:40,0
DA:41,0
DA:42,0
DA:44,0
DA:48,0
DA:49,0
DA:50,0
DA:65,0
DA:66,0
DA:83,0
LF:27
LH:0
BRDA:34,0,0,0
BRDA:34,0,1,0
BRDA:35,1,0,0
BRDA:35,1,1,0
BRDA:36,2,0,0
BRDA:36,2,1,0
BRDA:49,3,0,0
BRDA:49,3,1,0
BRDA:118,4,0,0
BRDA:118,4,1,0
BRDA:132,5,0,0
BRDA:132,5,1,0
BRDA:146,6,0,0
BRDA:146,6,1,0
BRF:14
BRH:0
end_of_record
TN:
SF:src\components\LanguageSwitcher.jsx
FN:12,LanguageSwitcher
FN:17,(anonymous_1)
FN:19,(anonymous_2)
FN:29,(anonymous_3)
FN:30,(anonymous_4)
FN:37,(anonymous_5)
FN:41,(anonymous_6)
FN:48,(anonymous_7)
FN:66,(anonymous_8)
FN:69,(anonymous_9)
FNF:10
FNH:0
FNDA:0,LanguageSwitcher
FNDA:0,(anonymous_1)
FNDA:0,(anonymous_2)
FNDA:0,(anonymous_3)
FNDA:0,(anonymous_4)
FNDA:0,(anonymous_5)
FNDA:0,(anonymous_6)
FNDA:0,(anonymous_7)
FNDA:0,(anonymous_8)
FNDA:0,(anonymous_9)
DA:4,0
DA:13,0
DA:14,0
DA:15,0
DA:17,0
DA:19,0
DA:20,0
DA:21,0
DA:24,0
DA:25,0
DA:29,0
DA:30,0
DA:31,0
DA:32,0
DA:36,0
DA:37,0
DA:41,0
DA:42,0
DA:45,0
DA:48,0
DA:67,0
DA:69,0
LF:22
LH:0
BRDA:17,0,0,0
BRDA:17,0,1,0
BRDA:25,1,0,0
BRDA:25,1,1,0
BRDA:31,2,0,0
BRDA:31,2,1,0
BRDA:31,3,0,0
BRDA:31,3,1,0
BRDA:42,4,0,0
BRDA:42,4,1,0
BRDA:55,5,0,0
BRDA:55,5,1,0
BRDA:64,6,0,0
BRDA:64,6,1,0
BRDA:70,7,0,0
BRDA:70,7,1,0
BRDA:75,8,0,0
BRDA:75,8,1,0
BRF:18
BRH:0
end_of_record
TN:
SF:src\components\MobileHeader.jsx
FN:16,(anonymous_0)
FN:21,(anonymous_1)
FN:30,(anonymous_2)
FN:32,(anonymous_3)
FN:55,(anonymous_4)
FN:72,(anonymous_5)
FN:85,(anonymous_6)
FN:103,(anonymous_7)
FN:112,(anonymous_8)
FN:115,(anonymous_9)
FN:145,(anonymous_10)
FN:145,(anonymous_11)
FNF:12
FNH:0
FNDA:0,(anonymous_0)
FNDA:0,(anonymous_1)
FNDA:0,(anonymous_2)
FNDA:0,(anonymous_3)
FNDA:0,(anonymous_4)
FNDA:0,(anonymous_5)
FNDA:0,(anonymous_6)
FNDA:0,(anonymous_7)
FNDA:0,(anonymous_8)
FNDA:0,(anonymous_9)
FNDA:0,(anonymous_10)
FNDA:0,(anonymous_11)
DA:6,0
DA:16,0
DA:17,0
DA:18,0
DA:19,0
DA:21,0
DA:22,0
DA:23,0
DA:24,0
DA:25,0
DA:26,0
DA:27,0
DA:30,0
DA:31,0
DA:32,0
DA:33,0
DA:37,0
DA:55,0
DA:73,0
DA:74,0
DA:85,0
DA:103,0
DA:113,0
DA:115,0
DA:145,0
LF:25
LH:0
BRDA:24,0,0,0
BRDA:24,0,1,0
BRDA:31,1,0,0
BRDA:31,1,1,0
BRDA:57,2,0,0
BRDA:57,2,1,0
BRDA:63,3,0,0
BRDA:63,3,1,0
BRDA:68,4,0,0
BRDA:68,4,1,0
BRDA:85,5,0,0
BRDA:85,5,1,0
BRDA:93,6,0,0
BRDA:93,6,1,0
BRDA:117,7,0,0
BRDA:117,7,1,0
BRDA:129,8,0,0
BRDA:129,8,1,0
BRDA:133,9,0,0
BRDA:133,9,1,0
BRF:20
BRH:0
end_of_record
TN:
SF:src\components\Navbar.jsx
FN:7,(anonymous_0)
FN:15,(anonymous_1)
FN:29,(anonymous_2)
FN:36,(anonymous_3)
FN:41,(anonymous_4)
FN:59,(anonymous_5)
FN:63,(anonymous_6)
FN:87,(anonymous_7)
FN:115,(anonymous_8)
FN:159,(anonymous_9)
FN:196,(anonymous_10)
FN:206,(anonymous_11)
FN:238,(anonymous_12)
FN:251,(anonymous_13)
FN:259,(anonymous_14)
FN:264,(anonymous_15)
FNF:16
FNH:0
FNDA:0,(anonymous_0)
FNDA:0,(anonymous_1)
FNDA:0,(anonymous_2)
FNDA:0,(anonymous_3)
FNDA:0,(anonymous_4)
FNDA:0,(anonymous_5)
FNDA:0,(anonymous_6)
FNDA:0,(anonymous_7)
FNDA:0,(anonymous_8)
FNDA:0,(anonymous_9)
FNDA:0,(anonymous_10)
FNDA:0,(anonymous_11)
FNDA:0,(anonymous_12)
FNDA:0,(anonymous_13)
FNDA:0,(anonymous_14)
FNDA:0,(anonymous_15)
DA:7,0
DA:8,0
DA:9,0
DA:10,0
DA:11,0
DA:12,0
DA:13,0
DA:15,0
DA:17,0
DA:18,0
DA:19,0
DA:20,0
DA:21,0
DA:23,0
DA:24,0
DA:29,0
DA:30,0
DA:31,0
DA:34,0
DA:36,0
DA:37,0
DA:41,0
DA:42,0
DA:43,0
DA:44,0
DA:45,0
DA:49,0
DA:57,0
DA:59,0
DA:60,0
DA:63,0
DA:64,0
DA:67,0
DA:88,0
DA:89,0
DA:115,0
DA:160,0
DA:161,0
DA:197,0
DA:198,0
DA:206,0
DA:239,0
DA:240,0
DA:251,0
DA:260,0
DA:261,0
DA:264,0
LF:47
LH:0
BRDA:7,0,0,0
BRDA:18,1,0,0
BRDA:18,1,1,0
BRDA:30,2,0,0
BRDA:30,2,1,0
BRDA:30,3,0,0
BRDA:30,3,1,0
BRDA:91,4,0,0
BRDA:91,4,1,0
BRDA:93,5,0,0
BRDA:93,5,1,0
BRDA:112,6,0,0
BRDA:112,6,1,0
BRDA:118,7,0,0
BRDA:118,7,1,0
BRDA:133,8,0,0
BRDA:133,8,1,0
BRDA:164,9,0,0
BRDA:164,9,1,0
BRDA:183,10,0,0
BRDA:183,10,1,0
BRDA:193,11,0,0
BRDA:193,11,1,0
BRDA:200,12,0,0
BRDA:200,12,1,0
BRDA:202,13,0,0
BRDA:202,13,1,0
BRDA:220,14,0,0
BRDA:220,14,1,0
BRDA:223,15,0,0
BRDA:223,15,1,0
BRDA:265,16,0,0
BRDA:265,16,1,0
BRF:33
BRH:0
end_of_record
TN:
SF:src\components\Reports.jsx
FN:11,(anonymous_0)
FN:16,(anonymous_1)
FN:20,(anonymous_2)
FN:28,(anonymous_3)
FN:172,(anonymous_4)
FN:200,(anonymous_5)
FN:210,(anonymous_6)
FN:270,(anonymous_7)
FN:273,(anonymous_8)
FN:375,(anonymous_9)
FN:408,(anonymous_10)
FN:426,(anonymous_11)
FNF:12
FNH:0
FNDA:0,(anonymous_0)
FNDA:0,(anonymous_1)
FNDA:0,(anonymous_2)
FNDA:0,(anonymous_3)
FNDA:0,(anonymous_4)
FNDA:0,(anonymous_5)
FNDA:0,(anonymous_6)
FNDA:0,(anonymous_7)
FNDA:0,(anonymous_8)
FNDA:0,(anonymous_9)
FNDA:0,(anonymous_10)
FNDA:0,(anonymous_11)
DA:9,0
DA:11,0
DA:12,0
DA:13,0
DA:14,0
DA:16,0
DA:17,0
DA:20,0
DA:21,0
DA:22,0
DA:27,0
DA:28,0
DA:30,0
DA:97,0
DA:99,0
DA:166,0
DA:170,0
DA:172,0
DA:174,0
DA:175,0
DA:179,0
DA:180,0
DA:181,0
DA:200,0
DA:201,0
DA:202,0
DA:203,0
DA:205,0
DA:206,0
DA:210,0
DA:211,0
DA:217,0
DA:218,0
DA:219,0
DA:222,0
DA:223,0
DA:226,0
DA:228,0
DA:229,0
DA:230,0
DA:232,0
DA:233,0
DA:239,0
DA:240,0
DA:252,0
DA:271,0
DA:273,0
DA:376,0
DA:409,0
DA:427,0
LF:50
LH:0
BRDA:27,0,0,0
BRDA:27,0,1,0
BRDA:28,1,0,0
BRDA:28,1,1,0
BRDA:45,2,0,0
BRDA:45,2,1,0
BRDA:77,3,0,0
BRDA:77,3,1,0
BRDA:170,4,0,0
BRDA:170,4,1,0
BRDA:174,5,0,0
BRDA:174,5,1,0
BRDA:174,6,0,0
BRDA:174,6,1,0
BRDA:174,6,2,0
BRDA:180,7,0,0
BRDA:180,7,1,0
BRDA:213,8,0,0
BRDA:213,8,1,0
BRDA:218,9,0,0
BRDA:218,9,1,0
BRDA:218,10,0,0
BRDA:218,10,1,0
BRDA:218,10,2,0
BRDA:226,11,0,0
BRDA:226,11,1,0
BRDA:239,12,0,0
BRDA:239,12,1,0
BRDA:269,13,0,0
BRDA:269,13,1,0
BRDA:269,14,0,0
BRDA:269,14,1,0
BRDA:275,15,0,0
BRDA:275,15,1,0
BRDA:285,16,0,0
BRDA:285,16,1,0
BRDA:374,17,0,0
BRDA:374,17,1,0
BRDA:374,18,0,0
BRDA:374,18,1,0
BRDA:379,19,0,0
BRDA:379,19,1,0
BRDA:396,20,0,0
BRDA:396,20,1,0
BRDA:407,21,0,0
BRDA:407,21,1,0
BRDA:407,22,0,0
BRDA:407,22,1,0
BRDA:416,23,0,0
BRDA:416,23,1,0
BRDA:425,24,0,0
BRDA:425,24,1,0
BRDA:425,25,0,0
BRDA:425,25,1,0
BRDA:434,26,0,0
BRDA:434,26,1,0
BRF:56
BRH:0
end_of_record
TN:
SF:src\components\Roadmap.jsx
FN:9,(anonymous_0)
FN:63,(anonymous_1)
FN:99,(anonymous_2)
FNF:3
FNH:0
FNDA:0,(anonymous_0)
FNDA:0,(anonymous_1)
FNDA:0,(anonymous_2)
DA:7,0
DA:9,0
DA:10,0
DA:63,0
DA:64,0
DA:82,0
DA:100,0
DA:101,0
LF:8
LH:0
BRDA:107,0,0,0
BRDA:107,0,1,0
BRDA:110,1,0,0
BRDA:110,1,1,0
BRF:4
BRH:0
end_of_record
TN:
SF:src\components\SEO.jsx
FN:16,SEO
FN:32,(anonymous_1)
FN:63,(anonymous_2)
FN:74,(anonymous_3)
FN:85,updateMetaTag
FN:102,updateLinkTag
FN:114,(anonymous_6)
FN:122,addStructuredData
FNF:8
FNH:0
FNDA:0,SEO
FNDA:0,(anonymous_1)
FNDA:0,(anonymous_2)
FNDA:0,(anonymous_3)
FNDA:0,updateMetaTag
FNDA:0,updateLinkTag
FNDA:0,(anonymous_6)
FNDA:0,addStructuredData
DA:25,0
DA:26,0
DA:27,0
DA:28,0
DA:32,0
DA:34,0
DA:37,0
DA:40,0
DA:41,0
DA:45,0
DA:46,0
DA:47,0
DA:48,0
DA:49,0
DA:52,0
DA:53,0
DA:54,0
DA:55,0
DA:58,0
DA:61,0
DA:62,0
DA:63,0
DA:64,0
DA:65,0
DA:70,0
DA:71,0
DA:74,0
DA:79,0
DA:86,0
DA:88,0
DA:90,0
DA:91,0
DA:92,0
DA:93,0
DA:96,0
DA:103,0
DA:105,0
DA:106,0
DA:107,0
DA:108,0
DA:111,0
DA:114,0
DA:115,0
DA:124,0
DA:125,0
DA:126,0
DA:130,0
DA:131,0
DA:132,0
DA:133,0
DA:134,0
LF:51
LH:0
BRDA:20,0,0,0
BRDA:22,1,0,0
BRDA:26,2,0,0
BRDA:26,2,1,0
BRDA:28,3,0,0
BRDA:28,3,1,0
BRDA:28,4,0,0
BRDA:28,4,1,0
BRDA:34,5,0,0
BRDA:34,5,1,0
BRDA:37,6,0,0
BRDA:37,6,1,0
BRDA:40,7,0,0
BRDA:40,7,1,0
BRDA:61,8,0,0
BRDA:61,8,1,0
BRDA:70,9,0,0
BRDA:70,9,1,0
BRDA:85,10,0,0
BRDA:86,11,0,0
BRDA:86,11,1,0
BRDA:90,12,0,0
BRDA:90,12,1,0
BRDA:102,13,0,0
BRDA:102,14,0,0
BRDA:105,15,0,0
BRDA:105,15,1,0
BRDA:125,16,0,0
BRDA:125,16,1,0
BRF:29
BRH:0
end_of_record
TN:
SF:src\components\Story.jsx
FN:7,(anonymous_0)
FN:10,(anonymous_1)
FN:35,(anonymous_2)
FNF:3
FNH:0
FNDA:0,(anonymous_0)
FNDA:0,(anonymous_1)
FNDA:0,(anonymous_2)
DA:7,0
DA:8,0
DA:10,0
DA:11,0
DA:12,0
DA:14,0
DA:16,0
DA:17,0
DA:18,0
DA:20,0
DA:21,0
DA:23,0
DA:24,0
DA:26,0
DA:35,0
DA:36,0
DA:38,0
DA:39,0
DA:48,0
LF:19
LH:0
BRDA:14,0,0,0
BRDA:14,0,1,0
BRDA:38,1,0,0
BRDA:38,1,1,0
BRF:4
BRH:0
end_of_record
TN:
SF:src\components\StripePayment.jsx
FN:32,(anonymous_0)
FN:38,(anonymous_1)
FN:144,(anonymous_2)
FNF:3
FNH:0
FNDA:0,(anonymous_0)
FNDA:0,(anonymous_1)
FNDA:0,(anonymous_2)
DA:12,0
DA:14,0
DA:32,0
DA:33,0
DA:34,0
DA:35,0
DA:36,0
DA:38,0
DA:39,0
DA:41,0
DA:42,0
DA:45,0
DA:46,0
DA:48,0
DA:50,0
DA:51,0
DA:68,0
DA:70,0
DA:71,0
DA:75,0
DA:88,0
DA:89,0
DA:92,0
DA:93,0
DA:103,0
DA:104,0
DA:105,0
DA:107,0
DA:111,0
DA:144,0
DA:145,0
DA:146,0
DA:153,0
LF:33
LH:0
BRDA:12,0,0,0
BRDA:12,0,1,0
BRDA:41,1,0,0
BRDA:41,1,1,0
BRDA:41,2,0,0
BRDA:41,2,1,0
BRDA:70,3,0,0
BRDA:70,3,1,0
BRDA:71,4,0,0
BRDA:71,4,1,0
BRDA:81,5,0,0
BRDA:81,5,1,0
BRDA:82,6,0,0
BRDA:82,6,1,0
BRDA:88,7,0,0
BRDA:88,7,1,0
BRDA:92,8,0,0
BRDA:92,8,1,0
BRDA:104,9,0,0
BRDA:104,9,1,0
BRDA:117,10,0,0
BRDA:117,10,1,0
BRDA:125,11,0,0
BRDA:125,11,1,0
BRDA:128,12,0,0
BRDA:128,12,1,0
BRDA:144,13,0,0
BRDA:144,14,0,0
BRDA:145,15,0,0
BRDA:145,15,1,0
BRF:30
BRH:0
end_of_record
TN:
SF:src\i18n\config.js
FNF:0
FNH:0
DA:13,2
DA:66,2
DA:118,2
DA:128,2
LF:4
LH:4
BRF:0
BRH:0
end_of_record
TN:
SF:src\lib\blockchain.js
FN:6,(anonymous_0)
FN:71,(anonymous_1)
FN:123,(anonymous_2)
FN:132,(anonymous_3)
FN:156,(anonymous_4)
FN:170,(anonymous_5)
FN:235,(anonymous_6)
FN:248,(anonymous_7)
FN:303,(anonymous_8)
FN:374,(anonymous_9)
FN:386,(anonymous_10)
FN:414,(anonymous_11)
FN:442,(anonymous_12)
FN:482,(anonymous_13)
FNF:14
FNH:0
FNDA:0,(anonymous_0)
FNDA:0,(anonymous_1)
FNDA:0,(anonymous_2)
FNDA:0,(anonymous_3)
FNDA:0,(anonymous_4)
FNDA:0,(anonymous_5)
FNDA:0,(anonymous_6)
FNDA:0,(anonymous_7)
FNDA:0,(anonymous_8)
FNDA:0,(anonymous_9)
FNDA:0,(anonymous_10)
FNDA:0,(anonymous_11)
FNDA:0,(anonymous_12)
FNDA:0,(anonymous_13)
DA:6,0
DA:7,0
DA:9,0
DA:10,0
DA:13,0
DA:14,0
DA:15,0
DA:22,0
DA:23,0
DA:24,0
DA:31,0
DA:32,0
DA:35,0
DA:36,0
DA:39,0
DA:42,0
DA:60,0
DA:61,0
DA:71,0
DA:72,0
DA:74,0
DA:76,0
DA:95,0
DA:97,0
DA:98,0
DA:104,0
DA:105,0
DA:107,0
DA:108,0
DA:115,0
DA:116,0
DA:117,0
DA:120,0
DA:121,0
DA:122,0
DA:123,0
DA:125,0
DA:126,0
DA:131,0
DA:132,0
DA:134,0
DA:145,0
DA:146,0
DA:156,0
DA:157,0
DA:164,0
DA:170,0
DA:171,0
DA:173,0
DA:174,0
DA:177,0
DA:178,0
DA:179,0
DA:186,0
DA:187,0
DA:188,0
DA:195,0
DA:196,0
DA:199,0
DA:200,0
DA:203,0
DA:206,0
DA:224,0
DA:225,0
DA:235,0
DA:236,0
DA:237,0
DA:238,0
DA:239,0
DA:241,0
DA:248,0
DA:249,0
DA:250,0
DA:252,0
DA:253,0
DA:255,0
DA:260,0
DA:263,0
DA:264,0
DA:265,0
DA:269,0
DA:275,0
DA:276,0
DA:279,0
DA:282,0
DA:291,0
DA:292,0
DA:303,0
DA:304,0
DA:305,0
DA:306,0
DA:310,0
DA:311,0
DA:314,0
DA:315,0
DA:317,0
DA:318,0
DA:322,0
DA:325,0
DA:326,0
DA:329,0
DA:330,0
DA:333,0
DA:342,0
DA:343,0
DA:344,0
DA:347,0
DA:348,0
DA:351,0
DA:353,0
DA:362,0
DA:363,0
DA:374,0
DA:375,0
DA:376,0
DA:379,0
DA:386,0
DA:387,0
DA:388,0
DA:389,0
DA:391,0
DA:393,0
DA:403,0
DA:404,0
DA:414,0
DA:415,0
DA:416,0
DA:417,0
DA:419,0
DA:421,0
DA:431,0
DA:432,0
DA:442,0
DA:443,0
DA:444,0
DA:446,0
DA:447,0
DA:448,0
DA:461,0
DA:462,0
DA:464,0
DA:465,0
DA:466,0
DA:472,0
DA:473,0
DA:482,0
DA:485,0
DA:490,0
DA:491,0
LF:149
LH:0
BRDA:9,0,0,0
BRDA:9,0,1,0
BRDA:14,1,0,0
BRDA:14,1,1,0
BRDA:23,2,0,0
BRDA:23,2,1,0
BRDA:23,3,0,0
BRDA:23,3,1,0
BRDA:32,4,0,0
BRDA:32,4,1,0
BRDA:39,5,0,0
BRDA:39,5,1,0
BRDA:39,5,2,0
BRDA:39,5,3,0
BRDA:63,6,0,0
BRDA:63,6,1,0
BRDA:74,7,0,0
BRDA:74,7,1,0
BRDA:97,8,0,0
BRDA:97,8,1,0
BRDA:97,9,0,0
BRDA:97,9,1,0
BRDA:100,10,0,0
BRDA:100,10,1,0
BRDA:107,11,0,0
BRDA:107,11,1,0
BRDA:121,12,0,0
BRDA:121,12,1,0
BRDA:125,13,0,0
BRDA:125,13,1,0
BRDA:131,14,0,0
BRDA:131,14,1,0
BRDA:131,14,2,0
BRDA:131,14,3,0
BRDA:141,15,0,0
BRDA:141,15,1,0
BRDA:148,16,0,0
BRDA:148,16,1,0
BRDA:156,17,0,0
BRDA:164,18,0,0
BRDA:164,18,1,0
BRDA:173,19,0,0
BRDA:173,19,1,0
BRDA:178,20,0,0
BRDA:178,20,1,0
BRDA:187,21,0,0
BRDA:187,21,1,0
BRDA:187,22,0,0
BRDA:187,22,1,0
BRDA:196,23,0,0
BRDA:196,23,1,0
BRDA:203,24,0,0
BRDA:203,24,1,0
BRDA:203,24,2,0
BRDA:203,24,3,0
BRDA:227,25,0,0
BRDA:227,25,1,0
BRDA:236,26,0,0
BRDA:236,26,1,0
BRDA:236,27,0,0
BRDA:236,27,1,0
BRDA:238,28,0,0
BRDA:238,28,1,0
BRDA:238,29,0,0
BRDA:238,29,1,0
BRDA:250,30,0,0
BRDA:250,30,1,0
BRDA:252,31,0,0
BRDA:252,31,1,0
BRDA:264,32,0,0
BRDA:264,32,1,0
BRDA:294,33,0,0
BRDA:294,33,1,0
BRDA:305,34,0,0
BRDA:305,34,1,0
BRDA:305,35,0,0
BRDA:305,35,1,0
BRDA:310,36,0,0
BRDA:310,36,1,0
BRDA:317,37,0,0
BRDA:317,37,1,0
BRDA:325,38,0,0
BRDA:325,38,1,0
BRDA:365,39,0,0
BRDA:365,39,1,0
BRDA:374,40,0,0
BRDA:375,41,0,0
BRDA:375,41,1,0
BRDA:375,42,0,0
BRDA:375,42,1,0
BRDA:386,43,0,0
BRDA:388,44,0,0
BRDA:388,44,1,0
BRDA:414,45,0,0
BRDA:416,46,0,0
BRDA:416,46,1,0
BRDA:442,47,0,0
BRDA:444,48,0,0
BRDA:444,48,1,0
BRDA:464,49,0,0
BRDA:464,49,1,0
BRDA:465,50,0,0
BRDA:465,50,1,0
BRDA:472,51,0,0
BRDA:472,51,1,0
BRDA:472,52,0,0
BRDA:472,52,1,0
BRF:107
BRH:0
end_of_record
TN:
SF:src\lib\i18n.js
FN:312,(anonymous_0)
FN:321,(anonymous_1)
FN:323,(anonymous_2)
FNF:3
FNH:0
FNDA:0,(anonymous_0)
FNDA:0,(anonymous_1)
FNDA:0,(anonymous_2)
DA:2,0
DA:310,0
DA:312,0
DA:313,0
DA:314,0
DA:315,0
DA:317,0
DA:321,0
DA:323,0
DA:324,0
DA:325,0
DA:327,0
DA:328,0
DA:329,0
DA:332,0
DA:333,0
DA:334,0
DA:335,0
DA:337,0
DA:340,0
DA:344,0
LF:21
LH:0
BRDA:310,0,0,0
BRDA:310,0,1,0
BRDA:313,1,0,0
BRDA:313,1,1,0
BRDA:328,2,0,0
BRDA:328,2,1,0
BRDA:328,3,0,0
BRDA:328,3,1,0
BRDA:334,4,0,0
BRDA:334,4,1,0
BRDA:334,5,0,0
BRDA:334,5,1,0
BRDA:344,6,0,0
BRDA:344,6,1,0
BRF:14
BRH:0
end_of_record
TN:
SF:src\lib\payment.js
FN:7,(anonymous_0)
FN:41,(anonymous_1)
FN:78,(anonymous_2)
FN:99,(anonymous_3)
FN:123,(anonymous_4)
FN:143,(anonymous_5)
FNF:6
FNH:3
FNDA:0,(anonymous_0)
FNDA:0,(anonymous_1)
FNDA:0,(anonymous_2)
FNDA:4,(anonymous_3)
FNDA:9,(anonymous_4)
FNDA:6,(anonymous_5)
DA:7,1
DA:8,0
DA:12,0
DA:28,0
DA:29,0
DA:32,0
DA:33,0
DA:35,0
DA:36,0
DA:41,1
DA:42,0
DA:44,0
DA:65,0
DA:66,0
DA:69,0
DA:70,0
DA:72,0
DA:73,0
DA:78,1
DA:79,0
DA:80,0
DA:84,0
DA:86,0
DA:87,0
DA:90,0
DA:91,0
DA:93,0
DA:94,0
DA:99,1
DA:101,4
DA:109,4
DA:110,1
DA:113,3
DA:114,3
DA:115,1
DA:116,1
DA:119,2
DA:123,1
DA:124,9
DA:139,9
DA:143,1
DA:144,6
DA:146,6
DA:147,4
DA:153,2
DA:154,0
DA:160,2
LF:47
LH:21
BRDA:7,0,0,0
BRDA:7,1,0,0
BRDA:28,2,0,0
BRDA:28,2,1,0
BRDA:41,3,0,0
BRDA:41,4,0,0
BRDA:65,5,0,0
BRDA:65,5,1,0
BRDA:78,6,0,0
BRDA:80,7,0,0
BRDA:80,7,1,0
BRDA:86,8,0,0
BRDA:86,8,1,0
BRDA:109,9,0,1
BRDA:109,9,1,3
BRDA:114,10,0,1
BRDA:114,10,1,2
BRDA:139,11,0,9
BRDA:139,11,1,1
BRDA:146,12,0,4
BRDA:146,12,1,2
BRDA:153,13,0,0
BRDA:153,13,1,2
BRF:23
BRH:9
end_of_record
TN:
SF:src\lib\pdfGenerator.js
FN:7,(anonymous_0)
FN:54,(anonymous_1)
FN:111,(anonymous_2)
FN:136,(anonymous_3)
FN:166,(anonymous_4)
FN:217,(anonymous_5)
FN:241,(anonymous_6)
FN:280,(anonymous_7)
FNF:8
FNH:0
FNDA:0,(anonymous_0)
FNDA:0,(anonymous_1)
FNDA:0,(anonymous_2)
FNDA:0,(anonymous_3)
FNDA:0,(anonymous_4)
FNDA:0,(anonymous_5)
FNDA:0,(anonymous_6)
FNDA:0,(anonymous_7)
DA:7,1
DA:8,0
DA:9,0
DA:10,0
DA:11,0
DA:14,0
DA:15,0
DA:16,0
DA:17,0
DA:19,0
DA:20,0
DA:21,0
DA:22,0
DA:24,0
DA:25,0
DA:26,0
DA:27,0
DA:30,0
DA:31,0
DA:32,0
DA:33,0
DA:34,0
DA:36,0
DA:37,0
DA:38,0
DA:39,0
DA:40,0
DA:41,0
DA:42,0
DA:43,0
DA:46,0
DA:47,0
DA:48,0
DA:49,0
DA:50,0
DA:52,0
DA:53,0
DA:54,0
DA:55,0
DA:56,0
DA:57,0
DA:59,0
DA:60,0
DA:61,0
DA:63,0
DA:67,0
DA:68,0
DA:69,0
DA:70,0
DA:72,0
DA:73,0
DA:74,0
DA:75,0
DA:77,0
DA:78,0
DA:79,0
DA:80,0
DA:81,0
DA:83,0
DA:84,0
DA:85,0
DA:87,0
DA:88,0
DA:89,0
DA:91,0
DA:92,0
DA:93,0
DA:95,0
DA:99,0
DA:100,0
DA:101,0
DA:102,0
DA:104,0
DA:105,0
DA:106,0
DA:107,0
DA:109,0
DA:110,0
DA:111,0
DA:112,0
DA:113,0
DA:114,0
DA:116,0
DA:117,0
DA:118,0
DA:120,0
DA:124,0
DA:125,0
DA:126,0
DA:127,0
DA:129,0
DA:130,0
DA:131,0
DA:132,0
DA:134,0
DA:135,0
DA:136,0
DA:137,0
DA:138,0
DA:139,0
DA:141,0
DA:142,0
DA:147,0
DA:148,0
DA:149,0
DA:150,0
DA:151,0
DA:152,0
DA:160,0
DA:166,1
DA:167,0
DA:168,0
DA:169,0
DA:170,0
DA:173,0
DA:174,0
DA:175,0
DA:176,0
DA:178,0
DA:179,0
DA:180,0
DA:181,0
DA:184,0
DA:185,0
DA:186,0
DA:187,0
DA:189,0
DA:190,0
DA:191,0
DA:192,0
DA:195,0
DA:196,0
DA:197,0
DA:198,0
DA:199,0
DA:201,0
DA:202,0
DA:203,0
DA:204,0
DA:205,0
DA:206,0
DA:209,0
DA:210,0
DA:211,0
DA:212,0
DA:213,0
DA:215,0
DA:216,0
DA:217,0
DA:218,0
DA:219,0
DA:220,0
DA:222,0
DA:223,0
DA:225,0
DA:229,0
DA:230,0
DA:231,0
DA:232,0
DA:234,0
DA:235,0
DA:236,0
DA:237,0
DA:239,0
DA:240,0
DA:241,0
DA:242,0
DA:243,0
DA:244,0
DA:246,0
DA:247,0
DA:248,0
DA:249,0
DA:250,0
DA:251,0
DA:252,0
DA:253,0
DA:255,0
DA:261,0
DA:262,0
DA:263,0
DA:264,0
DA:265,0
DA:266,0
DA:274,0
DA:280,1
DA:281,0
DA:282,0
DA:283,0
DA:284,0
DA:285,0
DA:288,0
DA:295,0
DA:296,0
DA:297,0
DA:300,0
DA:301,0
DA:302,0
DA:303,0
DA:306,0
DA:308,0
DA:310,0
DA:311,0
LF:203
LH:3
BRDA:21,0,0,0
BRDA:21,0,1,0
BRDA:26,1,0,0
BRDA:26,1,1,0
BRDA:38,2,0,0
BRDA:38,2,1,0
BRDA:40,3,0,0
BRDA:40,3,1,0
BRDA:42,4,0,0
BRDA:42,4,1,0
BRDA:42,5,0,0
BRDA:42,5,1,0
BRDA:46,6,0,0
BRDA:46,6,1,0
BRDA:46,7,0,0
BRDA:46,7,1,0
BRDA:55,8,0,0
BRDA:55,8,1,0
BRDA:59,9,0,0
BRDA:59,9,1,0
BRDA:67,10,0,0
BRDA:67,10,1,0
BRDA:68,11,0,0
BRDA:68,11,1,0
BRDA:79,12,0,0
BRDA:79,12,1,0
BRDA:83,13,0,0
BRDA:83,13,1,0
BRDA:87,14,0,0
BRDA:87,14,1,0
BRDA:91,15,0,0
BRDA:91,15,1,0
BRDA:99,16,0,0
BRDA:99,16,1,0
BRDA:100,17,0,0
BRDA:100,17,1,0
BRDA:112,18,0,0
BRDA:112,18,1,0
BRDA:124,19,0,0
BRDA:124,19,1,0
BRDA:124,20,0,0
BRDA:124,20,1,0
BRDA:125,21,0,0
BRDA:125,21,1,0
BRDA:137,22,0,0
BRDA:137,22,1,0
BRDA:191,23,0,0
BRDA:191,23,1,0
BRDA:203,24,0,0
BRDA:203,24,1,0
BRDA:205,25,0,0
BRDA:205,25,1,0
BRDA:209,26,0,0
BRDA:209,26,1,0
BRDA:209,27,0,0
BRDA:209,27,1,0
BRDA:218,28,0,0
BRDA:218,28,1,0
BRDA:229,29,0,0
BRDA:229,29,1,0
BRDA:229,30,0,0
BRDA:229,30,1,0
BRDA:230,31,0,0
BRDA:230,31,1,0
BRDA:242,32,0,0
BRDA:242,32,1,0
BRDA:247,33,0,0
BRDA:247,33,1,0
BRDA:280,34,0,0
BRDA:283,35,0,0
BRDA:283,35,1,0
BRDA:302,36,0,0
BRDA:302,36,1,0
BRF:73
BRH:0
end_of_record
TN:
SF:src\lib\refund.js
FN:8,(anonymous_0)
FN:42,(anonymous_1)
FN:80,(anonymous_2)
FN:116,(anonymous_3)
FNF:4
FNH:0
FNDA:0,(anonymous_0)
FNDA:0,(anonymous_1)
FNDA:0,(anonymous_2)
FNDA:0,(anonymous_3)
DA:8,0
DA:9,0
DA:10,0
DA:11,0
DA:25,0
DA:26,0
DA:27,0
DA:30,0
DA:31,0
DA:33,0
DA:34,0
DA:42,0
DA:43,0
DA:46,0
DA:49,0
DA:62,0
DA:63,0
DA:66,0
DA:72,0
DA:73,0
DA:80,0
DA:81,0
DA:82,0
DA:85,0
DA:86,0
DA:87,0
DA:89,0
DA:90,0
DA:96,0
DA:97,0
DA:103,0
DA:104,0
DA:110,0
DA:116,0
DA:117,0
DA:119,0
DA:120,0
DA:122,0
DA:124,0
LF:39
LH:0
BRDA:8,0,0,0
BRDA:8,1,0,0
BRDA:8,2,0,0
BRDA:25,3,0,0
BRDA:25,3,1,0
BRDA:27,4,0,0
BRDA:27,4,1,0
BRDA:42,5,0,0
BRDA:62,6,0,0
BRDA:62,6,1,0
BRDA:80,7,0,0
BRDA:81,8,0,0
BRDA:81,8,1,0
BRDA:81,9,0,0
BRDA:81,9,1,0
BRDA:89,10,0,0
BRDA:89,10,1,0
BRDA:96,11,0,0
BRDA:96,11,1,0
BRDA:103,12,0,0
BRDA:103,12,1,0
BRDA:116,13,0,0
BRDA:117,14,0,0
BRDA:117,14,1,0
BRDA:120,15,0,0
BRDA:120,15,1,0
BRF:26
BRH:0
end_of_record
TN:
SF:src\lib\smartContract.js
FN:13,(anonymous_0)
FN:23,(anonymous_1)
FN:40,(anonymous_2)
FN:67,(anonymous_3)
FN:84,(anonymous_4)
FN:103,(anonymous_5)
FN:111,(anonymous_6)
FN:141,(anonymous_7)
FN:204,(anonymous_8)
FNF:9
FNH:0
FNDA:0,(anonymous_0)
FNDA:0,(anonymous_1)
FNDA:0,(anonymous_2)
FNDA:0,(anonymous_3)
FNDA:0,(anonymous_4)
FNDA:0,(anonymous_5)
FNDA:0,(anonymous_6)
FNDA:0,(anonymous_7)
FNDA:0,(anonymous_8)
DA:14,0
DA:15,0
DA:16,0
DA:17,0
DA:24,0
DA:25,0
DA:26,0
DA:28,0
DA:32,0
DA:33,0
DA:34,0
DA:41,0
DA:42,0
DA:45,0
DA:46,0
DA:50,0
DA:56,0
DA:57,0
DA:68,0
DA:69,0
DA:72,0
DA:73,0
DA:74,0
DA:76,0
DA:77,0
DA:85,0
DA:86,0
DA:89,0
DA:90,0
DA:91,0
DA:93,0
DA:94,0
DA:104,0
DA:105,0
DA:112,0
DA:113,0
DA:121,0
DA:122,0
DA:123,0
DA:125,0
DA:130,0
DA:131,0
DA:142,0
DA:143,0
DA:147,0
DA:152,0
DA:153,0
DA:165,0
DA:195,0
DA:204,0
DA:205,0
DA:206,0
DA:210,0
DA:214,0
DA:219,0
DA:220,0
LF:56
LH:0
BRDA:24,0,0,0
BRDA:24,0,1,0
BRDA:25,1,0,0
BRDA:25,1,1,0
BRDA:41,2,0,0
BRDA:41,2,1,0
BRDA:68,3,0,0
BRDA:68,3,1,0
BRDA:85,4,0,0
BRDA:85,4,1,0
BRDA:105,5,0,0
BRDA:105,5,1,0
BRDA:149,6,0,0
BRDA:149,6,1,0
BRDA:196,7,0,0
BRDA:196,7,1,0
BRDA:197,8,0,0
BRDA:197,8,1,0
BRDA:198,9,0,0
BRDA:198,9,1,0
BRDA:204,10,0,0
BRDA:205,11,0,0
BRDA:205,11,1,0
BRDA:205,12,0,0
BRDA:205,12,1,0
BRDA:210,13,0,0
BRDA:210,13,1,0
BRF:27
BRH:0
end_of_record
TN:
SF:src\lib\supabase.js
FN:23,(anonymous_0)
FN:42,(anonymous_1)
FN:48,(anonymous_2)
FN:100,(anonymous_3)
FN:119,(anonymous_4)
FN:138,(anonymous_5)
FN:158,(anonymous_6)
FN:179,(anonymous_7)
FN:190,(anonymous_8)
FN:202,(anonymous_9)
FN:216,(anonymous_10)
FN:227,(anonymous_11)
FN:236,(anonymous_12)
FN:245,(anonymous_13)
FN:263,(anonymous_14)
FN:274,(anonymous_15)
FN:286,(anonymous_16)
FN:303,(anonymous_17)
FN:322,(anonymous_18)
FN:341,(anonymous_19)
FN:360,(anonymous_20)
FN:371,(anonymous_21)
FN:382,(anonymous_22)
FNF:23
FNH:0
FNDA:0,(anonymous_0)
FNDA:0,(anonymous_1)
FNDA:0,(anonymous_2)
FNDA:0,(anonymous_3)
FNDA:0,(anonymous_4)
FNDA:0,(anonymous_5)
FNDA:0,(anonymous_6)
FNDA:0,(anonymous_7)
FNDA:0,(anonymous_8)
FNDA:0,(anonymous_9)
FNDA:0,(anonymous_10)
FNDA:0,(anonymous_11)
FNDA:0,(anonymous_12)
FNDA:0,(anonymous_13)
FNDA:0,(anonymous_14)
FNDA:0,(anonymous_15)
FNDA:0,(anonymous_16)
FNDA:0,(anonymous_17)
FNDA:0,(anonymous_18)
FNDA:0,(anonymous_19)
FNDA:0,(anonymous_20)
FNDA:0,(anonymous_21)
FNDA:0,(anonymous_22)
DA:4,0
DA:5,0
DA:8,0
DA:9,0
DA:12,0
DA:13,0
DA:17,0
DA:23,0
DA:24,0
DA:25,0
DA:26,0
DA:27,0
DA:28,0
DA:30,0
DA:31,0
DA:33,0
DA:34,0
DA:39,0
DA:42,0
DA:43,0
DA:44,0
DA:48,0
DA:49,0
DA:55,0
DA:98,0
DA:101,0
DA:102,0
DA:107,0
DA:108,0
DA:109,0
DA:111,0
DA:113,0
DA:114,0
DA:120,0
DA:121,0
DA:126,0
DA:127,0
DA:128,0
DA:130,0
DA:132,0
DA:133,0
DA:139,0
DA:140,0
DA:146,0
DA:147,0
DA:148,0
DA:150,0
DA:152,0
DA:153,0
DA:159,0
DA:160,0
DA:165,0
DA:166,0
DA:167,0
DA:170,0
DA:171,0
DA:177,0
DA:180,0
DA:185,0
DA:186,0
DA:191,0
DA:197,0
DA:198,0
DA:203,0
DA:208,0
DA:209,0
DA:214,0
DA:217,0
DA:222,0
DA:223,0
DA:228,0
DA:231,0
DA:232,0
DA:237,0
DA:240,0
DA:241,0
DA:246,0
DA:255,0
DA:256,0
DA:261,0
DA:264,0
DA:269,0
DA:270,0
DA:275,0
DA:281,0
DA:282,0
DA:287,0
DA:295,0
DA:296,0
DA:301,0
DA:304,0
DA:305,0
DA:310,0
DA:311,0
DA:312,0
DA:314,0
DA:316,0
DA:317,0
DA:323,0
DA:324,0
DA:329,0
DA:330,0
DA:331,0
DA:333,0
DA:335,0
DA:336,0
DA:342,0
DA:343,0
DA:348,0
DA:349,0
DA:350,0
DA:352,0
DA:354,0
DA:355,0
DA:361,0
DA:366,0
DA:367,0
DA:372,0
DA:377,0
DA:378,0
DA:383,0
DA:388,0
DA:389,0
LF:123
LH:0
BRDA:9,0,0,0
BRDA:9,0,1,0
BRDA:12,1,0,0
BRDA:12,1,1,0
BRDA:12,2,0,0
BRDA:12,2,1,0
BRDA:18,3,0,0
BRDA:18,3,1,0
BRDA:19,4,0,0
BRDA:19,4,1,0
BRDA:26,5,0,0
BRDA:26,5,1,0
BRDA:107,6,0,0
BRDA:107,6,1,0
BRDA:111,7,0,0
BRDA:111,7,1,0
BRDA:126,8,0,0
BRDA:126,8,1,0
BRDA:146,9,0,0
BRDA:146,9,1,0
BRDA:165,10,0,0
BRDA:165,10,1,0
BRDA:185,11,0,0
BRDA:185,11,1,0
BRDA:197,12,0,0
BRDA:197,12,1,0
BRDA:197,13,0,0
BRDA:197,13,1,0
BRDA:208,14,0,0
BRDA:208,14,1,0
BRDA:222,15,0,0
BRDA:222,15,1,0
BRDA:231,16,0,0
BRDA:231,16,1,0
BRDA:240,17,0,0
BRDA:240,17,1,0
BRDA:255,18,0,0
BRDA:255,18,1,0
BRDA:269,19,0,0
BRDA:269,19,1,0
BRDA:281,20,0,0
BRDA:281,20,1,0
BRDA:295,21,0,0
BRDA:295,21,1,0
BRDA:310,22,0,0
BRDA:310,22,1,0
BRDA:314,23,0,0
BRDA:314,23,1,0
BRDA:329,24,0,0
BRDA:329,24,1,0
BRDA:333,25,0,0
BRDA:333,25,1,0
BRDA:348,26,0,0
BRDA:348,26,1,0
BRDA:352,27,0,0
BRDA:352,27,1,0
BRDA:366,28,0,0
BRDA:366,28,1,0
BRDA:377,29,0,0
BRDA:377,29,1,0
BRDA:388,30,0,0
BRDA:388,30,1,0
BRF:62
BRH:0
end_of_record
TN:
SF:src\pages\Admin.jsx
FN:9,Admin
FN:101,(anonymous_1)
FN:108,(anonymous_2)
FN:145,(anonymous_3)
FN:165,(anonymous_4)
FN:192,(anonymous_5)
FN:205,(anonymous_6)
FN:225,(anonymous_7)
FN:226,(anonymous_8)
FN:229,(anonymous_9)
FN:235,(anonymous_10)
FN:244,(anonymous_11)
FN:249,(anonymous_12)
FN:250,(anonymous_13)
FN:260,(anonymous_14)
FN:261,(anonymous_15)
FN:281,(anonymous_16)
FN:284,(anonymous_17)
FN:291,(anonymous_18)
FN:316,(anonymous_19)
FN:328,(anonymous_20)
FN:383,(anonymous_21)
FN:394,(anonymous_22)
FN:486,(anonymous_23)
FN:502,(anonymous_24)
FN:510,(anonymous_25)
FN:516,(anonymous_26)
FN:522,(anonymous_27)
FN:581,(anonymous_28)
FN:620,(anonymous_29)
FN:649,(anonymous_30)
FN:661,(anonymous_31)
FN:669,(anonymous_32)
FN:673,(anonymous_33)
FN:677,(anonymous_34)
FN:693,(anonymous_35)
FN:733,(anonymous_36)
FN:733,(anonymous_37)
FN:737,(anonymous_38)
FN:747,(anonymous_39)
FN:747,(anonymous_40)
FN:759,(anonymous_41)
FN:759,(anonymous_42)
FN:769,(anonymous_43)
FN:769,(anonymous_44)
FN:822,(anonymous_45)
FN:822,(anonymous_46)
FN:831,(anonymous_47)
FN:831,(anonymous_48)
FN:834,(anonymous_49)
FN:845,(anonymous_50)
FN:845,(anonymous_51)
FN:856,(anonymous_52)
FN:856,(anonymous_53)
FN:859,(anonymous_54)
FN:868,(anonymous_55)
FN:868,(anonymous_56)
FN:871,(anonymous_57)
FN:881,(anonymous_58)
FN:881,(anonymous_59)
FN:894,(anonymous_60)
FN:894,(anonymous_61)
FN:904,(anonymous_62)
FN:904,(anonymous_63)
FN:914,(anonymous_64)
FN:914,(anonymous_65)
FN:925,(anonymous_66)
FN:925,(anonymous_67)
FN:936,(anonymous_68)
FN:936,(anonymous_69)
FN:944,(anonymous_70)
FN:949,(anonymous_71)
FNF:72
FNH:0
FNDA:0,Admin
FNDA:0,(anonymous_1)
FNDA:0,(anonymous_2)
FNDA:0,(anonymous_3)
FNDA:0,(anonymous_4)
FNDA:0,(anonymous_5)
FNDA:0,(anonymous_6)
FNDA:0,(anonymous_7)
FNDA:0,(anonymous_8)
FNDA:0,(anonymous_9)
FNDA:0,(anonymous_10)
FNDA:0,(anonymous_11)
FNDA:0,(anonymous_12)
FNDA:0,(anonymous_13)
FNDA:0,(anonymous_14)
FNDA:0,(anonymous_15)
FNDA:0,(anonymous_16)
FNDA:0,(anonymous_17)
FNDA:0,(anonymous_18)
FNDA:0,(anonymous_19)
FNDA:0,(anonymous_20)
FNDA:0,(anonymous_21)
FNDA:0,(anonymous_22)
FNDA:0,(anonymous_23)
FNDA:0,(anonymous_24)
FNDA:0,(anonymous_25)
FNDA:0,(anonymous_26)
FNDA:0,(anonymous_27)
FNDA:0,(anonymous_28)
FNDA:0,(anonymous_29)
FNDA:0,(anonymous_30)
FNDA:0,(anonymous_31)
FNDA:0,(anonymous_32)
FNDA:0,(anonymous_33)
FNDA:0,(anonymous_34)
FNDA:0,(anonymous_35)
FNDA:0,(anonymous_36)
FNDA:0,(anonymous_37)
FNDA:0,(anonymous_38)
FNDA:0,(anonymous_39)
FNDA:0,(anonymous_40)
FNDA:0,(anonymous_41)
FNDA:0,(anonymous_42)
FNDA:0,(anonymous_43)
FNDA:0,(anonymous_44)
FNDA:0,(anonymous_45)
FNDA:0,(anonymous_46)
FNDA:0,(anonymous_47)
FNDA:0,(anonymous_48)
FNDA:0,(anonymous_49)
FNDA:0,(anonymous_50)
FNDA:0,(anonymous_51)
FNDA:0,(anonymous_52)
FNDA:0,(anonymous_53)
FNDA:0,(anonymous_54)
FNDA:0,(anonymous_55)
FNDA:0,(anonymous_56)
FNDA:0,(anonymous_57)
FNDA:0,(anonymous_58)
FNDA:0,(anonymous_59)
FNDA:0,(anonymous_60)
FNDA:0,(anonymous_61)
FNDA:0,(anonymous_62)
FNDA:0,(anonymous_63)
FNDA:0,(anonymous_64)
FNDA:0,(anonymous_65)
FNDA:0,(anonymous_66)
FNDA:0,(anonymous_67)
FNDA:0,(anonymous_68)
FNDA:0,(anonymous_69)
FNDA:0,(anonymous_70)
FNDA:0,(anonymous_71)
DA:10,0
DA:11,0
DA:12,0
DA:13,0
DA:14,0
DA:17,0
DA:18,0
DA:23,0
DA:24,0
DA:25,0
DA:26,0
DA:27,0
DA:35,0
DA:43,0
DA:58,0
DA:81,0
DA:89,0
DA:95,0
DA:101,0
DA:102,0
DA:103,0
DA:104,0
DA:108,0
DA:109,0
DA:110,0
DA:111,0
DA:118,0
DA:119,0
DA:128,0
DA:129,0
DA:130,0
DA:138,0
DA:140,0
DA:145,0
DA:146,0
DA:160,0
DA:161,0
DA:165,0
DA:166,0
DA:167,0
DA:168,0
DA:177,0
DA:178,0
DA:180,0
DA:183,0
DA:184,0
DA:186,0
DA:187,0
DA:192,0
DA:193,0
DA:194,0
DA:195,0
DA:196,0
DA:198,0
DA:199,0
DA:205,0
DA:206,0
DA:220,0
DA:221,0
DA:225,0
DA:226,0
DA:229,0
DA:235,0
DA:236,0
DA:237,0
DA:244,0
DA:246,0
DA:249,0
DA:250,0
DA:252,0
DA:259,0
DA:260,0
DA:261,0
DA:262,0
DA:264,0
DA:265,0
DA:275,0
DA:276,0
DA:277,0
DA:278,0
DA:281,0
DA:284,0
DA:285,0
DA:287,0
DA:291,0
DA:292,0
DA:293,0
DA:294,0
DA:300,0
DA:302,0
DA:305,0
DA:308,0
DA:309,0
DA:311,0
DA:312,0
DA:316,0
DA:317,0
DA:324,0
DA:325,0
DA:328,0
DA:329,0
DA:331,0
DA:333,0
DA:334,0
DA:336,0
DA:337,0
DA:341,0
DA:350,0
DA:351,0
DA:361,0
DA:383,0
DA:394,0
DA:486,0
DA:502,0
DA:511,0
DA:516,0
DA:522,0
DA:582,0
DA:621,0
DA:649,0
DA:661,0
DA:670,0
DA:673,0
DA:678,0
DA:679,0
DA:686,0
DA:693,0
DA:733,0
DA:738,0
DA:747,0
DA:759,0
DA:769,0
DA:822,0
DA:831,0
DA:835,0
DA:845,0
DA:856,0
DA:860,0
DA:868,0
DA:872,0
DA:881,0
DA:894,0
DA:904,0
DA:914,0
DA:925,0
DA:936,0
DA:945,0
DA:949,0
LF:148
LH:0
BRDA:103,0,0,0
BRDA:103,0,1,0
BRDA:118,1,0,0
BRDA:118,1,1,0
BRDA:120,2,0,0
BRDA:120,2,1,0
BRDA:121,3,0,0
BRDA:121,3,1,0
BRDA:122,4,0,0
BRDA:122,4,1,0
BRDA:123,5,0,0
BRDA:123,5,1,0
BRDA:124,6,0,0
BRDA:124,6,1,0
BRDA:177,7,0,0
BRDA:177,7,1,0
BRDA:193,8,0,0
BRDA:193,8,1,0
BRDA:218,9,0,0
BRDA:218,9,1,0
BRDA:228,10,0,0
BRDA:228,10,1,0
BRDA:244,11,0,0
BRDA:244,11,1,0
BRDA:249,12,0,0
BRDA:249,12,1,0
BRDA:264,13,0,0
BRDA:264,13,1,0
BRDA:267,14,0,0
BRDA:267,14,1,0
BRDA:267,14,2,0
BRDA:268,15,0,0
BRDA:268,15,1,0
BRDA:276,16,0,0
BRDA:276,16,1,0
BRDA:284,17,0,0
BRDA:284,17,1,0
BRDA:300,18,0,0
BRDA:300,18,1,0
BRDA:329,19,0,0
BRDA:329,19,1,0
BRDA:350,20,0,0
BRDA:350,20,1,0
BRDA:385,21,0,0
BRDA:385,21,1,0
BRDA:396,22,0,0
BRDA:396,22,1,0
BRDA:411,23,0,0
BRDA:411,23,1,0
BRDA:480,24,0,0
BRDA:480,24,1,0
BRDA:494,25,0,0
BRDA:494,25,1,0
BRDA:564,26,0,0
BRDA:564,26,1,0
BRDA:588,27,0,0
BRDA:588,27,1,0
BRDA:593,28,0,0
BRDA:593,28,1,0
BRDA:597,29,0,0
BRDA:597,29,1,0
BRDA:614,30,0,0
BRDA:614,30,1,0
BRDA:623,31,0,0
BRDA:623,31,1,0
BRDA:657,32,0,0
BRDA:657,32,1,0
BRDA:673,33,0,0
BRDA:673,33,1,0
BRDA:700,34,0,0
BRDA:700,34,1,0
BRDA:713,35,0,0
BRDA:713,35,1,0
BRDA:718,36,0,0
BRDA:718,36,1,0
BRDA:782,37,0,0
BRDA:782,37,1,0
BRDA:800,38,0,0
BRDA:800,38,1,0
BRDA:800,38,2,0
BRDA:805,39,0,0
BRDA:805,39,1,0
BRDA:964,40,0,0
BRDA:964,40,1,0
BRF:84
BRH:0
end_of_record
TN:
SF:src\pages\Donation.jsx
FN:19,Donation
FN:46,(anonymous_1)
FN:61,(anonymous_2)
FN:78,(anonymous_3)
FN:104,(anonymous_4)
FN:111,(anonymous_5)
FN:120,(anonymous_6)
FN:161,(anonymous_7)
FN:242,(anonymous_8)
FN:259,(anonymous_9)
FN:305,(anonymous_10)
FN:315,(anonymous_11)
FN:321,(anonymous_12)
FN:326,(anonymous_13)
FN:332,(anonymous_14)
FN:335,(anonymous_15)
FN:371,(anonymous_16)
FN:453,(anonymous_17)
FN:459,(anonymous_18)
FN:465,(anonymous_19)
FN:471,(anonymous_20)
FN:496,(anonymous_21)
FN:512,(anonymous_22)
FN:536,(anonymous_23)
FN:539,(anonymous_24)
FN:564,(anonymous_25)
FN:571,(anonymous_26)
FN:595,(anonymous_27)
FN:670,(anonymous_28)
FN:713,(anonymous_29)
FN:752,(anonymous_30)
FN:786,(anonymous_31)
FNF:32
FNH:0
FNDA:0,Donation
FNDA:0,(anonymous_1)
FNDA:0,(anonymous_2)
FNDA:0,(anonymous_3)
FNDA:0,(anonymous_4)
FNDA:0,(anonymous_5)
FNDA:0,(anonymous_6)
FNDA:0,(anonymous_7)
FNDA:0,(anonymous_8)
FNDA:0,(anonymous_9)
FNDA:0,(anonymous_10)
FNDA:0,(anonymous_11)
FNDA:0,(anonymous_12)
FNDA:0,(anonymous_13)
FNDA:0,(anonymous_14)
FNDA:0,(anonymous_15)
FNDA:0,(anonymous_16)
FNDA:0,(anonymous_17)
FNDA:0,(anonymous_18)
FNDA:0,(anonymous_19)
FNDA:0,(anonymous_20)
FNDA:0,(anonymous_21)
FNDA:0,(anonymous_22)
FNDA:0,(anonymous_23)
FNDA:0,(anonymous_24)
FNDA:0,(anonymous_25)
FNDA:0,(anonymous_26)
FNDA:0,(anonymous_27)
FNDA:0,(anonymous_28)
FNDA:0,(anonymous_29)
FNDA:0,(anonymous_30)
FNDA:0,(anonymous_31)
DA:20,0
DA:22,0
DA:23,0
DA:24,0
DA:25,0
DA:28,0
DA:29,0
DA:30,0
DA:31,0
DA:32,0
DA:33,0
DA:34,0
DA:35,0
DA:36,0
DA:39,0
DA:46,0
DA:47,0
DA:48,0
DA:49,0
DA:50,0
DA:51,0
DA:52,0
DA:53,0
DA:55,0
DA:56,0
DA:61,0
DA:62,0
DA:63,0
DA:65,0
DA:67,0
DA:69,0
DA:70,0
DA:72,0
DA:77,0
DA:79,0
DA:80,0
DA:89,0
DA:96,0
DA:97,0
DA:98,0
DA:100,0
DA:101,0
DA:105,0
DA:106,0
DA:111,0
DA:112,0
DA:113,0
DA:114,0
DA:115,0
DA:116,0
DA:120,0
DA:121,0
DA:122,0
DA:123,0
DA:126,0
DA:127,0
DA:128,0
DA:131,0
DA:132,0
DA:133,0
DA:134,0
DA:135,0
DA:138,0
DA:139,0
DA:141,0
DA:143,0
DA:144,0
DA:145,0
DA:146,0
DA:147,0
DA:149,0
DA:152,0
DA:155,0
DA:156,0
DA:161,0
DA:162,0
DA:163,0
DA:164,0
DA:168,0
DA:169,0
DA:170,0
DA:171,0
DA:174,0
DA:176,0
DA:178,0
DA:179,0
DA:180,0
DA:184,0
DA:187,0
DA:194,0
DA:195,0
DA:200,0
DA:201,0
DA:203,0
DA:206,0
DA:208,0
DA:212,0
DA:220,0
DA:221,0
DA:231,0
DA:242,0
DA:243,0
DA:245,0
DA:246,0
DA:248,0
DA:251,0
DA:252,0
DA:254,0
DA:259,0
DA:260,0
DA:262,0
DA:263,0
DA:277,0
DA:278,0
DA:281,0
DA:284,0
DA:285,0
DA:295,0
DA:305,0
DA:306,0
DA:307,0
DA:309,0
DA:310,0
DA:315,0
DA:316,0
DA:317,0
DA:321,0
DA:322,0
DA:323,0
DA:324,0
DA:325,0
DA:326,0
DA:328,0
DA:332,0
DA:333,0
DA:335,0
DA:336,0
DA:339,0
DA:374,0
DA:375,0
DA:376,0
DA:377,0
DA:379,0
DA:453,0
DA:459,0
DA:465,0
DA:471,0
DA:497,0
DA:498,0
DA:499,0
DA:512,0
DA:537,0
DA:539,0
DA:564,0
DA:571,0
DA:595,0
DA:671,0
DA:714,0
DA:716,0
DA:720,0
DA:752,0
DA:786,0
LF:162
LH:0
BRDA:49,0,0,0
BRDA:49,0,1,0
BRDA:67,1,0,0
BRDA:67,1,1,0
BRDA:92,2,0,0
BRDA:92,2,1,0
BRDA:120,3,0,0
BRDA:121,4,0,0
BRDA:121,4,1,0
BRDA:127,5,0,0
BRDA:127,5,1,0
BRDA:127,6,0,0
BRDA:127,6,1,0
BRDA:133,7,0,0
BRDA:133,7,1,0
BRDA:134,8,0,0
BRDA:134,8,1,0
BRDA:143,9,0,0
BRDA:143,9,1,0
BRDA:144,10,0,0
BRDA:144,10,1,0
BRDA:144,11,0,0
BRDA:144,11,1,0
BRDA:162,12,0,0
BRDA:162,12,1,0
BRDA:162,13,0,0
BRDA:162,13,1,0
BRDA:169,14,0,0
BRDA:169,14,1,0
BRDA:179,15,0,0
BRDA:179,15,1,0
BRDA:184,16,0,0
BRDA:184,16,1,0
BRDA:194,17,0,0
BRDA:194,17,1,0
BRDA:195,18,0,0
BRDA:195,18,1,0
BRDA:200,19,0,0
BRDA:200,19,1,0
BRDA:206,20,0,0
BRDA:206,20,1,0
BRDA:220,21,0,0
BRDA:220,21,1,0
BRDA:220,22,0,0
BRDA:220,22,1,0
BRDA:226,23,0,0
BRDA:226,23,1,0
BRDA:238,24,0,0
BRDA:238,24,1,0
BRDA:245,25,0,0
BRDA:245,25,1,0
BRDA:252,26,0,0
BRDA:252,26,1,0
BRDA:272,27,0,0
BRDA:272,27,1,0
BRDA:277,28,0,0
BRDA:277,28,1,0
BRDA:284,29,0,0
BRDA:284,29,1,0
BRDA:284,30,0,0
BRDA:284,30,1,0
BRDA:302,31,0,0
BRDA:302,31,1,0
BRDA:317,32,0,0
BRDA:317,32,1,0
BRDA:332,33,0,0
BRDA:332,33,1,0
BRDA:336,34,0,0
BRDA:336,34,1,0
BRDA:360,35,0,0
BRDA:360,35,1,0
BRDA:369,36,0,0
BRDA:369,36,1,0
BRDA:369,36,2,0
BRDA:374,37,0,0
BRDA:374,37,1,0
BRDA:376,38,0,0
BRDA:376,38,1,0
BRDA:376,39,0,0
BRDA:376,39,1,0
BRDA:392,40,0,0
BRDA:392,40,1,0
BRDA:417,41,0,0
BRDA:417,41,1,0
BRDA:417,41,2,0
BRDA:423,42,0,0
BRDA:423,42,1,0
BRDA:484,43,0,0
BRDA:484,43,1,0
BRDA:484,43,2,0
BRDA:484,43,3,0
BRDA:498,44,0,0
BRDA:498,44,1,0
BRDA:503,45,0,0
BRDA:503,45,1,0
BRDA:514,46,0,0
BRDA:514,46,1,0
BRDA:526,47,0,0
BRDA:526,47,1,0
BRDA:540,48,0,0
BRDA:540,48,1,0
BRDA:579,49,0,0
BRDA:579,49,1,0
BRDA:590,50,0,0
BRDA:590,50,1,0
BRDA:597,51,0,0
BRDA:597,51,1,0
BRDA:598,52,0,0
BRDA:598,52,1,0
BRDA:601,53,0,0
BRDA:601,53,1,0
BRDA:607,54,0,0
BRDA:607,54,1,0
BRDA:608,55,0,0
BRDA:608,55,1,0
BRDA:608,56,0,0
BRDA:608,56,1,0
BRDA:615,57,0,0
BRDA:615,57,1,0
BRDA:616,58,0,0
BRDA:616,58,1,0
BRDA:630,59,0,0
BRDA:630,59,1,0
BRDA:633,60,0,0
BRDA:633,60,1,0
BRDA:659,61,0,0
BRDA:659,61,1,0
BRDA:664,62,0,0
BRDA:664,62,1,0
BRDA:691,63,0,0
BRDA:691,63,1,0
BRDA:716,64,0,0
BRDA:716,64,1,0
BRDA:716,64,2,0
BRDA:716,64,3,0
BRDA:725,65,0,0
BRDA:725,65,1,0
BRDA:725,65,2,0
BRDA:730,66,0,0
BRDA:730,66,1,0
BRDA:738,67,0,0
BRDA:738,67,1,0
BRDA:740,68,0,0
BRDA:740,68,1,0
BRDA:744,69,0,0
BRDA:744,69,1,0
BRDA:746,70,0,0
BRDA:746,70,1,0
BRDA:750,71,0,0
BRDA:750,71,1,0
BRDA:771,72,0,0
BRDA:771,72,1,0
BRF:152
BRH:0
end_of_record
TN:
SF:src\pages\GlobalBusan.jsx
FN:8,GlobalBusan
FN:27,(anonymous_1)
FN:32,(anonymous_2)
FN:60,(anonymous_3)
FN:62,(anonymous_4)
FN:68,(anonymous_5)
FN:108,(anonymous_6)
FN:196,(anonymous_7)
FN:231,(anonymous_8)
FN:231,(anonymous_9)
FN:241,(anonymous_10)
FN:241,(anonymous_11)
FN:348,(anonymous_12)
FN:349,(anonymous_13)
FN:359,(anonymous_14)
FNF:15
FNH:0
FNDA:0,GlobalBusan
FNDA:0,(anonymous_1)
FNDA:0,(anonymous_2)
FNDA:0,(anonymous_3)
FNDA:0,(anonymous_4)
FNDA:0,(anonymous_5)
FNDA:0,(anonymous_6)
FNDA:0,(anonymous_7)
FNDA:0,(anonymous_8)
FNDA:0,(anonymous_9)
FNDA:0,(anonymous_10)
FNDA:0,(anonymous_11)
FNDA:0,(anonymous_12)
FNDA:0,(anonymous_13)
FNDA:0,(anonymous_14)
DA:9,0
DA:10,0
DA:16,0
DA:24,0
DA:25,0
DA:27,0
DA:29,0
DA:32,0
DA:33,0
DA:35,0
DA:47,0
DA:56,0
DA:60,0
DA:61,0
DA:62,0
DA:68,0
DA:69,0
DA:70,0
DA:72,0
DA:74,0
DA:86,0
DA:87,0
DA:89,0
DA:92,0
DA:101,0
DA:102,0
DA:104,0
DA:108,0
DA:109,0
DA:110,0
DA:111,0
DA:112,0
DA:113,0
DA:117,0
DA:197,0
DA:231,0
DA:241,0
DA:349,0
DA:350,0
DA:352,0
DA:360,0
LF:41
LH:0
BRDA:75,0,0,0
BRDA:75,0,1,0
BRDA:79,1,0,0
BRDA:79,1,1,0
BRDA:109,2,0,0
BRDA:109,2,1,0
BRDA:109,2,2,0
BRDA:109,2,3,0
BRDA:155,3,0,0
BRDA:155,3,1,0
BRDA:167,4,0,0
BRDA:167,4,1,0
BRDA:188,5,0,0
BRDA:188,5,1,0
BRDA:232,6,0,0
BRDA:232,6,1,0
BRDA:242,7,0,0
BRDA:242,7,1,0
BRDA:323,8,0,0
BRDA:323,8,1,0
BRDA:350,9,0,0
BRDA:350,9,1,0
BRDA:368,10,0,0
BRDA:368,10,1,0
BRDA:368,11,0,0
BRDA:368,11,1,0
BRDA:386,12,0,0
BRDA:386,12,1,0
BRF:28
BRH:0
end_of_record
TN:
SF:src\pages\Home.jsx
FN:12,Home
FNF:1
FNH:0
FNDA:0,Home
DA:13,0
DA:15,0
DA:39,0
LF:3
LH:0
BRF:0
BRH:0
end_of_record
TN:
SF:src\pages\Invest.jsx
FN:12,Invest
FN:30,(anonymous_1)
FN:46,(anonymous_2)
FN:52,(anonymous_3)
FN:58,(anonymous_4)
FN:71,(anonymous_5)
FN:95,(anonymous_6)
FN:122,(anonymous_7)
FN:129,(anonymous_8)
FN:130,(anonymous_9)
FN:239,(anonymous_10)
FN:251,(anonymous_11)
FN:290,(anonymous_12)
FN:302,(anonymous_13)
FN:337,(anonymous_14)
FN:345,(anonymous_15)
FN:368,(anonymous_16)
FN:410,(anonymous_17)
FN:448,(anonymous_18)
FNF:19
FNH:0
FNDA:0,Invest
FNDA:0,(anonymous_1)
FNDA:0,(anonymous_2)
FNDA:0,(anonymous_3)
FNDA:0,(anonymous_4)
FNDA:0,(anonymous_5)
FNDA:0,(anonymous_6)
FNDA:0,(anonymous_7)
FNDA:0,(anonymous_8)
FNDA:0,(anonymous_9)
FNDA:0,(anonymous_10)
FNDA:0,(anonymous_11)
FNDA:0,(anonymous_12)
FNDA:0,(anonymous_13)
FNDA:0,(anonymous_14)
FNDA:0,(anonymous_15)
FNDA:0,(anonymous_16)
FNDA:0,(anonymous_17)
FNDA:0,(anonymous_18)
DA:13,0
DA:14,0
DA:16,0
DA:17,0
DA:20,0
DA:21,0
DA:22,0
DA:25,0
DA:26,0
DA:27,0
DA:28,0
DA:30,0
DA:31,0
DA:32,0
DA:33,0
DA:34,0
DA:35,0
DA:36,0
DA:37,0
DA:38,0
DA:40,0
DA:41,0
DA:46,0
DA:47,0
DA:48,0
DA:49,0
DA:52,0
DA:53,0
DA:55,0
DA:58,0
DA:59,0
DA:61,0
DA:63,0
DA:64,0
DA:65,0
DA:67,0
DA:71,0
DA:72,0
DA:74,0
DA:75,0
DA:77,0
DA:79,0
DA:82,0
DA:85,0
DA:87,0
DA:89,0
DA:94,0
DA:96,0
DA:97,0
DA:106,0
DA:113,0
DA:114,0
DA:115,0
DA:116,0
DA:118,0
DA:119,0
DA:123,0
DA:124,0
DA:129,0
DA:130,0
DA:131,0
DA:132,0
DA:134,0
DA:240,0
DA:251,0
DA:291,0
DA:302,0
DA:337,0
DA:346,0
DA:368,0
DA:411,0
DA:449,0
LF:72
LH:0
BRDA:33,0,0,0
BRDA:33,0,1,0
BRDA:52,1,0,0
BRDA:52,1,1,0
BRDA:58,2,0,0
BRDA:58,2,1,0
BRDA:59,3,0,0
BRDA:59,3,1,0
BRDA:59,4,0,0
BRDA:59,4,1,0
BRDA:72,5,0,0
BRDA:72,5,1,0
BRDA:79,6,0,0
BRDA:79,6,1,0
BRDA:109,7,0,0
BRDA:109,7,1,0
BRDA:129,8,0,0
BRDA:129,8,1,0
BRDA:130,9,0,0
BRDA:130,9,1,0
BRDA:158,10,0,0
BRDA:158,10,1,0
BRDA:182,11,0,0
BRDA:182,11,1,0
BRDA:228,12,0,0
BRDA:228,12,1,0
BRDA:233,13,0,0
BRDA:233,13,1,0
BRDA:279,14,0,0
BRDA:279,14,1,0
BRDA:284,15,0,0
BRDA:284,15,1,0
BRDA:328,16,0,0
BRDA:328,16,1,0
BRDA:333,17,0,0
BRDA:333,17,1,0
BRDA:353,18,0,0
BRDA:353,18,1,0
BRDA:359,19,0,0
BRDA:359,19,1,0
BRDA:361,20,0,0
BRDA:361,20,1,0
BRDA:374,21,0,0
BRDA:374,21,1,0
BRDA:393,22,0,0
BRDA:393,22,1,0
BRDA:398,23,0,0
BRDA:398,23,1,0
BRDA:427,24,0,0
BRDA:427,24,1,0
BRDA:441,25,0,0
BRDA:441,25,1,0
BRDA:453,26,0,0
BRDA:453,26,1,0
BRDA:454,27,0,0
BRDA:454,27,1,0
BRF:56
BRH:0
end_of_record
TN:
SF:src\pages\ProjectApplication.jsx
FN:6,ProjectApplication
FN:49,(anonymous_1)
FN:51,(anonymous_2)
FN:57,(anonymous_3)
FN:60,(anonymous_4)
FN:65,(anonymous_5)
FN:72,(anonymous_6)
FN:73,(anonymous_7)
FN:75,(anonymous_8)
FN:79,(anonymous_9)
FN:116,(anonymous_10)
FN:141,(anonymous_11)
FN:177,(anonymous_12)
FN:233,(anonymous_13)
FN:338,(anonymous_14)
FN:359,(anonymous_15)
FN:366,(anonymous_16)
FN:374,(anonymous_17)
FNF:18
FNH:0
FNDA:0,ProjectApplication
FNDA:0,(anonymous_1)
FNDA:0,(anonymous_2)
FNDA:0,(anonymous_3)
FNDA:0,(anonymous_4)
FNDA:0,(anonymous_5)
FNDA:0,(anonymous_6)
FNDA:0,(anonymous_7)
FNDA:0,(anonymous_8)
FNDA:0,(anonymous_9)
FNDA:0,(anonymous_10)
FNDA:0,(anonymous_11)
FNDA:0,(anonymous_12)
FNDA:0,(anonymous_13)
FNDA:0,(anonymous_14)
FNDA:0,(anonymous_15)
FNDA:0,(anonymous_16)
FNDA:0,(anonymous_17)
DA:7,0
DA:20,0
DA:21,0
DA:23,0
DA:47,0
DA:49,0
DA:50,0
DA:51,0
DA:57,0
DA:58,0
DA:59,0
DA:60,0
DA:64,0
DA:65,0
DA:72,0
DA:73,0
DA:75,0
DA:79,0
DA:80,0
DA:81,0
DA:83,0
DA:85,0
DA:88,0
DA:89,0
DA:90,0
DA:91,0
DA:92,0
DA:93,0
DA:94,0
DA:95,0
DA:99,0
DA:100,0
DA:104,0
DA:113,0
DA:116,0
DA:117,0
DA:129,0
DA:133,0
DA:134,0
DA:136,0
DA:141,0
DA:142,0
DA:144,0
DA:145,0
DA:148,0
DA:177,0
DA:234,0
DA:338,0
DA:359,0
DA:367,0
DA:374,0
LF:51
LH:0
BRDA:59,0,0,0
BRDA:59,0,1,0
BRDA:62,1,0,0
BRDA:62,1,1,0
BRDA:64,2,0,0
BRDA:64,2,1,0
BRDA:99,3,0,0
BRDA:99,3,1,0
BRDA:169,4,0,0
BRDA:169,4,1,0
BRDA:331,5,0,0
BRDA:331,5,1,0
BRDA:364,6,0,0
BRDA:364,6,1,0
BRDA:395,7,0,0
BRDA:395,7,1,0
BRF:16
BRH:0
end_of_record
TN:
SF:src\pages\ProjectDetail.jsx
FN:10,ProjectDetail
FN:16,(anonymous_1)
FN:20,(anonymous_2)
FN:24,(anonymous_3)
FN:34,(anonymous_4)
FN:45,(anonymous_5)
FN:49,(anonymous_6)
FN:77,(anonymous_7)
FN:99,(anonymous_8)
FN:170,(anonymous_9)
FN:181,(anonymous_10)
FNF:11
FNH:0
FNDA:0,ProjectDetail
FNDA:0,(anonymous_1)
FNDA:0,(anonymous_2)
FNDA:0,(anonymous_3)
FNDA:0,(anonymous_4)
FNDA:0,(anonymous_5)
FNDA:0,(anonymous_6)
FNDA:0,(anonymous_7)
FNDA:0,(anonymous_8)
FNDA:0,(anonymous_9)
FNDA:0,(anonymous_10)
DA:11,0
DA:12,0
DA:13,0
DA:14,0
DA:16,0
DA:17,0
DA:20,0
DA:21,0
DA:22,0
DA:23,0
DA:24,0
DA:25,0
DA:27,0
DA:28,0
DA:30,0
DA:34,0
DA:35,0
DA:36,0
DA:37,0
DA:38,0
DA:39,0
DA:40,0
DA:41,0
DA:45,0
DA:46,0
DA:49,0
DA:50,0
DA:51,0
DA:52,0
DA:53,0
DA:54,0
DA:58,0
DA:59,0
DA:69,0
DA:70,0
DA:77,0
DA:90,0
DA:92,0
DA:99,0
DA:171,0
DA:183,0
DA:184,0
DA:185,0
DA:186,0
DA:187,0
DA:191,0
LF:46
LH:0
BRDA:25,0,0,0
BRDA:25,0,1,0
BRDA:35,1,0,0
BRDA:35,1,1,0
BRDA:35,1,2,0
BRDA:35,1,3,0
BRDA:35,1,4,0
BRDA:35,1,5,0
BRDA:46,2,0,0
BRDA:46,2,1,0
BRDA:50,3,0,0
BRDA:50,3,1,0
BRDA:50,3,2,0
BRDA:50,3,3,0
BRDA:58,4,0,0
BRDA:58,4,1,0
BRDA:69,5,0,0
BRDA:69,5,1,0
BRDA:184,6,0,0
BRDA:184,6,1,0
BRF:20
BRH:0
end_of_record
TN:
SF:src\pages\Projects.jsx
FN:13,Projects
FN:54,(anonymous_1)
FN:65,(anonymous_2)
FN:70,(anonymous_3)
FN:81,(anonymous_4)
FN:108,(anonymous_5)
FN:115,(anonymous_6)
FN:130,(anonymous_7)
FN:140,(anonymous_8)
FN:141,(anonymous_9)
FN:143,(anonymous_10)
FN:167,(anonymous_11)
FN:211,(anonymous_12)
FN:241,(anonymous_13)
FN:268,(anonymous_14)
FN:305,(anonymous_15)
FN:310,(anonymous_16)
FN:340,(anonymous_17)
FN:359,(anonymous_18)
FN:428,(anonymous_19)
FN:439,(anonymous_20)
FN:445,(anonymous_21)
FNF:22
FNH:0
FNDA:0,Projects
FNDA:0,(anonymous_1)
FNDA:0,(anonymous_2)
FNDA:0,(anonymous_3)
FNDA:0,(anonymous_4)
FNDA:0,(anonymous_5)
FNDA:0,(anonymous_6)
FNDA:0,(anonymous_7)
FNDA:0,(anonymous_8)
FNDA:0,(anonymous_9)
FNDA:0,(anonymous_10)
FNDA:0,(anonymous_11)
FNDA:0,(anonymous_12)
FNDA:0,(anonymous_13)
FNDA:0,(anonymous_14)
FNDA:0,(anonymous_15)
FNDA:0,(anonymous_16)
FNDA:0,(anonymous_17)
FNDA:0,(anonymous_18)
FNDA:0,(anonymous_19)
FNDA:0,(anonymous_20)
FNDA:0,(anonymous_21)
DA:14,0
DA:15,0
DA:16,0
DA:17,0
DA:18,0
DA:19,0
DA:20,0
DA:21,0
DA:29,0
DA:54,0
DA:55,0
DA:56,0
DA:57,0
DA:58,0
DA:59,0
DA:60,0
DA:61,0
DA:65,0
DA:66,0
DA:70,0
DA:71,0
DA:72,0
DA:73,0
DA:74,0
DA:75,0
DA:80,0
DA:82,0
DA:83,0
DA:92,0
DA:99,0
DA:100,0
DA:101,0
DA:102,0
DA:104,0
DA:105,0
DA:109,0
DA:110,0
DA:115,0
DA:116,0
DA:117,0
DA:118,0
DA:119,0
DA:120,0
DA:121,0
DA:122,0
DA:124,0
DA:125,0
DA:130,0
DA:131,0
DA:132,0
DA:133,0
DA:136,0
DA:137,0
DA:140,0
DA:141,0
DA:142,0
DA:143,0
DA:146,0
DA:153,0
DA:154,0
DA:155,0
DA:162,0
DA:167,0
DA:169,0
DA:171,0
DA:172,0
DA:176,0
DA:177,0
DA:179,0
DA:181,0
DA:182,0
DA:185,0
DA:186,0
DA:187,0
DA:189,0
DA:190,0
DA:191,0
DA:194,0
DA:195,0
DA:196,0
DA:199,0
DA:200,0
DA:201,0
DA:205,0
DA:209,0
DA:211,0
DA:214,0
DA:215,0
DA:216,0
DA:218,0
DA:219,0
DA:229,0
DA:241,0
DA:268,0
DA:306,0
DA:307,0
DA:310,0
DA:340,0
DA:360,0
DA:361,0
DA:363,0
DA:429,0
DA:439,0
DA:445,0
LF:104
LH:0
BRDA:55,0,0,0
BRDA:55,0,1,0
BRDA:55,0,2,0
BRDA:55,0,3,0
BRDA:55,0,4,0
BRDA:55,0,5,0
BRDA:66,1,0,0
BRDA:66,1,1,0
BRDA:71,2,0,0
BRDA:71,2,1,0
BRDA:71,2,2,0
BRDA:71,2,3,0
BRDA:95,3,0,0
BRDA:95,3,1,0
BRDA:118,4,0,0
BRDA:118,4,1,0
BRDA:136,5,0,0
BRDA:136,5,1,0
BRDA:140,6,0,0
BRDA:140,6,1,0
BRDA:141,7,0,0
BRDA:141,7,1,0
BRDA:142,8,0,0
BRDA:142,8,1,0
BRDA:143,9,0,0
BRDA:143,9,1,0
BRDA:169,10,0,0
BRDA:169,10,1,0
BRDA:181,11,0,0
BRDA:181,11,1,0
BRDA:187,12,0,0
BRDA:187,12,1,0
BRDA:187,13,0,0
BRDA:187,13,1,0
BRDA:199,14,0,0
BRDA:199,14,1,0
BRDA:199,15,0,0
BRDA:199,15,1,0
BRDA:209,16,0,0
BRDA:209,16,1,0
BRDA:218,17,0,0
BRDA:218,17,1,0
BRDA:266,18,0,0
BRDA:266,18,1,0
BRDA:311,19,0,0
BRDA:311,19,1,0
BRDA:328,20,0,0
BRDA:328,20,1,0
BRDA:333,21,0,0
BRDA:333,21,1,0
BRDA:338,22,0,0
BRDA:338,22,1,0
BRF:52
BRH:0
end_of_record
TN:
SF:src\pages\Roadmap.jsx
FN:13,Roadmap
FN:97,(anonymous_1)
FN:144,(anonymous_2)
FN:204,(anonymous_3)
FNF:4
FNH:0
FNDA:0,Roadmap
FNDA:0,(anonymous_1)
FNDA:0,(anonymous_2)
FNDA:0,(anonymous_3)
DA:11,0
DA:14,0
DA:97,0
DA:98,0
DA:116,0
DA:118,0
DA:145,0
DA:146,0
DA:205,0
LF:9
LH:0
BRDA:153,0,0,0
BRDA:153,0,1,0
BRDA:155,1,0,0
BRDA:155,1,1,0
BRDA:160,2,0,0
BRDA:160,2,1,0
BRDA:162,3,0,0
BRDA:162,3,1,0
BRDA:208,4,0,0
BRDA:208,4,1,0
BRDA:213,5,0,0
BRDA:213,5,1,0
BRDA:219,6,0,0
BRDA:219,6,1,0
BRF:14
BRH:0
end_of_record
TN:
SF:src\pages\Statistics.jsx
FN:10,Statistics
FN:19,(anonymous_1)
FN:23,(anonymous_2)
FN:52,(anonymous_3)
FN:61,(anonymous_4)
FN:202,(anonymous_5)
FN:240,(anonymous_6)
FN:268,(anonymous_7)
FN:276,(anonymous_8)
FN:284,(anonymous_9)
FNF:10
FNH:0
FNDA:0,Statistics
FNDA:0,(anonymous_1)
FNDA:0,(anonymous_2)
FNDA:0,(anonymous_3)
FNDA:0,(anonymous_4)
FNDA:0,(anonymous_5)
FNDA:0,(anonymous_6)
FNDA:0,(anonymous_7)
FNDA:0,(anonymous_8)
FNDA:0,(anonymous_9)
DA:11,0
DA:12,0
DA:13,0
DA:14,0
DA:15,0
DA:16,0
DA:17,0
DA:19,0
DA:20,0
DA:23,0
DA:24,0
DA:25,0
DA:32,0
DA:40,0
DA:41,0
DA:42,0
DA:43,0
DA:44,0
DA:46,0
DA:48,0
DA:52,0
DA:53,0
DA:61,0
DA:62,0
DA:68,0
DA:69,0
DA:79,0
DA:203,0
DA:241,0
DA:268,0
DA:276,0
DA:284,0
LF:32
LH:0
BRDA:40,0,0,0
BRDA:40,0,1,0
BRDA:41,1,0,0
BRDA:41,1,1,0
BRDA:42,2,0,0
BRDA:42,2,1,0
BRDA:43,3,0,0
BRDA:43,3,1,0
BRDA:44,4,0,0
BRDA:44,4,1,0
BRDA:68,5,0,0
BRDA:68,5,1,0
BRDA:109,6,0,0
BRDA:109,6,1,0
BRDA:114,7,0,0
BRDA:114,7,1,0
BRDA:119,8,0,0
BRDA:119,8,1,0
BRDA:124,9,0,0
BRDA:124,9,1,0
BRDA:141,10,0,0
BRDA:141,10,1,0
BRDA:145,11,0,0
BRDA:145,11,1,0
BRDA:149,12,0,0
BRDA:149,12,1,0
BRDA:153,13,0,0
BRDA:153,13,1,0
BRDA:163,14,0,0
BRDA:163,14,1,0
BRDA:167,15,0,0
BRDA:167,15,1,0
BRDA:171,16,0,0
BRDA:171,16,1,0
BRDA:175,17,0,0
BRDA:175,17,1,0
BRF:36
BRH:0
end_of_record
